#
# A fatal error has been detected by the Java Runtime Environment:
#
#  SIGSEGV (0xb) at pc=0x000000010e319b9d, pid=3137, tid=24579
#
# JRE version: Java(TM) SE Runtime Environment (17.0+35) (build 17+35-LTS-2724)
# Java VM: Java HotSpot(TM) 64-Bit Server VM (17+35-LTS-2724, mixed mode, sharing, tiered, compressed oops, compressed class ptrs, g1 gc, bsd-amd64)
# Problematic frame:
# V  [libjvm.dylib+0xa07b9d]  _ZNK4Type11meet_helperEPKS_b+0xd
#
# No core dump will be written. Core dumps have been disabled. To enable core dumping, try "ulimit -c unlimited" before starting Java again
#
# If you would like to submit a bug report, please visit:
#   https://bugreport.java.com/bugreport/crash.jsp
#

---------------  S U M M A R Y ------------

Command Line: -Dfile.encoding=UTF-8 -Duser.country=IN -Duser.language=en -Duser.variant com.mygdx.tankstars.DesktopLauncher

Host: "MacBookAir10,1" x86_64 (EMULATED) 2400 MHz, 8 cores, 8G, Darwin 21.4.0, macOS 12.3 (21E230)
Time: Mon Nov 21 03:34:07 2022 IST elapsed time: 2.072948 seconds (0d 0h 0m 2s)

---------------  T H R E A D  ---------------

Current thread (0x00007f96cf8c0a00):  JavaThread "C2 CompilerThread0" daemon [_thread_in_native, id=24579, stack(0x000000030d398000,0x000000030d498000)]


Current CompileTask:
C2:   2073  881       4       java.util.StringTokenizer::nextToken (92 bytes)

Stack: [0x000000030d398000,0x000000030d498000],  sp=0x000000030d4943b0,  free space=1008k
Native frames: (J=compiled Java code, j=interpreted, Vv=VM code, C=native code)
V  [libjvm.dylib+0xa07b9d]  _ZNK4Type11meet_helperEPKS_b+0xd
V  [libjvm.dylib+0x8074c4]  _ZN7MemNode12Ideal_commonEP8PhaseGVNb+0x524
V  [libjvm.dylib+0x80cf2f]  _ZN8LoadNode5IdealEP8PhaseGVNb+0x1f
V  [libjvm.dylib+0x8bd63f]  _ZN12PhaseIterGVN13transform_oldEP4Node+0xaf
V  [libjvm.dylib+0x8bd22d]  _ZN12PhaseIterGVN8optimizeEv+0x8d
V  [libjvm.dylib+0x3182b3]  _ZN14PhaseIdealLoop8optimizeER12PhaseIterGVN12LoopOptsMode+0x83
V  [libjvm.dylib+0x3144ae]  _ZN7Compile8OptimizeEv+0xfde
V  [libjvm.dylib+0x312294]  _ZN7CompileC2EP5ciEnvP8ciMethodibbbbbP12DirectiveSet+0xff4
V  [libjvm.dylib+0x2797f2]  _ZN10C2Compiler14compile_methodEP5ciEnvP8ciMethodibP12DirectiveSet+0xf2
V  [libjvm.dylib+0x324f12]  _ZN13CompileBroker25invoke_compiler_on_methodEP11CompileTask+0x542
V  [libjvm.dylib+0x32493e]  _ZN13CompileBroker20compiler_thread_loopEv+0x44e
V  [libjvm.dylib+0x9ee092]  _ZN10JavaThread17thread_main_innerEv+0x142
V  [libjvm.dylib+0x9ec68a]  _ZN6Thread8call_runEv+0x11a
V  [libjvm.dylib+0x880fd8]  _ZL19thread_native_entryP6Thread+0x148
C  [libsystem_pthread.dylib+0x64e1]  _pthread_start+0x7d
C  [libsystem_pthread.dylib+0x1f6b]  thread_start+0xf


siginfo: si_signo: 11 (SIGSEGV), si_code: 1 (SEGV_MAPERR), si_addr: 0xfeffffff43490010

Register to memory mapping:

RAX=0x000000010e5c09b0: _ZN7TypePtr8NULL_PTRE+0 in /Library/Java/JavaVirtualMachines/jdk-17.jdk/Contents/Home/lib/server/libjvm.dylib at 0x000000010d912000
RBX=0xfeffffff43490000 is an unknown value
RCX=0x00007f96a0160010 points into unknown readable memory: 0x43c280003eb80000 | 00 00 b8 3e 00 80 c2 43
RDX=0x0 is NULL
RSP=0x000000030d4943b0 is pointing into the stack for thread: 0x00007f96cf8c0a00
RBP=0x000000030d4943c0 is pointing into the stack for thread: 0x00007f96cf8c0a00
RSI=0x00007f96bf039f58 points into unknown readable memory: 0x000000010e54a350 | 50 a3 54 0e 01 00 00 00
RDI=0xfeffffff43490000 is an unknown value
R8 =0x00007f96cf949300 points into unknown readable memory: 0x0000000000000000 | 00 00 00 00 00 00 00 00
R9 =0x0000000000000080 is an unknown value
R10=0x00007f96cfa58c60 points into unknown readable memory: 0x000000010e51de20 | 20 de 51 0e 01 00 00 00
R11=0x00007f96cfc6d3e0 points into unknown readable memory: 0x000000010e516110 | 10 61 51 0e 01 00 00 00
R12=0x00007f96cfc6ceb0 points into unknown readable memory: 0x000000010e517000 | 00 70 51 0e 01 00 00 00
R13=0x00007f96bf03a0f8 points into unknown readable memory: 0x000000010e54a438 | 38 a4 54 0e 01 00 00 00
R14=0x00007f96bf039f58 points into unknown readable memory: 0x000000010e54a350 | 50 a3 54 0e 01 00 00 00
R15=0x00007f96bf039f58 points into unknown readable memory: 0x000000010e54a350 | 50 a3 54 0e 01 00 00 00


Registers:
RAX=0x000000010e5c09b0, RBX=0xfeffffff43490000, RCX=0x00007f96a0160010, RDX=0x0000000000000000
RSP=0x000000030d4943b0, RBP=0x000000030d4943c0, RSI=0x00007f96bf039f58, RDI=0xfeffffff43490000
R8 =0x00007f96cf949300, R9 =0x0000000000000080, R10=0x00007f96cfa58c60, R11=0x00007f96cfc6d3e0
R12=0x00007f96cfc6ceb0, R13=0x00007f96bf03a0f8, R14=0x00007f96bf039f58, R15=0x00007f96bf039f58
RIP=0x000000010e319b9d, EFLAGS=0x0000000000000246, ERR=0x0000000000000004
  TRAPNO=0x000000000000000e

Top of Stack: (sp=0x000000030d4943b0)
0x000000030d4943b0:   00007f96bf03a0f8 ffffffffffffffff
0x000000030d4943c0:   000000030d494430 000000010e1194c4
0x000000030d4943d0:   000000030d494f98 0000000000000003
0x000000030d4943e0:   0000000000000002 00007f9600000001
0x000000030d4943f0:   000000030d494f98 000000030d494f98
0x000000030d494400:   00007f96cfa58c60 0000000000000000
0x000000030d494410:   00007f96cfc6ceb0 00007f96cfc6ceb0
0x000000030d494420:   000000030d494f98 000000030d494f98
0x000000030d494430:   000000030d4944a0 000000010e11ef2f
0x000000030d494440:   000000030d495970 000000030d495920
0x000000030d494450:   000000030d4944a0 0000000100000001
0x000000030d494460:   0000000000000002 00007f96cfc6dbc8
0x000000030d494470:   00007f96cfc6dbc8 0000000000000000
0x000000030d494480:   00007f96cfc6ceb0 000000030d494f98
0x000000030d494490:   000000030d494f98 000000010e5883f0
0x000000030d4944a0:   000000030d4944d0 000000010e1cf63f
0x000000030d4944b0:   000000030d497168 0000000000000018
0x000000030d4944c0:   0000000000000044 00007f96cfc6ceb0
0x000000030d4944d0:   000000030d494510 000000010e1cf22d
0x000000030d4944e0:   000000030d495970 0000600003be60d8
0x000000030d4944f0:   00006000020ef210 00007f96cfb649e8
0x000000030d494500:   0000000000010388 000000030d494f98
0x000000030d494510:   000000030d494f80 000000010dc2a2b3
0x000000030d494520:   000000010e53da58 00007f960000000e
0x000000030d494530:   000000030d497168 00006000020ef210
0x000000030d494540:   00006000020ef210 0000000300001000
0x000000030d494550:   00007f96a01a0010 0000000100000000
0x000000030d494560:   00006000020ef210 0000000100001000
0x000000030d494570:   00007f96a01b0010 0000000000000000
0x000000030d494580:   0000000000000000 0000000000000000
0x000000030d494590:   0000000000000000 0000000000000000
0x000000030d4945a0:   0000000000000000 0000000000000000 

Instructions: (pc=0x000000010e319b9d)
0x000000010e319a9d:   02 23 00 48 89 07 4c 89 77 30 41 83 fc 02 0f 94
0x000000010e319aad:   47 38 eb 0b 48 89 43 18 48 85 ff 75 b9 31 ff 5b
0x000000010e319abd:   41 5c 41 5e 41 5f 5d e9 b7 a9 ff ff 0f 1f 80 00
0x000000010e319acd:   00 00 00 55 48 89 e5 41 57 41 56 53 50 49 89 fe
0x000000010e319add:   48 83 3d 8b 67 2a 00 00 75 08 4c 89 f7 e8 11 ab
0x000000010e319aed:   ff ff 4d 8b be 38 03 00 00 bf 28 00 00 00 4c 89
0x000000010e319afd:   fe e8 bd 84 74 ff 48 85 c0 74 17 48 89 c3 48 8b
0x000000010e319b0d:   35 5e 67 2a 00 48 89 c7 4c 89 fa e8 a3 2c 9b ff
0x000000010e319b1d:   eb 02 31 db 49 89 9e 40 03 00 00 48 83 c4 08 5b
0x000000010e319b2d:   41 5e 41 5f 5d c3 66 2e 0f 1f 84 00 00 00 00 00
0x000000010e319b3d:   0f 1f 00 55 48 89 e5 b0 01 5d c3 0f 1f 84 00 00
0x000000010e319b4d:   00 00 00 55 48 89 e5 8b 47 10 5d c3 0f 1f 80 00
0x000000010e319b5d:   00 00 00 55 48 89 e5 31 c0 5d c3 0f 1f 84 00 00
0x000000010e319b6d:   00 00 00 55 48 89 e5 31 c0 5d c3 0f 1f 84 00 00
0x000000010e319b7d:   00 00 00 55 48 89 e5 5d c3 66 2e 0f 1f 84 00 00
0x000000010e319b8d:   00 00 00 55 48 89 e5 41 56 53 49 89 f6 48 89 fb
0x000000010e319b9d:   8b 47 10 48 85 ff 0f 84 cc 00 00 00 83 f8 06 0f
0x000000010e319bad:   85 c3 00 00 00 4d 85 f6 0f 84 f3 00 00 00 41 83
0x000000010e319bbd:   7e 10 06 0f 85 e8 00 00 00 48 8b 7b 18 49 8b 76
0x000000010e319bcd:   18 0f b6 d2 e8 ba ff ff ff 48 89 c3 8b 48 10 83
0x000000010e319bdd:   f9 06 0f 84 c1 00 00 00 31 c0 83 f9 11 0f 8c b9
0x000000010e319bed:   00 00 00 48 85 db 0f 84 b0 00 00 00 83 f9 17 0f
0x000000010e319bfd:   8f a7 00 00 00 48 8d 3d 7f af 26 00 ff 17 48 8b
0x000000010e319c0d:   00 48 8b 80 40 05 00 00 48 8b 80 80 00 00 00 48
0x000000010e319c1d:   c7 80 60 03 00 00 20 00 00 00 4c 8b b0 38 03 00
0x000000010e319c2d:   00 49 8b 7e 18 48 83 ff e0 72 18 48 8d 15 6c 14
0x000000010e319c3d:   0d 00 be 20 00 00 00 4c 89 f7 e8 14 04 75 ff 49
0x000000010e319c4d:   8b 7e 18 48 8d 47 20 49 3b 46 20 0f 86 02 01 00
0x000000010e319c5d:   00 be 20 00 00 00 4c 89 f7 31 d2 e8 23 04 75 ff
0x000000010e319c6d:   48 89 c7 e9 ef 00 00 00 48 85 db 74 34 83 f8 07
0x000000010e319c7d:   75 2f 4d 85 f6 74 2a 41 83 7e 10 07 75 23 48 8b
0x000000010e319c8d:   7b 18 49 8b 76 18 0f b6 d2 e8 f5 fe ff ff 48 89 


Stack slot to memory mapping:
stack at sp + 0 slots: 0x00007f96bf03a0f8 points into unknown readable memory: 0x000000010e54a438 | 38 a4 54 0e 01 00 00 00
stack at sp + 1 slots: 0xffffffffffffffff: const_jargs+0xfbda5f9f in /Library/Java/JavaVirtualMachines/jdk-17.jdk/Contents/Home/bin/java at 0x0000000104256000
stack at sp + 2 slots: 0x000000030d494430 is pointing into the stack for thread: 0x00007f96cf8c0a00
stack at sp + 3 slots: 0x000000010e1194c4: _ZN7MemNode12Ideal_commonEP8PhaseGVNb+0x524 in /Library/Java/JavaVirtualMachines/jdk-17.jdk/Contents/Home/lib/server/libjvm.dylib at 0x000000010d912000
stack at sp + 4 slots: 0x000000030d494f98 is pointing into the stack for thread: 0x00007f96cf8c0a00
stack at sp + 5 slots: 0x0000000000000003 is an unknown value
stack at sp + 6 slots: 0x0000000000000002 is an unknown value
stack at sp + 7 slots: 0x00007f9600000001 is an unknown value


---------------  P R O C E S S  ---------------

Threads class SMR info:
_java_thread_list=0x0000600002eff6a0, length=11, elements={
0x00007f96cf80bc00, 0x00007f96cf8bb000, 0x00007f96cf8bd800, 0x00007f96cf8c4000,
0x00007f96cf8bfe00, 0x00007f96cf8c0400, 0x00007f96cf8c0a00, 0x00007f96cf8c1000,
0x00007f96cf009200, 0x00007f96cf8c1600, 0x00007f96cf8b4400
}

Java Threads: ( => current thread )
  0x00007f96cf80bc00 JavaThread "main" [_thread_in_native, id=259, stack(0x000000030bee3000,0x000000030c6e3000)]
  0x00007f96cf8bb000 JavaThread "Reference Handler" daemon [_thread_blocked, id=43335, stack(0x000000030cd79000,0x000000030ce79000)]
  0x00007f96cf8bd800 JavaThread "Finalizer" daemon [_thread_blocked, id=42499, stack(0x000000030ce7c000,0x000000030cf7c000)]
  0x00007f96cf8c4000 JavaThread "Signal Dispatcher" daemon [_thread_blocked, id=23555, stack(0x000000030d08f000,0x000000030d18f000)]
  0x00007f96cf8bfe00 JavaThread "Service Thread" daemon [_thread_blocked, id=23811, stack(0x000000030d192000,0x000000030d292000)]
  0x00007f96cf8c0400 JavaThread "Monitor Deflation Thread" daemon [_thread_blocked, id=24323, stack(0x000000030d295000,0x000000030d395000)]
=>0x00007f96cf8c0a00 JavaThread "C2 CompilerThread0" daemon [_thread_in_native, id=24579, stack(0x000000030d398000,0x000000030d498000)]
  0x00007f96cf8c1000 JavaThread "C1 CompilerThread0" daemon [_thread_blocked, id=39171, stack(0x000000030d49b000,0x000000030d59b000)]
  0x00007f96cf009200 JavaThread "Sweeper thread" daemon [_thread_blocked, id=38915, stack(0x000000030d59e000,0x000000030d69e000)]
  0x00007f96cf8c1600 JavaThread "Notification Thread" daemon [_thread_blocked, id=38523, stack(0x000000030d6a1000,0x000000030d7a1000)]
  0x00007f96cf8b4400 JavaThread "Common-Cleaner" daemon [_thread_blocked, id=37395, stack(0x000000030d8a7000,0x000000030d9a7000)]

Other Threads:
  0x00007f96bf80ee20 VMThread "VM Thread" [stack: 0x000000030cc76000,0x000000030cd76000] [id=15107]
  0x00007f96bf8176c0 WatcherThread [stack: 0x000000030d7a4000,0x000000030d8a4000] [id=37899]
  0x00007f96bf8071d0 GCTaskThread "GC Thread#0" [stack: 0x000000030c767000,0x000000030c867000] [id=18947]
  0x00007f96bf807870 ConcurrentGCThread "G1 Main Marker" [stack: 0x000000030c86a000,0x000000030c96a000] [id=18435]
  0x00007f96bf8080f0 ConcurrentGCThread "G1 Conc#0" [stack: 0x000000030c96d000,0x000000030ca6d000] [id=17411]
  0x00007f96bf80a950 ConcurrentGCThread "G1 Refine#0" [stack: 0x000000030ca70000,0x000000030cb70000] [id=16899]
  0x00007f96bf80b1e0 ConcurrentGCThread "G1 Service" [stack: 0x000000030cb73000,0x000000030cc73000] [id=13827]

Threads with active compile tasks:
C2 CompilerThread0     2082  881       4       java.util.StringTokenizer::nextToken (92 bytes)

VM state: not at safepoint (normal execution)

VM Mutex/Monitor currently owned by a thread: None

Heap address: 0x0000000780000000, size: 2048 MB, Compressed Oops mode: Zero based, Oop shift amount: 3

CDS archive(s) mapped at: [0x0000000800000000-0x0000000800bd0000-0x0000000800bd0000), size 12386304, SharedBaseAddress: 0x0000000800000000, ArchiveRelocationMode: 0.
Compressed class space mapped at: 0x0000000800c00000-0x0000000840c00000, reserved size: 1073741824
Narrow klass base: 0x0000000800000000, Narrow klass shift: 0, Narrow klass range: 0x100000000

GC Precious Log:
 CPUs: 8 total, 8 available
 Memory: 8192M
 Large Page Support: Disabled
 NUMA Support: Disabled
 Compressed Oops: Enabled (Zero based)
 Heap Region Size: 1M
 Heap Min Capacity: 8M
 Heap Initial Capacity: 128M
 Heap Max Capacity: 2G
 Pre-touch: Disabled
 Parallel Workers: 8
 Concurrent Workers: 2
 Concurrent Refinement Workers: 8
 Periodic GC: Disabled

Heap:
 garbage-first heap   total 133120K, used 17364K [0x0000000780000000, 0x0000000800000000)
  region size 1024K, 18 young (18432K), 0 survivors (0K)
 Metaspace       used 5352K, committed 5504K, reserved 1056768K
  class space    used 362K, committed 448K, reserved 1048576K

Heap Regions: E=young(eden), S=young(survivor), O=old, HS=humongous(starts), HC=humongous(continues), CS=collection set, F=free, OA=open archive, CA=closed archive, TAMS=top-at-mark-start (previous, next)
|   0|0x0000000780000000, 0x0000000780000000, 0x0000000780100000|  0%| F|  |TAMS 0x0000000780000000, 0x0000000780000000| Untracked 
|   1|0x0000000780100000, 0x0000000780100000, 0x0000000780200000|  0%| F|  |TAMS 0x0000000780100000, 0x0000000780100000| Untracked 
|   2|0x0000000780200000, 0x0000000780200000, 0x0000000780300000|  0%| F|  |TAMS 0x0000000780200000, 0x0000000780200000| Untracked 
|   3|0x0000000780300000, 0x0000000780300000, 0x0000000780400000|  0%| F|  |TAMS 0x0000000780300000, 0x0000000780300000| Untracked 
|   4|0x0000000780400000, 0x0000000780400000, 0x0000000780500000|  0%| F|  |TAMS 0x0000000780400000, 0x0000000780400000| Untracked 
|   5|0x0000000780500000, 0x0000000780500000, 0x0000000780600000|  0%| F|  |TAMS 0x0000000780500000, 0x0000000780500000| Untracked 
|   6|0x0000000780600000, 0x0000000780600000, 0x0000000780700000|  0%| F|  |TAMS 0x0000000780600000, 0x0000000780600000| Untracked 
|   7|0x0000000780700000, 0x0000000780700000, 0x0000000780800000|  0%| F|  |TAMS 0x0000000780700000, 0x0000000780700000| Untracked 
|   8|0x0000000780800000, 0x0000000780800000, 0x0000000780900000|  0%| F|  |TAMS 0x0000000780800000, 0x0000000780800000| Untracked 
|   9|0x0000000780900000, 0x0000000780900000, 0x0000000780a00000|  0%| F|  |TAMS 0x0000000780900000, 0x0000000780900000| Untracked 
|  10|0x0000000780a00000, 0x0000000780a00000, 0x0000000780b00000|  0%| F|  |TAMS 0x0000000780a00000, 0x0000000780a00000| Untracked 
|  11|0x0000000780b00000, 0x0000000780b00000, 0x0000000780c00000|  0%| F|  |TAMS 0x0000000780b00000, 0x0000000780b00000| Untracked 
|  12|0x0000000780c00000, 0x0000000780c00000, 0x0000000780d00000|  0%| F|  |TAMS 0x0000000780c00000, 0x0000000780c00000| Untracked 
|  13|0x0000000780d00000, 0x0000000780d00000, 0x0000000780e00000|  0%| F|  |TAMS 0x0000000780d00000, 0x0000000780d00000| Untracked 
|  14|0x0000000780e00000, 0x0000000780e00000, 0x0000000780f00000|  0%| F|  |TAMS 0x0000000780e00000, 0x0000000780e00000| Untracked 
|  15|0x0000000780f00000, 0x0000000780f00000, 0x0000000781000000|  0%| F|  |TAMS 0x0000000780f00000, 0x0000000780f00000| Untracked 
|  16|0x0000000781000000, 0x0000000781000000, 0x0000000781100000|  0%| F|  |TAMS 0x0000000781000000, 0x0000000781000000| Untracked 
|  17|0x0000000781100000, 0x0000000781100000, 0x0000000781200000|  0%| F|  |TAMS 0x0000000781100000, 0x0000000781100000| Untracked 
|  18|0x0000000781200000, 0x0000000781200000, 0x0000000781300000|  0%| F|  |TAMS 0x0000000781200000, 0x0000000781200000| Untracked 
|  19|0x0000000781300000, 0x0000000781300000, 0x0000000781400000|  0%| F|  |TAMS 0x0000000781300000, 0x0000000781300000| Untracked 
|  20|0x0000000781400000, 0x0000000781400000, 0x0000000781500000|  0%| F|  |TAMS 0x0000000781400000, 0x0000000781400000| Untracked 
|  21|0x0000000781500000, 0x0000000781500000, 0x0000000781600000|  0%| F|  |TAMS 0x0000000781500000, 0x0000000781500000| Untracked 
|  22|0x0000000781600000, 0x0000000781600000, 0x0000000781700000|  0%| F|  |TAMS 0x0000000781600000, 0x0000000781600000| Untracked 
|  23|0x0000000781700000, 0x0000000781700000, 0x0000000781800000|  0%| F|  |TAMS 0x0000000781700000, 0x0000000781700000| Untracked 
|  24|0x0000000781800000, 0x0000000781800000, 0x0000000781900000|  0%| F|  |TAMS 0x0000000781800000, 0x0000000781800000| Untracked 
|  25|0x0000000781900000, 0x0000000781900000, 0x0000000781a00000|  0%| F|  |TAMS 0x0000000781900000, 0x0000000781900000| Untracked 
|  26|0x0000000781a00000, 0x0000000781a00000, 0x0000000781b00000|  0%| F|  |TAMS 0x0000000781a00000, 0x0000000781a00000| Untracked 
|  27|0x0000000781b00000, 0x0000000781b00000, 0x0000000781c00000|  0%| F|  |TAMS 0x0000000781b00000, 0x0000000781b00000| Untracked 
|  28|0x0000000781c00000, 0x0000000781c00000, 0x0000000781d00000|  0%| F|  |TAMS 0x0000000781c00000, 0x0000000781c00000| Untracked 
|  29|0x0000000781d00000, 0x0000000781d00000, 0x0000000781e00000|  0%| F|  |TAMS 0x0000000781d00000, 0x0000000781d00000| Untracked 
|  30|0x0000000781e00000, 0x0000000781e00000, 0x0000000781f00000|  0%| F|  |TAMS 0x0000000781e00000, 0x0000000781e00000| Untracked 
|  31|0x0000000781f00000, 0x0000000781f00000, 0x0000000782000000|  0%| F|  |TAMS 0x0000000781f00000, 0x0000000781f00000| Untracked 
|  32|0x0000000782000000, 0x0000000782000000, 0x0000000782100000|  0%| F|  |TAMS 0x0000000782000000, 0x0000000782000000| Untracked 
|  33|0x0000000782100000, 0x0000000782100000, 0x0000000782200000|  0%| F|  |TAMS 0x0000000782100000, 0x0000000782100000| Untracked 
|  34|0x0000000782200000, 0x0000000782200000, 0x0000000782300000|  0%| F|  |TAMS 0x0000000782200000, 0x0000000782200000| Untracked 
|  35|0x0000000782300000, 0x0000000782300000, 0x0000000782400000|  0%| F|  |TAMS 0x0000000782300000, 0x0000000782300000| Untracked 
|  36|0x0000000782400000, 0x0000000782400000, 0x0000000782500000|  0%| F|  |TAMS 0x0000000782400000, 0x0000000782400000| Untracked 
|  37|0x0000000782500000, 0x0000000782500000, 0x0000000782600000|  0%| F|  |TAMS 0x0000000782500000, 0x0000000782500000| Untracked 
|  38|0x0000000782600000, 0x0000000782600000, 0x0000000782700000|  0%| F|  |TAMS 0x0000000782600000, 0x0000000782600000| Untracked 
|  39|0x0000000782700000, 0x0000000782700000, 0x0000000782800000|  0%| F|  |TAMS 0x0000000782700000, 0x0000000782700000| Untracked 
|  40|0x0000000782800000, 0x0000000782800000, 0x0000000782900000|  0%| F|  |TAMS 0x0000000782800000, 0x0000000782800000| Untracked 
|  41|0x0000000782900000, 0x0000000782900000, 0x0000000782a00000|  0%| F|  |TAMS 0x0000000782900000, 0x0000000782900000| Untracked 
|  42|0x0000000782a00000, 0x0000000782a00000, 0x0000000782b00000|  0%| F|  |TAMS 0x0000000782a00000, 0x0000000782a00000| Untracked 
|  43|0x0000000782b00000, 0x0000000782b00000, 0x0000000782c00000|  0%| F|  |TAMS 0x0000000782b00000, 0x0000000782b00000| Untracked 
|  44|0x0000000782c00000, 0x0000000782c00000, 0x0000000782d00000|  0%| F|  |TAMS 0x0000000782c00000, 0x0000000782c00000| Untracked 
|  45|0x0000000782d00000, 0x0000000782d00000, 0x0000000782e00000|  0%| F|  |TAMS 0x0000000782d00000, 0x0000000782d00000| Untracked 
|  46|0x0000000782e00000, 0x0000000782e00000, 0x0000000782f00000|  0%| F|  |TAMS 0x0000000782e00000, 0x0000000782e00000| Untracked 
|  47|0x0000000782f00000, 0x0000000782f00000, 0x0000000783000000|  0%| F|  |TAMS 0x0000000782f00000, 0x0000000782f00000| Untracked 
|  48|0x0000000783000000, 0x0000000783000000, 0x0000000783100000|  0%| F|  |TAMS 0x0000000783000000, 0x0000000783000000| Untracked 
|  49|0x0000000783100000, 0x0000000783100000, 0x0000000783200000|  0%| F|  |TAMS 0x0000000783100000, 0x0000000783100000| Untracked 
|  50|0x0000000783200000, 0x0000000783200000, 0x0000000783300000|  0%| F|  |TAMS 0x0000000783200000, 0x0000000783200000| Untracked 
|  51|0x0000000783300000, 0x0000000783300000, 0x0000000783400000|  0%| F|  |TAMS 0x0000000783300000, 0x0000000783300000| Untracked 
|  52|0x0000000783400000, 0x0000000783400000, 0x0000000783500000|  0%| F|  |TAMS 0x0000000783400000, 0x0000000783400000| Untracked 
|  53|0x0000000783500000, 0x0000000783500000, 0x0000000783600000|  0%| F|  |TAMS 0x0000000783500000, 0x0000000783500000| Untracked 
|  54|0x0000000783600000, 0x0000000783600000, 0x0000000783700000|  0%| F|  |TAMS 0x0000000783600000, 0x0000000783600000| Untracked 
|  55|0x0000000783700000, 0x0000000783700000, 0x0000000783800000|  0%| F|  |TAMS 0x0000000783700000, 0x0000000783700000| Untracked 
|  56|0x0000000783800000, 0x0000000783800000, 0x0000000783900000|  0%| F|  |TAMS 0x0000000783800000, 0x0000000783800000| Untracked 
|  57|0x0000000783900000, 0x0000000783900000, 0x0000000783a00000|  0%| F|  |TAMS 0x0000000783900000, 0x0000000783900000| Untracked 
|  58|0x0000000783a00000, 0x0000000783a00000, 0x0000000783b00000|  0%| F|  |TAMS 0x0000000783a00000, 0x0000000783a00000| Untracked 
|  59|0x0000000783b00000, 0x0000000783b00000, 0x0000000783c00000|  0%| F|  |TAMS 0x0000000783b00000, 0x0000000783b00000| Untracked 
|  60|0x0000000783c00000, 0x0000000783c00000, 0x0000000783d00000|  0%| F|  |TAMS 0x0000000783c00000, 0x0000000783c00000| Untracked 
|  61|0x0000000783d00000, 0x0000000783d00000, 0x0000000783e00000|  0%| F|  |TAMS 0x0000000783d00000, 0x0000000783d00000| Untracked 
|  62|0x0000000783e00000, 0x0000000783e00000, 0x0000000783f00000|  0%| F|  |TAMS 0x0000000783e00000, 0x0000000783e00000| Untracked 
|  63|0x0000000783f00000, 0x0000000783f00000, 0x0000000784000000|  0%| F|  |TAMS 0x0000000783f00000, 0x0000000783f00000| Untracked 
|  64|0x0000000784000000, 0x0000000784000000, 0x0000000784100000|  0%| F|  |TAMS 0x0000000784000000, 0x0000000784000000| Untracked 
|  65|0x0000000784100000, 0x0000000784100000, 0x0000000784200000|  0%| F|  |TAMS 0x0000000784100000, 0x0000000784100000| Untracked 
|  66|0x0000000784200000, 0x0000000784200000, 0x0000000784300000|  0%| F|  |TAMS 0x0000000784200000, 0x0000000784200000| Untracked 
|  67|0x0000000784300000, 0x0000000784300000, 0x0000000784400000|  0%| F|  |TAMS 0x0000000784300000, 0x0000000784300000| Untracked 
|  68|0x0000000784400000, 0x0000000784400000, 0x0000000784500000|  0%| F|  |TAMS 0x0000000784400000, 0x0000000784400000| Untracked 
|  69|0x0000000784500000, 0x0000000784500000, 0x0000000784600000|  0%| F|  |TAMS 0x0000000784500000, 0x0000000784500000| Untracked 
|  70|0x0000000784600000, 0x0000000784600000, 0x0000000784700000|  0%| F|  |TAMS 0x0000000784600000, 0x0000000784600000| Untracked 
|  71|0x0000000784700000, 0x0000000784700000, 0x0000000784800000|  0%| F|  |TAMS 0x0000000784700000, 0x0000000784700000| Untracked 
|  72|0x0000000784800000, 0x0000000784800000, 0x0000000784900000|  0%| F|  |TAMS 0x0000000784800000, 0x0000000784800000| Untracked 
|  73|0x0000000784900000, 0x0000000784900000, 0x0000000784a00000|  0%| F|  |TAMS 0x0000000784900000, 0x0000000784900000| Untracked 
|  74|0x0000000784a00000, 0x0000000784a00000, 0x0000000784b00000|  0%| F|  |TAMS 0x0000000784a00000, 0x0000000784a00000| Untracked 
|  75|0x0000000784b00000, 0x0000000784b00000, 0x0000000784c00000|  0%| F|  |TAMS 0x0000000784b00000, 0x0000000784b00000| Untracked 
|  76|0x0000000784c00000, 0x0000000784c00000, 0x0000000784d00000|  0%| F|  |TAMS 0x0000000784c00000, 0x0000000784c00000| Untracked 
|  77|0x0000000784d00000, 0x0000000784d00000, 0x0000000784e00000|  0%| F|  |TAMS 0x0000000784d00000, 0x0000000784d00000| Untracked 
|  78|0x0000000784e00000, 0x0000000784e00000, 0x0000000784f00000|  0%| F|  |TAMS 0x0000000784e00000, 0x0000000784e00000| Untracked 
|  79|0x0000000784f00000, 0x0000000784f00000, 0x0000000785000000|  0%| F|  |TAMS 0x0000000784f00000, 0x0000000784f00000| Untracked 
|  80|0x0000000785000000, 0x0000000785000000, 0x0000000785100000|  0%| F|  |TAMS 0x0000000785000000, 0x0000000785000000| Untracked 
|  81|0x0000000785100000, 0x0000000785100000, 0x0000000785200000|  0%| F|  |TAMS 0x0000000785100000, 0x0000000785100000| Untracked 
|  82|0x0000000785200000, 0x0000000785200000, 0x0000000785300000|  0%| F|  |TAMS 0x0000000785200000, 0x0000000785200000| Untracked 
|  83|0x0000000785300000, 0x0000000785300000, 0x0000000785400000|  0%| F|  |TAMS 0x0000000785300000, 0x0000000785300000| Untracked 
|  84|0x0000000785400000, 0x0000000785400000, 0x0000000785500000|  0%| F|  |TAMS 0x0000000785400000, 0x0000000785400000| Untracked 
|  85|0x0000000785500000, 0x0000000785500000, 0x0000000785600000|  0%| F|  |TAMS 0x0000000785500000, 0x0000000785500000| Untracked 
|  86|0x0000000785600000, 0x0000000785600000, 0x0000000785700000|  0%| F|  |TAMS 0x0000000785600000, 0x0000000785600000| Untracked 
|  87|0x0000000785700000, 0x0000000785700000, 0x0000000785800000|  0%| F|  |TAMS 0x0000000785700000, 0x0000000785700000| Untracked 
|  88|0x0000000785800000, 0x0000000785800000, 0x0000000785900000|  0%| F|  |TAMS 0x0000000785800000, 0x0000000785800000| Untracked 
|  89|0x0000000785900000, 0x0000000785900000, 0x0000000785a00000|  0%| F|  |TAMS 0x0000000785900000, 0x0000000785900000| Untracked 
|  90|0x0000000785a00000, 0x0000000785a00000, 0x0000000785b00000|  0%| F|  |TAMS 0x0000000785a00000, 0x0000000785a00000| Untracked 
|  91|0x0000000785b00000, 0x0000000785b00000, 0x0000000785c00000|  0%| F|  |TAMS 0x0000000785b00000, 0x0000000785b00000| Untracked 
|  92|0x0000000785c00000, 0x0000000785c00000, 0x0000000785d00000|  0%| F|  |TAMS 0x0000000785c00000, 0x0000000785c00000| Untracked 
|  93|0x0000000785d00000, 0x0000000785d00000, 0x0000000785e00000|  0%| F|  |TAMS 0x0000000785d00000, 0x0000000785d00000| Untracked 
|  94|0x0000000785e00000, 0x0000000785e00000, 0x0000000785f00000|  0%| F|  |TAMS 0x0000000785e00000, 0x0000000785e00000| Untracked 
|  95|0x0000000785f00000, 0x0000000785f00000, 0x0000000786000000|  0%| F|  |TAMS 0x0000000785f00000, 0x0000000785f00000| Untracked 
|  96|0x0000000786000000, 0x0000000786000000, 0x0000000786100000|  0%| F|  |TAMS 0x0000000786000000, 0x0000000786000000| Untracked 
|  97|0x0000000786100000, 0x0000000786100000, 0x0000000786200000|  0%| F|  |TAMS 0x0000000786100000, 0x0000000786100000| Untracked 
|  98|0x0000000786200000, 0x0000000786200000, 0x0000000786300000|  0%| F|  |TAMS 0x0000000786200000, 0x0000000786200000| Untracked 
|  99|0x0000000786300000, 0x0000000786300000, 0x0000000786400000|  0%| F|  |TAMS 0x0000000786300000, 0x0000000786300000| Untracked 
| 100|0x0000000786400000, 0x0000000786400000, 0x0000000786500000|  0%| F|  |TAMS 0x0000000786400000, 0x0000000786400000| Untracked 
| 101|0x0000000786500000, 0x0000000786500000, 0x0000000786600000|  0%| F|  |TAMS 0x0000000786500000, 0x0000000786500000| Untracked 
| 102|0x0000000786600000, 0x0000000786600000, 0x0000000786700000|  0%| F|  |TAMS 0x0000000786600000, 0x0000000786600000| Untracked 
| 103|0x0000000786700000, 0x0000000786700000, 0x0000000786800000|  0%| F|  |TAMS 0x0000000786700000, 0x0000000786700000| Untracked 
| 104|0x0000000786800000, 0x0000000786800000, 0x0000000786900000|  0%| F|  |TAMS 0x0000000786800000, 0x0000000786800000| Untracked 
| 105|0x0000000786900000, 0x0000000786900000, 0x0000000786a00000|  0%| F|  |TAMS 0x0000000786900000, 0x0000000786900000| Untracked 
| 106|0x0000000786a00000, 0x0000000786a00000, 0x0000000786b00000|  0%| F|  |TAMS 0x0000000786a00000, 0x0000000786a00000| Untracked 
| 107|0x0000000786b00000, 0x0000000786b00000, 0x0000000786c00000|  0%| F|  |TAMS 0x0000000786b00000, 0x0000000786b00000| Untracked 
| 108|0x0000000786c00000, 0x0000000786c00000, 0x0000000786d00000|  0%| F|  |TAMS 0x0000000786c00000, 0x0000000786c00000| Untracked 
| 109|0x0000000786d00000, 0x0000000786d00000, 0x0000000786e00000|  0%| F|  |TAMS 0x0000000786d00000, 0x0000000786d00000| Untracked 
| 110|0x0000000786e00000, 0x0000000786efcaa8, 0x0000000786f00000| 98%| E|  |TAMS 0x0000000786e00000, 0x0000000786e00000| Complete 
| 111|0x0000000786f00000, 0x0000000787000000, 0x0000000787000000|100%| E|CS|TAMS 0x0000000786f00000, 0x0000000786f00000| Complete 
| 112|0x0000000787000000, 0x0000000787100000, 0x0000000787100000|100%| E|CS|TAMS 0x0000000787000000, 0x0000000787000000| Complete 
| 113|0x0000000787100000, 0x0000000787200000, 0x0000000787200000|100%| E|CS|TAMS 0x0000000787100000, 0x0000000787100000| Complete 
| 114|0x0000000787200000, 0x0000000787300000, 0x0000000787300000|100%| E|CS|TAMS 0x0000000787200000, 0x0000000787200000| Complete 
| 115|0x0000000787300000, 0x0000000787400000, 0x0000000787400000|100%| E|CS|TAMS 0x0000000787300000, 0x0000000787300000| Complete 
| 116|0x0000000787400000, 0x0000000787500000, 0x0000000787500000|100%| E|  |TAMS 0x0000000787400000, 0x0000000787400000| Complete 
| 117|0x0000000787500000, 0x0000000787600000, 0x0000000787600000|100%| E|CS|TAMS 0x0000000787500000, 0x0000000787500000| Complete 
| 118|0x0000000787600000, 0x0000000787700000, 0x0000000787700000|100%| E|CS|TAMS 0x0000000787600000, 0x0000000787600000| Complete 
| 119|0x0000000787700000, 0x0000000787800000, 0x0000000787800000|100%| E|CS|TAMS 0x0000000787700000, 0x0000000787700000| Complete 
| 120|0x0000000787800000, 0x0000000787900000, 0x0000000787900000|100%| E|CS|TAMS 0x0000000787800000, 0x0000000787800000| Complete 
| 121|0x0000000787900000, 0x0000000787a00000, 0x0000000787a00000|100%| E|CS|TAMS 0x0000000787900000, 0x0000000787900000| Complete 
| 122|0x0000000787a00000, 0x0000000787b00000, 0x0000000787b00000|100%| E|CS|TAMS 0x0000000787a00000, 0x0000000787a00000| Complete 
| 123|0x0000000787b00000, 0x0000000787c00000, 0x0000000787c00000|100%| E|CS|TAMS 0x0000000787b00000, 0x0000000787b00000| Complete 
| 124|0x0000000787c00000, 0x0000000787d00000, 0x0000000787d00000|100%| E|CS|TAMS 0x0000000787c00000, 0x0000000787c00000| Complete 
| 125|0x0000000787d00000, 0x0000000787e00000, 0x0000000787e00000|100%| E|CS|TAMS 0x0000000787d00000, 0x0000000787d00000| Complete 
| 126|0x0000000787e00000, 0x0000000787f00000, 0x0000000787f00000|100%| E|CS|TAMS 0x0000000787e00000, 0x0000000787e00000| Complete 
| 127|0x0000000787f00000, 0x0000000788000000, 0x0000000788000000|100%| E|CS|TAMS 0x0000000787f00000, 0x0000000787f00000| Complete 
|2046|0x00000007ffe00000, 0x00000007ffe76000, 0x00000007fff00000| 46%|OA|  |TAMS 0x00000007ffe00000, 0x00000007ffe00000| Untracked 
|2047|0x00000007fff00000, 0x00000007fff7f000, 0x0000000800000000| 49%|CA|  |TAMS 0x00000007fff00000, 0x00000007fff00000| Untracked 

Card table byte_map: [0x000000010cffb000,0x000000010d3fb000] _byte_map_base: 0x00000001093fb000

Marking Bits (Prev, Next): (CMBitMap*) 0x00007f96cf82de10, (CMBitMap*) 0x00007f96cf82de50
 Prev Bits: [0x000000012681d000, 0x000000012881d000)
 Next Bits: [0x000000012881d000, 0x000000012a81d000)

Polling page: 0x000000010c8a3000

Metaspace:

Usage:
  Non-class:      4.87 MB used.
      Class:    362.62 KB used.
       Both:      5.23 MB used.

Virtual space:
  Non-class space:        8.00 MB reserved,       4.94 MB ( 62%) committed,  1 nodes.
      Class space:        1.00 GB reserved,     448.00 KB ( <1%) committed,  1 nodes.
             Both:        1.01 GB reserved,       5.38 MB ( <1%) committed. 

Chunk freelists:
   Non-Class:  448.00 KB
       Class:  3.47 MB
        Both:  3.91 MB

MaxMetaspaceSize: unlimited
CompressedClassSpaceSize: 1.00 GB
Initial GC threshold: 21.00 MB
Current GC threshold: 21.00 MB
CDS: on
MetaspaceReclaimPolicy: balanced
 - commit_granule_bytes: 65536.
 - commit_granule_words: 8192.
 - virtual_space_node_default_size: 1048576.
 - enlarge_chunks_in_place: 1.
 - new_chunks_are_fully_committed: 0.
 - uncommit_free_chunks: 1.
 - use_allocation_guard: 0.
 - handle_deallocations: 1.


Internal statistics:

num_allocs_failed_limit: 0.
num_arena_births: 66.
num_arena_deaths: 0.
num_vsnodes_births: 2.
num_vsnodes_deaths: 0.
num_space_committed: 84.
num_space_uncommitted: 0.
num_chunks_returned_to_freelist: 0.
num_chunks_taken_from_freelist: 222.
num_chunk_merges: 0.
num_chunk_splits: 156.
num_chunks_enlarged: 125.
num_purges: 0.
num_inconsistent_stats: 0.

CodeHeap 'non-profiled nmethods': size=120028Kb used=290Kb max_used=290Kb free=119737Kb
 bounds [0x000000011f2e6000, 0x000000011f556000, 0x000000012681d000]
CodeHeap 'profiled nmethods': size=120028Kb used=1559Kb max_used=1559Kb free=118468Kb
 bounds [0x0000000117daf000, 0x000000011801f000, 0x000000011f2e6000]
CodeHeap 'non-nmethods': size=5704Kb used=1596Kb max_used=1614Kb free=4107Kb
 bounds [0x000000011781d000, 0x0000000117a8d000, 0x0000000117daf000]
 total_blobs=1917 nmethods=885 adapters=947
 compilation: enabled
              stopped_count=0, restarted_count=0
 full_count=0

Compilation events (20 events):
Event: 2.038 Thread 0x00007f96cf8c1000 nmethod 873 0x0000000117f2f490 code [0x0000000117f2f660, 0x0000000117f2f9d0]
Event: 2.039 Thread 0x00007f96cf8c1000  874       3       com.badlogic.gdx.graphics.Mesh::unbind (63 bytes)
Event: 2.039 Thread 0x00007f96cf8c1000 nmethod 874 0x0000000117f2fb90 code [0x0000000117f2fd80, 0x0000000117f30340]
Event: 2.046 Thread 0x00007f96cf8c1000  876       3       java.util.StringTokenizer::setMaxDelimCodePoint (156 bytes)
Event: 2.046 Thread 0x00007f96cf8c0a00  878   !   4       java.io.BufferedReader::readLine (327 bytes)
Event: 2.046 Thread 0x00007f96cf8c1000 nmethod 876 0x0000000117f30590 code [0x0000000117f30820, 0x0000000117f31570]
Event: 2.046 Thread 0x00007f96cf8c1000  880       3       java.lang.AbstractStringBuilder::appendChars (130 bytes)
Event: 2.047 Thread 0x00007f96cf8c1000 nmethod 880 0x0000000117f31a90 code [0x0000000117f31ca0, 0x0000000117f32240]
Event: 2.047 Thread 0x00007f96cf8c1000  875       3       java.util.StringTokenizer::<init> (52 bytes)
Event: 2.047 Thread 0x00007f96cf8c1000 nmethod 875 0x0000000117f32510 code [0x0000000117f326e0, 0x0000000117f32a60]
Event: 2.047 Thread 0x00007f96cf8c1000  877       3       java.util.StringTokenizer::<init> (8 bytes)
Event: 2.047 Thread 0x00007f96cf8c1000 nmethod 877 0x0000000117f32c10 code [0x0000000117f32dc0, 0x0000000117f32f00]
Event: 2.049 Thread 0x00007f96cf8c1000  882       3       com.badlogic.gdx.graphics.g2d.BitmapFont$BitmapFontData::setGlyphRegion (402 bytes)
Event: 2.049 Thread 0x00007f96cf8c1000 nmethod 882 0x0000000117f32f90 code [0x0000000117f331c0, 0x0000000117f33d70]
Event: 2.062 Thread 0x00007f96cf8c0a00 nmethod 878 0x000000011f32c510 code [0x000000011f32c720, 0x000000011f32d930]
Event: 2.063 Thread 0x00007f96cf8c0a00  879       4       java.util.StringTokenizer::skipDelimiters (116 bytes)
Event: 2.063 Thread 0x00007f96cf8c1000  883       3       org.lwjgl.system.Checks::checkBuffer (11 bytes)
Event: 2.064 Thread 0x00007f96cf8c1000 nmethod 883 0x0000000117f34010 code [0x0000000117f341c0, 0x0000000117f34300]
Event: 2.065 Thread 0x00007f96cf8c0a00 nmethod 879 0x000000011f32e090 code [0x000000011f32e220, 0x000000011f32e618]
Event: 2.065 Thread 0x00007f96cf8c0a00  881       4       java.util.StringTokenizer::nextToken (92 bytes)

GC Heap History (0 events):
No events

Deoptimization events (20 events):
Event: 0.083 Thread 0x00007f96cf80bc00 DEOPT PACKING pc=0x0000000117dbdada sp=0x000000030c6d99c0
Event: 0.083 Thread 0x00007f96cf80bc00 DEOPT UNPACKING pc=0x000000011786f810 sp=0x000000030c6d8e00 mode 0
Event: 0.087 Thread 0x00007f96cf80bc00 DEOPT PACKING pc=0x0000000117db650c sp=0x000000030c6d8da0
Event: 0.087 Thread 0x00007f96cf80bc00 DEOPT UNPACKING pc=0x000000011786f810 sp=0x000000030c6d8250 mode 0
Event: 0.102 Thread 0x00007f96cf80bc00 DEOPT PACKING pc=0x0000000117db0fce sp=0x000000030c6d7930
Event: 0.102 Thread 0x00007f96cf80bc00 DEOPT UNPACKING pc=0x000000011786f810 sp=0x000000030c6d6dc8 mode 0
Event: 0.112 Thread 0x00007f96cf80bc00 DEOPT PACKING pc=0x0000000117db2ecc sp=0x000000030c6d7970
Event: 0.112 Thread 0x00007f96cf80bc00 DEOPT UNPACKING pc=0x000000011786f810 sp=0x000000030c6d6de0 mode 0
Event: 0.163 Thread 0x00007f96cf80bc00 Uncommon trap: trap_request=0xffffff45 fr.pc=0x000000011f2effb4 relative=0x0000000000000214
Event: 0.163 Thread 0x00007f96cf80bc00 Uncommon trap: reason=unstable_if action=reinterpret pc=0x000000011f2effb4 method=java.lang.String.startsWith(Ljava/lang/String;I)Z @ 14 c2
Event: 0.163 Thread 0x00007f96cf80bc00 DEOPT PACKING pc=0x000000011f2effb4 sp=0x000000030c6dcdb0
Event: 0.163 Thread 0x00007f96cf80bc00 DEOPT UNPACKING pc=0x000000011786f093 sp=0x000000030c6dcd30 mode 2
Event: 0.617 Thread 0x00007f96cf80bc00 Uncommon trap: trap_request=0xffffff45 fr.pc=0x000000011f2f03fc relative=0x000000000000005c
Event: 0.617 Thread 0x00007f96cf80bc00 Uncommon trap: reason=unstable_if action=reinterpret pc=0x000000011f2f03fc method=java.lang.String.isLatin1()Z @ 10 c2
Event: 0.617 Thread 0x00007f96cf80bc00 DEOPT PACKING pc=0x000000011f2f03fc sp=0x000000030c6dc980
Event: 0.617 Thread 0x00007f96cf80bc00 DEOPT UNPACKING pc=0x000000011786f093 sp=0x000000030c6dc930 mode 2
Event: 0.655 Thread 0x00007f96cf80bc00 Uncommon trap: trap_request=0xffffff5c fr.pc=0x000000011f31d9f8 relative=0x0000000000000058
Event: 0.655 Thread 0x00007f96cf80bc00 Uncommon trap: reason=speculate_null_check action=make_not_entrant pc=0x000000011f31d9f8 method=sun.misc.Unsafe.getLong(Ljava/lang/Object;J)J @ 5 c2
Event: 0.655 Thread 0x00007f96cf80bc00 DEOPT PACKING pc=0x000000011f31d9f8 sp=0x000000030c6dd070
Event: 0.655 Thread 0x00007f96cf80bc00 DEOPT UNPACKING pc=0x000000011786f093 sp=0x000000030c6dd008 mode 2

Classes unloaded (0 events):
No events

Classes redefined (0 events):
No events

Internal exceptions (19 events):
Event: 0.213 Thread 0x00007f96cf80bc00 Exception <a 'java/lang/NoSuchMethodError'{0x0000000787a9a7a8}: 'java.lang.Object java.lang.invoke.DirectMethodHandle$Holder.invokeStaticInit(java.lang.Object)'> (0x0000000787a9a7a8) 
thrown [open/src/hotspot/share/interpreter/linkResolver.cpp, line 766]
Event: 0.228 Thread 0x00007f96cf80bc00 Exception <a 'java/lang/NoSuchMethodError'{0x00000007879088f8}: 'void java.lang.invoke.DirectMethodHandle$Holder.invokeStatic(java.lang.Object, java.lang.Object)'> (0x00000007879088f8) 
thrown [open/src/hotspot/share/interpreter/linkResolver.cpp, line 766]
Event: 0.230 Thread 0x00007f96cf80bc00 Exception <a 'java/lang/NoSuchMethodError'{0x000000078790dc08}: 'void java.lang.invoke.DirectMethodHandle$Holder.invokeSpecial(java.lang.Object, java.lang.Object, java.lang.Object)'> (0x000000078790dc08) 
thrown [open/src/hotspot/share/interpreter/linkResolver.cpp, line 766]
Event: 0.234 Thread 0x00007f96cf80bc00 Exception <a 'java/lang/NoSuchMethodError'{0x00000007879207a0}: 'java.lang.Object java.lang.invoke.DirectMethodHandle$Holder.invokeStatic(java.lang.Object, java.lang.Object, int)'> (0x00000007879207a0) 
thrown [open/src/hotspot/share/interpreter/linkResolver.cpp, line 766]
Event: 0.235 Thread 0x00007f96cf80bc00 Exception <a 'java/lang/NoSuchMethodError'{0x000000078792c4d8}: 'void java.lang.invoke.DelegatingMethodHandle$Holder.delegate(java.lang.Object, java.lang.Object, int, java.lang.Object)'> (0x000000078792c4d8) 
thrown [open/src/hotspot/share/interpreter/linkResolver.cpp, line 766]
Event: 0.236 Thread 0x00007f96cf80bc00 Exception <a 'java/lang/NoSuchMethodError'{0x00000007879306e8}: 'int java.lang.invoke.DirectMethodHandle$Holder.invokeSpecial(java.lang.Object, java.lang.Object, java.lang.Object)'> (0x00000007879306e8) 
thrown [open/src/hotspot/share/interpreter/linkResolver.cpp, line 766]
Event: 0.259 Thread 0x00007f96cf80bc00 Exception <a 'sun/nio/fs/UnixException'{0x00000007879cd400}> (0x00000007879cd400) 
thrown [open/src/hotspot/share/prims/jni.cpp, line 516]
Event: 0.272 Thread 0x00007f96cf80bc00 Exception <a 'java/lang/NoSuchMethodError'{0x000000078780f718}: 'int java.lang.invoke.DirectMethodHandle$Holder.invokeStaticInit(java.lang.Object, java.lang.Object, int, long)'> (0x000000078780f718) 
thrown [open/src/hotspot/share/interpreter/linkResolver.cpp, line 766]
Event: 0.274 Thread 0x00007f96cf80bc00 Exception <a 'java/lang/NoSuchMethodError'{0x0000000787814fe0}: 'java.lang.Object java.lang.invoke.DirectMethodHandle$Holder.newInvokeSpecial(java.lang.Object, java.lang.Object, int)'> (0x0000000787814fe0) 
thrown [open/src/hotspot/share/interpreter/linkResolver.cpp, line 766]
Event: 0.278 Thread 0x00007f96cf80bc00 Exception <a 'java/lang/NoSuchMethodError'{0x000000078782a000}: 'int java.lang.invoke.DirectMethodHandle$Holder.invokeStaticInit(java.lang.Object, java.lang.Object, long, long)'> (0x000000078782a000) 
thrown [open/src/hotspot/share/interpreter/linkResolver.cpp, line 766]
Event: 0.278 Thread 0x00007f96cf80bc00 Exception <a 'java/lang/NoSuchMethodError'{0x0000000787830110}: 'java.lang.Object java.lang.invoke.DirectMethodHandle$Holder.newInvokeSpecial(java.lang.Object, java.lang.Object, long)'> (0x0000000787830110) 
thrown [open/src/hotspot/share/interpreter/linkResolver.cpp, line 766]
Event: 0.281 Thread 0x00007f96cf80bc00 Exception <a 'java/lang/NoSuchMethodError'{0x0000000787834158}: 'java.lang.Object java.lang.invoke.Invokers$Holder.linkToTargetMethod(java.lang.Object, long, java.lang.Object)'> (0x0000000787834158) 
thrown [open/src/hotspot/share/interpreter/linkResolver.cpp, line 766]
Event: 0.283 Thread 0x00007f96cf80bc00 Exception <a 'java/lang/NoSuchMethodError'{0x000000078783b870}: 'int java.lang.invoke.DirectMethodHandle$Holder.invokeStaticInit(java.lang.Object, java.lang.Object, java.lang.Object, long)'> (0x000000078783b870) 
thrown [open/src/hotspot/share/interpreter/linkResolver.cpp, line 766]
Event: 0.315 Thread 0x00007f96cf80bc00 Exception <a 'sun/nio/fs/UnixException'{0x00000007878f6808}> (0x00000007878f6808) 
thrown [open/src/hotspot/share/prims/jni.cpp, line 516]
Event: 0.339 Thread 0x00007f96cf80bc00 Exception <a 'sun/nio/fs/UnixException'{0x00000007877be408}> (0x00000007877be408) 
thrown [open/src/hotspot/share/prims/jni.cpp, line 516]
Event: 0.349 Thread 0x00007f96cf80bc00 Exception <a 'sun/nio/fs/UnixException'{0x000000078760d660}> (0x000000078760d660) 
thrown [open/src/hotspot/share/prims/jni.cpp, line 516]
Event: 0.431 Thread 0x00007f96cf80bc00 Exception <a 'sun/nio/fs/UnixException'{0x00000007876ac3a0}> (0x00000007876ac3a0) 
thrown [open/src/hotspot/share/prims/jni.cpp, line 516]
Event: 0.498 Thread 0x00007f96cf80bc00 Exception <a 'java/lang/NoSuchMethodError'{0x0000000787503920}: 'java.lang.Object java.lang.invoke.DirectMethodHandle$Holder.newInvokeSpecial(java.lang.Object, long)'> (0x0000000787503920) 
thrown [open/src/hotspot/share/interpreter/linkResolver.cpp, line 766]
Event: 0.598 Thread 0x00007f96cf80bc00 Exception <a 'sun/nio/fs/UnixException'{0x000000078743ac80}> (0x000000078743ac80) 
thrown [open/src/hotspot/share/prims/jni.cpp, line 516]

VM Operations (14 events):
Event: 0.172 Executing VM operation: HandshakeAllThreads
Event: 0.172 Executing VM operation: HandshakeAllThreads done
Event: 0.215 Executing VM operation: HandshakeAllThreads
Event: 0.215 Executing VM operation: HandshakeAllThreads done
Event: 0.234 Executing VM operation: HandshakeAllThreads
Event: 0.234 Executing VM operation: HandshakeAllThreads done
Event: 0.656 Executing VM operation: HandshakeAllThreads
Event: 0.656 Executing VM operation: HandshakeAllThreads done
Event: 1.656 Executing VM operation: Cleanup
Event: 1.658 Executing VM operation: Cleanup done
Event: 2.064 Executing VM operation: HandshakeAllThreads
Event: 2.064 Executing VM operation: HandshakeAllThreads done
Event: 2.065 Executing VM operation: HandshakeAllThreads
Event: 2.065 Executing VM operation: HandshakeAllThreads done

Events (20 events):
Event: 0.612 loading class sun/util/resources/LocaleData$LocaleDataResourceBundleProvider done
Event: 0.612 loading class sun/util/resources/LocaleData$CommonResourceBundleProvider done
Event: 0.612 loading class java/util/ArrayList$SubList$1
Event: 0.612 loading class java/util/ArrayList$SubList$1 done
Event: 0.613 loading class sun/text/resources/cldr/FormatData_en
Event: 0.613 loading class sun/text/resources/cldr/FormatData_en done
Event: 0.613 loading class sun/util/resources/Bundles$2
Event: 0.613 loading class sun/util/resources/Bundles$2 done
Event: 0.655 loading class java/lang/NumberFormatException
Event: 0.655 loading class java/lang/NumberFormatException done
Event: 0.685 loading class java/util/NoSuchElementException
Event: 0.685 loading class java/util/NoSuchElementException done
Event: 0.711 loading class java/io/UnsupportedEncodingException
Event: 0.712 loading class java/io/UnsupportedEncodingException done
Event: 0.714 loading class java/util/regex/Pattern$1
Event: 0.714 loading class java/util/regex/Pattern$1 done
Event: 0.750 loading class java/lang/SecurityException
Event: 0.750 loading class java/lang/SecurityException done
Event: 0.750 loading class java/lang/reflect/InvocationTargetException
Event: 0.750 loading class java/lang/reflect/InvocationTargetException done


Dynamic libraries:
0x000000010c8a6000 	/Library/Java/JavaVirtualMachines/jdk-17.jdk/Contents/Home/lib/libjli.dylib
0x00007ff813be3000 	/usr/lib/libz.1.dylib
0x00007ff813cc9000 	/usr/lib/libSystem.B.dylib
0x00007ff813cc4000 	/usr/lib/system/libcache.dylib
0x00007ff813c80000 	/usr/lib/system/libcommonCrypto.dylib
0x00007ff813ca9000 	/usr/lib/system/libcompiler_rt.dylib
0x00007ff813c9f000 	/usr/lib/system/libcopyfile.dylib
0x00007ff808881000 	/usr/lib/system/libcorecrypto.dylib
0x00007ff80893f000 	/usr/lib/system/libdispatch.dylib
0x00007ff808aff000 	/usr/lib/system/libdyld.dylib
0x00007ff813cbb000 	/usr/lib/system/libkeymgr.dylib
0x00007ff813c5e000 	/usr/lib/system/libmacho.dylib
0x00007ff8132d7000 	/usr/lib/system/libquarantine.dylib
0x00007ff813cb9000 	/usr/lib/system/libremovefile.dylib
0x00007ff80d9b0000 	/usr/lib/system/libsystem_asl.dylib
0x00007ff80882a000 	/usr/lib/system/libsystem_blocks.dylib
0x00007ff8089c3000 	/usr/lib/system/libsystem_c.dylib
0x00007ff813cb1000 	/usr/lib/system/libsystem_collections.dylib
0x00007ff812602000 	/usr/lib/system/libsystem_configuration.dylib
0x00007ff8118ae000 	/usr/lib/system/libsystem_containermanager.dylib
0x00007ff813991000 	/usr/lib/system/libsystem_coreservices.dylib
0x00007ff80b059000 	/usr/lib/system/libsystem_darwin.dylib
0x00007ff813cbc000 	/usr/lib/system/libsystem_dnssd.dylib
0x00007ff8089c0000 	/usr/lib/system/libsystem_featureflags.dylib
0x00007ff808b15000 	/usr/lib/system/libsystem_info.dylib
0x00007ff813bf6000 	/usr/lib/system/libsystem_m.dylib
0x00007ff808913000 	/usr/lib/system/libsystem_malloc.dylib
0x00007ff80d94b000 	/usr/lib/system/libsystem_networkextension.dylib
0x00007ff80b47f000 	/usr/lib/system/libsystem_notify.dylib
0x00007ff819fe5000 	/usr/lib/system/libsystem_product_info_filter.dylib
0x00007ff812606000 	/usr/lib/system/libsystem_sandbox.dylib
0x00007ff813cb6000 	/usr/lib/system/libsystem_secinit.dylib
0x00007ff808abb000 	/usr/lib/system/libsystem_kernel.dylib
0x00007ff808b0b000 	/usr/lib/system/libsystem_platform.dylib
0x00007ff808af3000 	/usr/lib/system/libsystem_pthread.dylib
0x00007ff80f268000 	/usr/lib/system/libsystem_symptoms.dylib
0x00007ff808868000 	/usr/lib/system/libsystem_trace.dylib
0x00007ff813c8c000 	/usr/lib/system/libunwind.dylib
0x00007ff80882c000 	/usr/lib/system/libxpc.dylib
0x00007ff808aa5000 	/usr/lib/libc++abi.dylib
0x00007ff808986000 	/usr/lib/libobjc.A.dylib
0x00007ff813c97000 	/usr/lib/liboah.dylib
0x00007ff808a4c000 	/usr/lib/libc++.1.dylib
0x00007ff81fde2000 	/System/Library/Frameworks/Cocoa.framework/Versions/A/Cocoa
0x00007ff80b4dd000 	/System/Library/Frameworks/AppKit.framework/Versions/C/AppKit
0x00007ff80ea47000 	/System/Library/Frameworks/CoreData.framework/Versions/A/CoreData
0x00007ff8098e9000 	/System/Library/Frameworks/Foundation.framework/Versions/C/Foundation
0x00007ff80c36b000 	/System/Library/PrivateFrameworks/UIFoundation.framework/Versions/A/UIFoundation
0x00007ff819ce8000 	/System/Library/PrivateFrameworks/RemoteViewServices.framework/Versions/A/RemoteViewServices
0x00007ff811f8c000 	/System/Library/PrivateFrameworks/XCTTargetBootstrap.framework/Versions/A/XCTTargetBootstrap
0x00007ff815b8e000 	/System/Library/PrivateFrameworks/InternationalSupport.framework/Versions/A/InternationalSupport
0x00007ff815c18000 	/System/Library/PrivateFrameworks/UserActivity.framework/Versions/A/UserActivity
0x00007ff814f72000 	/usr/lib/libspindump.dylib
0x00007ff80c5f9000 	/System/Library/Frameworks/UniformTypeIdentifiers.framework/Versions/A/UniformTypeIdentifiers
0x00007ff8106b5000 	/usr/lib/libapp_launch_measurement.dylib
0x00007ff80f428000 	/System/Library/PrivateFrameworks/CoreAnalytics.framework/Versions/A/CoreAnalytics
0x00007ff8106b8000 	/System/Library/PrivateFrameworks/CoreAutoLayout.framework/Versions/A/CoreAutoLayout
0x00007ff8118e6000 	/System/Library/Frameworks/Metal.framework/Versions/A/Metal
0x00007ff812612000 	/usr/lib/liblangid.dylib
0x00007ff811f91000 	/System/Library/PrivateFrameworks/CoreSVG.framework/Versions/A/CoreSVG
0x00007ff80d9e0000 	/System/Library/PrivateFrameworks/SkyLight.framework/Versions/A/SkyLight
0x00007ff80dd7e000 	/System/Library/Frameworks/CoreGraphics.framework/Versions/A/CoreGraphics
0x00007ff81a3a8000 	/System/Library/Frameworks/Accelerate.framework/Versions/A/Accelerate
0x00007ff8149f1000 	/System/Library/PrivateFrameworks/IconServices.framework/Versions/A/IconServices
0x00007ff8118cb000 	/System/Library/Frameworks/IOSurface.framework/Versions/A/IOSurface
0x00007ff80f456000 	/usr/lib/libDiagnosticMessagesClient.dylib
0x00007ff81da8b000 	/System/Library/Frameworks/ApplicationServices.framework/Versions/A/ApplicationServices
0x00007ff811f78000 	/System/Library/PrivateFrameworks/DFRFoundation.framework/Versions/A/DFRFoundation
0x00007ff80adc5000 	/usr/lib/libicucore.A.dylib
0x00007ff816983000 	/System/Library/Frameworks/AudioToolbox.framework/Versions/A/AudioToolbox
0x00007ff815b9a000 	/System/Library/PrivateFrameworks/DataDetectorsCore.framework/Versions/A/DataDetectorsCore
0x00007ff911b6c000 	/System/Library/PrivateFrameworks/TextInput.framework/Versions/A/TextInput
0x00007ff80d963000 	/usr/lib/libMobileGestalt.dylib
0x00007ff811c84000 	/System/Library/Frameworks/Carbon.framework/Versions/A/Frameworks/HIToolbox.framework/Versions/A/HIToolbox
0x00007ff8100bb000 	/System/Library/Frameworks/QuartzCore.framework/Versions/A/QuartzCore
0x00007ff80aa6c000 	/System/Library/Frameworks/Security.framework/Versions/A/Security
0x00007ff819d20000 	/System/Library/Frameworks/Carbon.framework/Versions/A/Frameworks/SpeechRecognition.framework/Versions/A/SpeechRecognition
0x00007ff810415000 	/System/Library/PrivateFrameworks/CoreUI.framework/Versions/A/CoreUI
0x00007ff80a338000 	/System/Library/Frameworks/CoreAudio.framework/Versions/A/CoreAudio
0x00007ff80f545000 	/System/Library/Frameworks/DiskArbitration.framework/Versions/A/DiskArbitration
0x00007ff81535e000 	/System/Library/PrivateFrameworks/MultitouchSupport.framework/Versions/A/MultitouchSupport
0x00007ff80d962000 	/usr/lib/libenergytrace.dylib
0x00007ff80b3c9000 	/System/Library/Frameworks/IOKit.framework/Versions/A/IOKit
0x00007ff81a110000 	/System/Library/Frameworks/CoreServices.framework/Versions/A/CoreServices
0x00007ff81064f000 	/System/Library/PrivateFrameworks/PerformanceAnalysis.framework/Versions/A/PerformanceAnalysis
0x00007ffa20f78000 	/System/Library/Frameworks/OpenGL.framework/Versions/A/OpenGL
0x00007ff8131fd000 	/System/Library/PrivateFrameworks/MobileKeyBag.framework/Versions/A/MobileKeyBag
0x00007ff80e4a8000 	/System/Library/Frameworks/ColorSync.framework/Versions/A/ColorSync
0x00007ff808b40000 	/System/Library/Frameworks/CoreFoundation.framework/Versions/A/CoreFoundation
0x00007ff812208000 	/System/Library/Frameworks/CoreImage.framework/Versions/A/CoreImage
0x00007ff80a150000 	/System/Library/Frameworks/CoreText.framework/Versions/A/CoreText
0x00007ff811fc1000 	/System/Library/Frameworks/ImageIO.framework/Versions/A/ImageIO
0x00007ff813ccf000 	/System/Library/PrivateFrameworks/SoftLinking.framework/Versions/A/SoftLinking
0x00007ff810700000 	/usr/lib/libxml2.2.dylib
0x00007ff813f50000 	/usr/lib/libcompression.dylib
0x00007ff815ac1000 	/System/Library/PrivateFrameworks/TextureIO.framework/Versions/A/TextureIO
0x00007ff81466a000 	/usr/lib/libate.dylib
0x00007ff814428000 	/usr/lib/liblzma.5.dylib
0x00007ff8095fc000 	/System/Library/Frameworks/SystemConfiguration.framework/Versions/A/SystemConfiguration
0x00007ff813ccb000 	/usr/lib/libfakelink.dylib
0x00007ff80d4bc000 	/System/Library/Frameworks/CFNetwork.framework/Versions/A/CFNetwork
0x00007ff813e0c000 	/usr/lib/libarchive.2.dylib
0x00007ff81260e000 	/System/Library/PrivateFrameworks/AppleSystemInfo.framework/Versions/A/AppleSystemInfo
0x00007ff8132fe000 	/usr/lib/libbsm.0.dylib
0x00007ff80cacf000 	/usr/lib/libnetwork.dylib
0x00007ff813c64000 	/usr/lib/system/libkxld.dylib
0x00007ff812f2a000 	/System/Library/PrivateFrameworks/IOMobileFramebuffer.framework/Versions/A/IOMobileFramebuffer
0x00007ffb20661000 	/usr/lib/libCoreEntitlements.dylib
0x00007ff813973000 	/System/Library/PrivateFrameworks/AppleFSCompression.framework/Versions/A/AppleFSCompression
0x00007ff8132e6000 	/usr/lib/libcoretls.dylib
0x00007ff814442000 	/usr/lib/libcoretls_cfhelpers.dylib
0x00007ff813f4b000 	/usr/lib/libpam.2.dylib
0x00007ff80ee8b000 	/usr/lib/libsqlite3.dylib
0x00007ff8144b1000 	/usr/lib/libxar.1.dylib
0x00007ff813983000 	/usr/lib/libbz2.1.0.dylib
0x00007ff813cd0000 	/usr/lib/libpcap.A.dylib
0x00007ff80f260000 	/usr/lib/libdns_services.dylib
0x00007ff813f1e000 	/usr/lib/libapple_nghttp2.dylib
0x00007ff813d0a000 	/usr/lib/libiconv.2.dylib
0x00007ff813c5d000 	/usr/lib/libcharset.1.dylib
0x00007ff810683000 	/System/Library/Frameworks/CoreServices.framework/Versions/A/Frameworks/FSEvents.framework/Versions/A/FSEvents
0x00007ff80b063000 	/System/Library/Frameworks/CoreServices.framework/Versions/A/Frameworks/CarbonCore.framework/Versions/A/CarbonCore
0x00007ff80f4a9000 	/System/Library/Frameworks/CoreServices.framework/Versions/A/Frameworks/Metadata.framework/Versions/A/Metadata
0x00007ff813996000 	/System/Library/Frameworks/CoreServices.framework/Versions/A/Frameworks/OSServices.framework/Versions/A/OSServices
0x00007ff813e93000 	/System/Library/Frameworks/CoreServices.framework/Versions/A/Frameworks/SearchKit.framework/Versions/A/SearchKit
0x00007ff80f1f3000 	/System/Library/Frameworks/CoreServices.framework/Versions/A/Frameworks/AE.framework/Versions/A/AE
0x00007ff809041000 	/System/Library/Frameworks/CoreServices.framework/Versions/A/Frameworks/LaunchServices.framework/Versions/A/LaunchServices
0x00007ff8143d9000 	/System/Library/Frameworks/CoreServices.framework/Versions/A/Frameworks/DictionaryServices.framework/Versions/A/DictionaryServices
0x00007ff810690000 	/System/Library/Frameworks/CoreServices.framework/Versions/A/Frameworks/SharedFileList.framework/Versions/A/SharedFileList
0x00007ff8132da000 	/usr/lib/libCheckFix.dylib
0x00007ff80d9c7000 	/System/Library/PrivateFrameworks/TCC.framework/Versions/A/TCC
0x00007ff812614000 	/System/Library/PrivateFrameworks/CoreNLP.framework/Versions/A/CoreNLP
0x00007ff80f459000 	/System/Library/PrivateFrameworks/MetadataUtilities.framework/Versions/A/MetadataUtilities
0x00007ff8096ac000 	/usr/lib/libmecabra.dylib
0x00007ff81330e000 	/usr/lib/libmecab.dylib
0x00007ff809677000 	/usr/lib/libCRFSuite.dylib
0x00007ff813368000 	/usr/lib/libgermantok.dylib
0x00007ff813ef9000 	/usr/lib/libThaiTokenizer.dylib
0x00007ff80f54c000 	/System/Library/Frameworks/Accelerate.framework/Versions/A/Frameworks/vImage.framework/Versions/A/vImage
0x00007ff81a0e7000 	/System/Library/Frameworks/Accelerate.framework/Versions/A/Frameworks/vecLib.framework/Versions/A/vecLib
0x00007ff8144f2000 	/System/Library/Frameworks/Accelerate.framework/Versions/A/Frameworks/vecLib.framework/Versions/A/libvMisc.dylib
0x00007ff812d29000 	/System/Library/Frameworks/Accelerate.framework/Versions/A/Frameworks/vecLib.framework/Versions/A/libvDSP.dylib
0x00007ff8093bb000 	/System/Library/Frameworks/Accelerate.framework/Versions/A/Frameworks/vecLib.framework/Versions/A/libBLAS.dylib
0x00007ff81402e000 	/System/Library/Frameworks/Accelerate.framework/Versions/A/Frameworks/vecLib.framework/Versions/A/libLAPACK.dylib
0x00007ff81336b000 	/System/Library/Frameworks/Accelerate.framework/Versions/A/Frameworks/vecLib.framework/Versions/A/libLinearAlgebra.dylib
0x00007ff813f36000 	/System/Library/Frameworks/Accelerate.framework/Versions/A/Frameworks/vecLib.framework/Versions/A/libSparseBLAS.dylib
0x00007ff814028000 	/System/Library/Frameworks/Accelerate.framework/Versions/A/Frameworks/vecLib.framework/Versions/A/libQuadrature.dylib
0x00007ff8126ff000 	/System/Library/Frameworks/Accelerate.framework/Versions/A/Frameworks/vecLib.framework/Versions/A/libBNNS.dylib
0x00007ff80958d000 	/System/Library/Frameworks/Accelerate.framework/Versions/A/Frameworks/vecLib.framework/Versions/A/libSparse.dylib
0x00007ff8126f8000 	/System/Library/PrivateFrameworks/LinguisticData.framework/Versions/A/LinguisticData
0x00007ff809543000 	/System/Library/PrivateFrameworks/Lexicon.framework/Versions/A/Lexicon
0x00007ff8144eb000 	/usr/lib/libChineseTokenizer.dylib
0x00007ff809ca5000 	/System/Library/PrivateFrameworks/LanguageModeling.framework/Versions/A/LanguageModeling
0x00007ff813efb000 	/System/Library/PrivateFrameworks/AppleSauce.framework/Versions/A/AppleSauce
0x00007ff812f18000 	/System/Library/PrivateFrameworks/CoreEmoji.framework/Versions/A/CoreEmoji
0x00007ff813dfb000 	/usr/lib/libcmph.dylib
0x00007ff810667000 	/System/Library/Frameworks/OpenDirectory.framework/Versions/A/Frameworks/CFOpenDirectory.framework/Versions/A/CFOpenDirectory
0x00007ff81065b000 	/System/Library/Frameworks/OpenDirectory.framework/Versions/A/OpenDirectory
0x00007ff814444000 	/System/Library/PrivateFrameworks/APFS.framework/Versions/A/APFS
0x00007ff813235000 	/System/Library/Frameworks/SecurityFoundation.framework/Versions/A/SecurityFoundation
0x00007ff8144bf000 	/usr/lib/libutil.dylib
0x00007ff80b38d000 	/System/Library/PrivateFrameworks/CoreServicesStore.framework/Versions/A/CoreServicesStore
0x00007ff8144c3000 	/usr/lib/libxslt.1.dylib
0x00007ff8132c2000 	/System/Library/PrivateFrameworks/BackgroundTaskManagement.framework/Versions/A/BackgroundTaskManagement
0x00007ff8159e2000 	/System/Library/Frameworks/ImageIO.framework/Versions/A/Resources/libRadiance.dylib
0x00007ff8159eb000 	/System/Library/Frameworks/ImageIO.framework/Versions/A/Resources/libJPEG.dylib
0x00007ff81593d000 	/System/Library/Frameworks/ImageIO.framework/Versions/A/Resources/libPng.dylib
0x00007ff81595e000 	/System/Library/Frameworks/ImageIO.framework/Versions/A/Resources/libTIFF.dylib
0x00007ff815a4a000 	/System/Library/Frameworks/ImageIO.framework/Versions/A/Resources/libGIF.dylib
0x00007ff81527a000 	/System/Library/Frameworks/ImageIO.framework/Versions/A/Resources/libJP2.dylib
0x00007ff8149b8000 	/usr/lib/libexpat.1.dylib
0x00007ff81522f000 	/System/Library/PrivateFrameworks/AppleJPEG.framework/Versions/A/AppleJPEG
0x00007ff811b48000 	/System/Library/PrivateFrameworks/FontServices.framework/libFontParser.dylib
0x00007ff80f19d000 	/System/Library/PrivateFrameworks/RunningBoardServices.framework/Versions/A/RunningBoardServices
0x00007ff82039a000 	/System/Library/PrivateFrameworks/IOSurfaceAccelerator.framework/Versions/A/IOSurfaceAccelerator
0x00007ff81535a000 	/System/Library/PrivateFrameworks/WatchdogClient.framework/Versions/A/WatchdogClient
0x00007ff809d93000 	/System/Library/Frameworks/CoreDisplay.framework/Versions/A/CoreDisplay
0x00007ff811a46000 	/System/Library/Frameworks/CoreMedia.framework/Versions/A/CoreMedia
0x00007ff8118dd000 	/System/Library/PrivateFrameworks/IOAccelerator.framework/Versions/A/IOAccelerator
0x00007ff8107e4000 	/System/Library/Frameworks/CoreVideo.framework/Versions/A/CoreVideo
0x00007ff813f49000 	/System/Library/Frameworks/MetalPerformanceShaders.framework/Versions/A/MetalPerformanceShaders
0x00007ff815397000 	/System/Library/Frameworks/VideoToolbox.framework/Versions/A/VideoToolbox
0x00007ff80f0e7000 	/System/Library/PrivateFrameworks/BaseBoard.framework/Versions/A/BaseBoard
0x00007ff80ee71000 	/System/Library/PrivateFrameworks/ProtocolBuffer.framework/Versions/A/ProtocolBuffer
0x00007ff8159db000 	/System/Library/PrivateFrameworks/GPUWrangler.framework/Versions/A/GPUWrangler
0x00007ff8159bf000 	/System/Library/PrivateFrameworks/IOPresentment.framework/Versions/A/IOPresentment
0x00007ff8159e5000 	/System/Library/PrivateFrameworks/DSExternalDisplay.framework/Versions/A/DSExternalDisplay
0x00007ffa20f6c000 	/System/Library/Frameworks/OpenGL.framework/Versions/A/Libraries/libCoreFSCache.dylib
0x00007ffb0de0a000 	/System/Library/PrivateFrameworks/GPUCompiler.framework/Versions/31001/Libraries/libGPUCompilerUtils.dylib
0x00007ff815a4f000 	/System/Library/PrivateFrameworks/CMCaptureCore.framework/Versions/A/CMCaptureCore
0x00007ff814f60000 	/System/Library/PrivateFrameworks/AppServerSupport.framework/Versions/A/AppServerSupport
0x00007ff81721b000 	/System/Library/PrivateFrameworks/perfdata.framework/Versions/A/perfdata
0x00007ff809ebf000 	/System/Library/PrivateFrameworks/AudioToolboxCore.framework/Versions/A/AudioToolboxCore
0x00007ff811a24000 	/System/Library/PrivateFrameworks/caulk.framework/Versions/A/caulk
0x00007ff816b2d000 	/usr/lib/libAudioStatistics.dylib
0x00007ff90e31a000 	/System/Library/PrivateFrameworks/SystemPolicy.framework/Versions/A/SystemPolicy
0x00007ff816d88000 	/usr/lib/libSMC.dylib
0x00007ff81fc95000 	/System/Library/Frameworks/CoreMIDI.framework/Versions/A/CoreMIDI
0x00007ff81590c000 	/usr/lib/libAudioToolboxUtility.dylib
0x00007ff90a5bd000 	/System/Library/PrivateFrameworks/OSAServicesClient.framework/Versions/A/OSAServicesClient
0x00007ff817228000 	/usr/lib/libperfcheck.dylib
0x00007ff90edc4000 	/usr/lib/libmis.dylib
0x00007ffa20fc7000 	/System/Library/Frameworks/OpenGL.framework/Versions/A/Libraries/libGLU.dylib
0x00007ffa20f8b000 	/System/Library/Frameworks/OpenGL.framework/Versions/A/Libraries/libGFXShared.dylib
0x00007ffa21194000 	/System/Library/Frameworks/OpenGL.framework/Versions/A/Libraries/libGL.dylib
0x00007ffa20f94000 	/System/Library/Frameworks/OpenGL.framework/Versions/A/Libraries/libGLImage.dylib
0x00007ffa20f88000 	/System/Library/Frameworks/OpenGL.framework/Versions/A/Libraries/libCVMSPluginSupport.dylib
0x00007ffa20f73000 	/System/Library/Frameworks/OpenGL.framework/Versions/A/Libraries/libCoreVMClient.dylib
0x00007ff812590000 	/System/Library/Frameworks/MetalPerformanceShaders.framework/Versions/A/Frameworks/MPSCore.framework/Versions/A/MPSCore
0x00007ff8138de000 	/System/Library/Frameworks/MetalPerformanceShaders.framework/Versions/A/Frameworks/MPSImage.framework/Versions/A/MPSImage
0x00007ff813381000 	/System/Library/Frameworks/MetalPerformanceShaders.framework/Versions/A/Frameworks/MPSNeuralNetwork.framework/Versions/A/MPSNeuralNetwork
0x00007ff8137f5000 	/System/Library/Frameworks/MetalPerformanceShaders.framework/Versions/A/Frameworks/MPSMatrix.framework/Versions/A/MPSMatrix
0x00007ff8135b0000 	/System/Library/Frameworks/MetalPerformanceShaders.framework/Versions/A/Frameworks/MPSRayIntersector.framework/Versions/A/MPSRayIntersector
0x00007ff81382d000 	/System/Library/Frameworks/MetalPerformanceShaders.framework/Versions/A/Frameworks/MPSNDArray.framework/Versions/A/MPSNDArray
0x00007ffa25ef4000 	/System/Library/Frameworks/MetalPerformanceShaders.framework/Versions/A/Frameworks/MPSFunctions.framework/Versions/A/MPSFunctions
0x00007ff809298000 	/System/Library/PrivateFrameworks/MetalTools.framework/Versions/A/MetalTools
0x00007ff81260c000 	/System/Library/PrivateFrameworks/AggregateDictionary.framework/Versions/A/AggregateDictionary
0x00007ff81479a000 	/usr/lib/libIOReport.dylib
0x00007ffa225a3000 	/System/Library/Frameworks/OpenCL.framework/Versions/A/OpenCL
0x00007ff814afe000 	/System/Library/PrivateFrameworks/FaceCore.framework/Versions/A/FaceCore
0x00007ff814aef000 	/System/Library/PrivateFrameworks/GraphVisualizer.framework/Versions/A/GraphVisualizer
0x00007ffb0dd15000 	/System/Library/PrivateFrameworks/FontServices.framework/Versions/A/FontServices
0x00007ff814f18000 	/System/Library/PrivateFrameworks/OTSVG.framework/Versions/A/OTSVG
0x00007ff8103cb000 	/System/Library/Frameworks/ApplicationServices.framework/Versions/A/Frameworks/ATS.framework/Versions/A/Resources/libFontRegistry.dylib
0x00007ff814f68000 	/System/Library/PrivateFrameworks/FontServices.framework/libhvf.dylib
0x00007ffb0dd16000 	/System/Library/PrivateFrameworks/FontServices.framework/libXTFontStaticRegistryData.dylib
0x00007ff814968000 	/System/Library/PrivateFrameworks/AppleVA.framework/Versions/A/AppleVA
0x00007ff816b4d000 	/System/Library/Frameworks/ApplicationServices.framework/Versions/A/Frameworks/ATS.framework/Versions/A/ATS
0x00007ff80e5a4000 	/System/Library/Frameworks/ApplicationServices.framework/Versions/A/Frameworks/HIServices.framework/Versions/A/HIServices
0x00007ff815a59000 	/System/Library/Frameworks/ApplicationServices.framework/Versions/A/Frameworks/PrintCore.framework/Versions/A/PrintCore
0x00007ff816edb000 	/System/Library/Frameworks/ApplicationServices.framework/Versions/A/Frameworks/QD.framework/Versions/A/QD
0x00007ff816ed3000 	/System/Library/Frameworks/ApplicationServices.framework/Versions/A/Frameworks/ColorSyncLegacy.framework/Versions/A/ColorSyncLegacy
0x00007ff816b3d000 	/System/Library/Frameworks/ApplicationServices.framework/Versions/A/Frameworks/SpeechSynthesis.framework/Versions/A/SpeechSynthesis
0x00007ff815a1a000 	/System/Library/Frameworks/ApplicationServices.framework/Versions/A/Frameworks/ATSUI.framework/Versions/A/ATSUI
0x00007ff816e68000 	/usr/lib/libcups.2.dylib
0x00007ff817237000 	/System/Library/Frameworks/Kerberos.framework/Versions/A/Kerberos
0x00007ff817246000 	/System/Library/Frameworks/GSS.framework/Versions/A/GSS
0x00007ff816bb9000 	/usr/lib/libresolv.9.dylib
0x00007ff814f77000 	/System/Library/PrivateFrameworks/Heimdal.framework/Versions/A/Heimdal
0x00007ff81de13000 	/System/Library/Frameworks/Kerberos.framework/Versions/A/Libraries/libHeimdalProxy.dylib
0x00007ff80f270000 	/System/Library/Frameworks/Network.framework/Versions/A/Network
0x00007ff8149d2000 	/usr/lib/libheimdal-asn1.dylib
0x00007ff817291000 	/System/Library/PrivateFrameworks/CommonAuth.framework/Versions/A/CommonAuth
0x00007ff816abf000 	/System/Library/PrivateFrameworks/AudioSession.framework/Versions/A/AudioSession
0x00007ff814a62000 	/System/Library/PrivateFrameworks/MediaExperience.framework/Versions/A/MediaExperience
0x00007ff816952000 	/System/Library/PrivateFrameworks/AudioSession.framework/libSessionUtility.dylib
0x00007ff816ee7000 	/System/Library/PrivateFrameworks/AudioResourceArbitration.framework/Versions/A/AudioResourceArbitration
0x00007ff81af5a000 	/System/Library/PrivateFrameworks/PowerLog.framework/Versions/A/PowerLog
0x00007ff8149db000 	/System/Library/PrivateFrameworks/IconFoundation.framework/Versions/A/IconFoundation
0x00007ff819d10000 	/System/Library/PrivateFrameworks/SpeechRecognitionCore.framework/Versions/A/SpeechRecognitionCore
0x000000010d912000 	/Library/Java/JavaVirtualMachines/jdk-17.jdk/Contents/Home/lib/server/libjvm.dylib
0x000000010c930000 	/Library/Java/JavaVirtualMachines/jdk-17.jdk/Contents/Home/lib/libjimage.dylib
0x000000010c9bd000 	/Library/Java/JavaVirtualMachines/jdk-17.jdk/Contents/Home/lib/libjava.dylib
0x000000012c8e4000 	/Library/Java/JavaVirtualMachines/jdk-17.jdk/Contents/Home/lib/libnio.dylib
0x000000012c93b000 	/Library/Java/JavaVirtualMachines/jdk-17.jdk/Contents/Home/lib/libnet.dylib
0x000000012c980000 	/Library/Java/JavaVirtualMachines/jdk-17.jdk/Contents/Home/lib/libzip.dylib
0x000000012cae8000 	/private/var/folders/_1/cs912w6x5j7glgjdsmn5ht7m0000gn/T/libgdxharshvardhan/21f66466/libgdx64.dylib
0x000000012f0fe000 	/private/var/folders/_1/cs912w6x5j7glgjdsmn5ht7m0000gn/T/lwjglharshvardhan/3.3.1-build-7/liblwjgl.dylib
0x000000012f1dc000 	/private/var/folders/_1/cs912w6x5j7glgjdsmn5ht7m0000gn/T/lwjglharshvardhan/3.3.1-build-7/libjemalloc.dylib
0x000000012f4d2000 	/private/var/folders/_1/cs912w6x5j7glgjdsmn5ht7m0000gn/T/lwjglharshvardhan/3.3.1-build-7/libglfw.dylib
0x00007ff80b34f000 	/System/Library/PrivateFrameworks/CoreServicesInternal.framework/Versions/A/CoreServicesInternal
0x00007ff81b54b000 	/System/Library/Frameworks/FileProvider.framework/Versions/A/FileProvider
0x00007ff80f054000 	/System/Library/Frameworks/Accounts.framework/Versions/A/Accounts
0x00007ff81b6c4000 	/System/Library/PrivateFrameworks/GenerationalStorage.framework/Versions/A/GenerationalStorage
0x00007ff81c1d7000 	/System/Library/PrivateFrameworks/CoreSymbolication.framework/Versions/A/CoreSymbolication
0x00007ff81af4f000 	/System/Library/PrivateFrameworks/SymptomDiagnosticReporter.framework/Versions/A/SymptomDiagnosticReporter
0x00007ff80c60d000 	/System/Library/PrivateFrameworks/DesktopServicesPriv.framework/Versions/A/DesktopServicesPriv
0x00007ff80b48e000 	/usr/lib/libsandbox.1.dylib
0x00007ff810863000 	/System/Library/PrivateFrameworks/UserManagement.framework/Versions/A/UserManagement
0x00007ff81c19c000 	/System/Library/PrivateFrameworks/DebugSymbols.framework/Versions/A/DebugSymbols
0x00007ff816ec8000 	/System/Library/PrivateFrameworks/NetAuth.framework/Versions/A/NetAuth
0x00007ff817dd5000 	/System/Library/PrivateFrameworks/Sharing.framework/Versions/A/Sharing
0x00007ff810836000 	/System/Library/PrivateFrameworks/login.framework/Versions/A/Frameworks/loginsupport.framework/Versions/A/loginsupport
0x00007ff81d33a000 	/System/Library/PrivateFrameworks/Apple80211.framework/Versions/A/Apple80211
0x00007ff8139c3000 	/System/Library/PrivateFrameworks/AuthKit.framework/Versions/A/AuthKit
0x00007ff81300e000 	/System/Library/PrivateFrameworks/CoreUtils.framework/Versions/A/CoreUtils
0x00007ff812f35000 	/System/Library/Frameworks/CoreWLAN.framework/Versions/A/CoreWLAN
0x00007ff817f34000 	/System/Library/Frameworks/IOBluetooth.framework/Versions/A/IOBluetooth
0x00007ff81d3a2000 	/System/Library/PrivateFrameworks/CoreWiFi.framework/Versions/A/CoreWiFi
0x00007ff81bd6e000 	/System/Library/PrivateFrameworks/FrontBoardServices.framework/Versions/A/FrontBoardServices
0x00007ff81bdff000 	/System/Library/PrivateFrameworks/BoardServices.framework/Versions/A/BoardServices
0x00007ff813224000 	/System/Library/PrivateFrameworks/AssertionServices.framework/Versions/A/AssertionServices
0x00007ff81d525000 	/System/Library/PrivateFrameworks/BackBoardServices.framework/Versions/A/BackBoardServices
0x00007ff817322000 	/System/Library/PrivateFrameworks/CorePhoneNumbers.framework/Versions/A/CorePhoneNumbers
0x00007ff81b06c000 	/System/Library/PrivateFrameworks/DiskManagement.framework/Versions/A/DiskManagement
0x00007ff81af80000 	/System/Library/PrivateFrameworks/AppleIDAuthSupport.framework/Versions/A/AppleIDAuthSupport
0x00007ffa284b5000 	/System/Library/PrivateFrameworks/AAAFoundation.framework/Versions/A/AAAFoundation
0x00007ff817303000 	/System/Library/PrivateFrameworks/KeychainCircle.framework/Versions/A/KeychainCircle
0x00007ff81b038000 	/System/Library/PrivateFrameworks/MediaKit.framework/Versions/A/MediaKit
0x00007ff81af8c000 	/System/Library/Frameworks/DiscRecording.framework/Versions/A/DiscRecording
0x00007ff8148e0000 	/usr/lib/libCoreStorage.dylib
0x00007ff81d813000 	/usr/lib/libcsfde.dylib
0x00007ff818001000 	/System/Library/PrivateFrameworks/ProtectedCloudStorage.framework/Versions/A/ProtectedCloudStorage
0x00007ff81d80f000 	/System/Library/PrivateFrameworks/EFILogin.framework/Versions/A/EFILogin
0x00007ff81b6ea000 	/System/Library/PrivateFrameworks/OctagonTrust.framework/Versions/A/OctagonTrust
0x00007ffb0cf84000 	/System/Library/PrivateFrameworks/CoreUtilsExtras.framework/Versions/A/CoreUtilsExtras
0x00007ff81aeb3000 	/System/Library/Frameworks/CoreBluetooth.framework/Versions/A/CoreBluetooth
0x00007ff81de98000 	/System/Library/Frameworks/AudioUnit.framework/Versions/A/AudioUnit
0x00007ff8148d8000 	/usr/lib/libMatch.1.dylib
0x00007ff81055b000 	/System/Library/PrivateFrameworks/ViewBridge.framework/Versions/A/ViewBridge
0x000000013139a000 	/private/var/folders/_1/cs912w6x5j7glgjdsmn5ht7m0000gn/T/lwjglharshvardhan/3.3.1-build-7/libopenal.dylib
0x00000001318ae000 	/System/Library/Components/CoreAudio.component/Contents/MacOS/CoreAudio
0x0000000131357000 	/usr/lib/libobjc-trampolines.dylib
0x00007ff91339d000 	/System/Library/Frameworks/Accelerate.framework/Versions/A/Frameworks/vImage.framework/Versions/A/Libraries/libCGInterfaces.dylib
0x00007ff81502e000 	/System/Library/PrivateFrameworks/login.framework/Versions/A/login
0x00007ffa2119f000 	/System/Library/Frameworks/OpenGL.framework/Versions/A/Resources/GLEngine.bundle/GLEngine
0x00007ffa21005000 	/System/Library/Frameworks/OpenGL.framework/Versions/A/Libraries/libGLProgrammability.dylib
0x00000001328f5000 	/System/Library/Extensions/AppleMetalOpenGLRenderer.bundle/Contents/MacOS/AppleMetalOpenGLRenderer
0x00007ffa21329000 	/System/Library/Frameworks/OpenGL.framework/Versions/A/Resources/GLRendererFloat.bundle/GLRendererFloat
0x00007ffa23141000 	/System/Library/Extensions/AGXMetal13_3.bundle/Contents/MacOS/AGXMetal13_3
0x00007ff90eddf000 	/System/Library/PrivateFrameworks/GPURawCounter.framework/Versions/A/GPURawCounter
0x00007ff909765000 	/System/Library/PrivateFrameworks/IOGPU.framework/Versions/A/IOGPU
0x0000000135530000 	/private/var/folders/_1/cs912w6x5j7glgjdsmn5ht7m0000gn/T/lwjglharshvardhan/3.3.1-build-7/liblwjgl_opengl.dylib
0x00007ffb08da1000 	/System/Library/PrivateFrameworks/AccessibilityBundles.framework/Versions/A/AccessibilityBundles
0x00007ffb20770000 	/usr/lib/libRosetta.dylib


VM Arguments:
jvm_args: -Dfile.encoding=UTF-8 -Duser.country=IN -Duser.language=en -Duser.variant 
java_command: com.mygdx.tankstars.DesktopLauncher
java_class_path (initial): /Users/harshvardhan/Desktop/harshvardhan/College_assgn,projects,books/sem3/Advanced Programming/TankStars/desktop/build/classes/java/main:/Users/harshvardhan/Desktop/harshvardhan/College_assgn,projects,books/sem3/Advanced Programming/TankStars/desktop/build/resources/main:/Users/harshvardhan/.gradle/caches/modules-2/files-2.1/com.badlogicgames.gdx/gdx-backend-lwjgl3/1.11.0/58a96db4cd349be4292d547856aa1e1c5f065f4e/gdx-backend-lwjgl3-1.11.0.jar:/Users/harshvardhan/.gradle/caches/modules-2/files-2.1/com.badlogicgames.gdx/gdx-platform/1.11.0/697fb13eada6d3c6ca648c9788692b0159add126/gdx-platform-1.11.0-natives-desktop.jar:/Users/harshvardhan/.gradle/caches/modules-2/files-2.1/com.badlogicgames.gdx/gdx-bullet-platform/1.11.0/2c067b913a306ba26d482075297538ad91cdb88b/gdx-bullet-platform-1.11.0-natives-desktop.jar:/Users/harshvardhan/.gradle/caches/modules-2/files-2.1/com.badlogicgames.gdx/gdx-freetype-platform/1.11.0/420e2c2c206843a0d51010be28a141a1eb946235/gdx-freetype-platform-1.11.0-natives-desktop.jar:/Users/harshvardhan/.gradle/caches/modules-2/files-2.1/com.badlogicgames.gdx-controllers/gdx-controllers-desktop/2.2.1/cb3430c32468a090eca54d494d16bb3764ceff9b/gdx-controllers-desktop-2.2.1.jar:/Users/harshvardhan/.gradle/caches/modules-2/files-2.1/com.badlogicgames.gdx/gdx-box2d-platform/1.11.0/62ff9baa1e57a11e0a4428a38c9660bf9f312fdc/gdx-box2d-platform-1.11.0-natives-desktop.jar:/Users/harshvardhan/Desktop/harshvardhan/College_assgn,projects,books/sem3/Advanced Programming/TankStars/core/build/libs/core-1.0.jar:/Users/harshvardhan/.gradle/caches/modules-2/files-2.1/com.badlogicgames.gdx-controllers/gdx-controllers-core/2.2.1/8aca0dc002a8daf6a6d28f49c44e25189dd93fd7/gdx-controllers-core-2.2.1.jar:/Users/harshvardhan/.gradle/caches/modules-2/files-2.1/com.badlogicgames.gdx/gdx-bullet/1.11.0/1eb83845fa655e7e8ab6bbb979d28b0502ad3302/gdx-bullet-1.11.0.jar:/Users/harshvardhan/.gradle/caches/modules-2/files-2.1/com.badlogicgames.gdx/gdx-freetype/1.1
Launcher Type: SUN_STANDARD

[Global flags]
     intx CICompilerCount                          = 4                                         {product} {ergonomic}
     uint ConcGCThreads                            = 2                                         {product} {ergonomic}
     uint G1ConcRefinementThreads                  = 8                                         {product} {ergonomic}
   size_t G1HeapRegionSize                         = 1048576                                   {product} {ergonomic}
    uintx GCDrainStackTargetSize                   = 64                                        {product} {ergonomic}
   size_t InitialHeapSize                          = 134217728                                 {product} {ergonomic}
   size_t MarkStackSize                            = 4194304                                   {product} {ergonomic}
   size_t MaxHeapSize                              = 2147483648                                {product} {ergonomic}
   size_t MaxNewSize                               = 1287651328                                {product} {ergonomic}
   size_t MinHeapDeltaBytes                        = 1048576                                   {product} {ergonomic}
   size_t MinHeapSize                              = 8388608                                   {product} {ergonomic}
    uintx NonNMethodCodeHeapSize                   = 5839372                                {pd product} {ergonomic}
    uintx NonProfiledCodeHeapSize                  = 122909434                              {pd product} {ergonomic}
    uintx ProfiledCodeHeapSize                     = 122909434                              {pd product} {ergonomic}
    uintx ReservedCodeCacheSize                    = 251658240                              {pd product} {ergonomic}
     bool SegmentedCodeCache                       = true                                      {product} {ergonomic}
   size_t SoftMaxHeapSize                          = 2147483648                             {manageable} {ergonomic}
     bool UseCompressedClassPointers               = true                           {product lp64_product} {ergonomic}
     bool UseCompressedOops                        = true                           {product lp64_product} {ergonomic}
     bool UseG1GC                                  = true                                      {product} {ergonomic}
     bool UseNUMA                                  = false                                     {product} {ergonomic}
     bool UseNUMAInterleaving                      = false                                     {product} {ergonomic}

Logging:
Log output configuration:
 #0: stdout all=warning uptime,level,tags
 #1: stderr all=off uptime,level,tags

Environment Variables:
JAVA_HOME=/Library/Java/JavaVirtualMachines/jdk-17.jdk/Contents/Home
PATH=/Library/Frameworks/Python.framework/Versions/3.10/bin:/usr/local/bin:/usr/bin:/bin:/usr/sbin:/sbin
SHELL=/bin/zsh
LC_CTYPE=en_IN.UTF-8

Signal Handlers:
   SIGSEGV: _ZL13crash_handleriP9__siginfoPv in libjvm.dylib, mask=11100110100111111111111111111111, flags=SA_RESTART|SA_SIGINFO
    SIGBUS: _ZL13crash_handleriP9__siginfoPv in libjvm.dylib, mask=11100110100111111111111111111111, flags=SA_RESTART|SA_SIGINFO
    SIGFPE: _ZL13crash_handleriP9__siginfoPv in libjvm.dylib, mask=11100110100111111111111111111111, flags=SA_RESTART|SA_SIGINFO
   SIGPIPE: _ZL17javaSignalHandleriP9__siginfoPv in libjvm.dylib, mask=11100110100111111111111111111111, flags=SA_RESTART|SA_SIGINFO
   SIGXFSZ: _ZL17javaSignalHandleriP9__siginfoPv in libjvm.dylib, mask=11100110100111111111111111111111, flags=SA_RESTART|SA_SIGINFO
    SIGILL: _ZL13crash_handleriP9__siginfoPv in libjvm.dylib, mask=11100110100111111111111111111111, flags=SA_RESTART|SA_SIGINFO
   SIGUSR2: _ZL10SR_handleriP9__siginfoP17__darwin_ucontext in libjvm.dylib, mask=00100000000000000000000000000000, flags=SA_RESTART|SA_SIGINFO
    SIGHUP: _ZL11UserHandleriPvS_ in libjvm.dylib, mask=11100110100111111111111111111111, flags=SA_RESTART|SA_SIGINFO
    SIGINT: _ZL11UserHandleriPvS_ in libjvm.dylib, mask=11100110100111111111111111111111, flags=SA_RESTART|SA_SIGINFO
   SIGTERM: _ZL11UserHandleriPvS_ in libjvm.dylib, mask=11100110100111111111111111111111, flags=SA_RESTART|SA_SIGINFO
   SIGQUIT: _ZL11UserHandleriPvS_ in libjvm.dylib, mask=11100110100111111111111111111111, flags=SA_RESTART|SA_SIGINFO
   SIGTRAP: _ZL13crash_handleriP9__siginfoPv in libjvm.dylib, mask=11100110100111111111111111111111, flags=SA_RESTART|SA_SIGINFO


---------------  S Y S T E M  ---------------

OS:
uname: Darwin 21.4.0 Darwin Kernel Version 21.4.0: Mon Feb 21 20:36:53 PST 2022; root:xnu-8020.101.4~2/RELEASE_ARM64_T8101 x86_64
OS uptime: 0 days 5:42 hours
rlimit (soft/hard): STACK 8176k/65520k , CORE 0k/infinity , NPROC 1333/2000 , NOFILE 10240/infinity , AS infinity/infinity , CPU infinity/infinity , DATA infinity/infinity , FSIZE infinity/infinity , MEMLOCK infinity/infinity , RSS infinity/infinity
load average: 2.15 2.02 2.25

CPU: (EMULATED) total 8 (initial active 8) (1 cores per cpu, 1 threads per core) family 6 model 44 stepping 0 microcode 0x0, cx8, cmov, fxsr, mmx, sse, sse2, sse3, ssse3, sse4.1, sse4.2, popcnt, tsc, tscinvbit, aes, clmul, clflush

Memory: 4k page, physical 8388608k(18764k free), swap 1048576k(1028352k free)

vm_info: Java HotSpot(TM) 64-Bit Server VM (17+35-LTS-2724) for bsd-amd64 JRE (17+35-LTS-2724), built on Aug  5 2021 22:37:01 by "mach5one" with clang Apple LLVM 12.0.0 (clang-1200.0.32.29)

END.
