#
# A fatal error has been detected by the Java Runtime Environment:
#
#  SIGSEGV (0xb) at pc=0x000000010a3c87e0, pid=3211, tid=25859
#
# JRE version: Java(TM) SE Runtime Environment (17.0+35) (build 17+35-LTS-2724)
# Java VM: Java HotSpot(TM) 64-Bit Server VM (17+35-LTS-2724, mixed mode, sharing, tiered, compressed oops, compressed class ptrs, g1 gc, bsd-amd64)
# Problematic frame:
# V  [libjvm.dylib+0x1577e0]  _ZN5Chunk9next_chopEv+0x20
#
# No core dump will be written. Core dumps have been disabled. To enable core dumping, try "ulimit -c unlimited" before starting Java again
#
# If you would like to submit a bug report, please visit:
#   https://bugreport.java.com/bugreport/crash.jsp
#

---------------  S U M M A R Y ------------

Command Line: -Dfile.encoding=UTF-8 -Duser.country=IN -Duser.language=en -Duser.variant com.mygdx.tankstars.DesktopLauncher

Host: "MacBookAir10,1" x86_64 (EMULATED) 2400 MHz, 8 cores, 8G, Darwin 21.4.0, macOS 12.3 (21E230)
Time: Mon Nov 21 03:37:11 2022 IST elapsed time: 4.025549 seconds (0d 0h 0m 4s)

---------------  T H R E A D  ---------------

Current thread (0x00007fe5e1827800):  JavaThread "C2 CompilerThread0" daemon [_thread_in_vm, id=25859, stack(0x000000030665c000,0x000000030675c000)]


Current CompileTask:
C2:   4025  950   !   4       com.badlogic.gdx.backends.lwjgl3.Sync::sync (145 bytes)

Stack: [0x000000030665c000,0x000000030675c000],  sp=0x000000030675bab0,  free space=1022k
Native frames: (J=compiled Java code, j=interpreted, Vv=VM code, C=native code)
V  [libjvm.dylib+0x1577e0]  _ZN5Chunk9next_chopEv+0x20
V  [libjvm.dylib+0x325ae7]  _ZN13CompileBroker25invoke_compiler_on_methodEP11CompileTask+0x1117
V  [libjvm.dylib+0x32493e]  _ZN13CompileBroker20compiler_thread_loopEv+0x44e
V  [libjvm.dylib+0x9ee092]  _ZN10JavaThread17thread_main_innerEv+0x142
V  [libjvm.dylib+0x9ec68a]  _ZN6Thread8call_runEv+0x11a
V  [libjvm.dylib+0x880fd8]  _ZL19thread_native_entryP6Thread+0x148
C  [libsystem_pthread.dylib+0x64e1]  _pthread_start+0x7d
C  [libsystem_pthread.dylib+0x1f6b]  thread_start+0xf


siginfo: si_signo: 11 (SIGSEGV), si_code: 1 (SEGV_MAPERR), si_addr: 0x43e7000043c28000

Register to memory mapping:

RAX=0x0 is NULL
RBX=0x43e7000043c28000 is an unknown value
RCX=0x000000010aecc118: _ZL8tc_mutex+0x20 in /Library/Java/JavaVirtualMachines/jdk-17.jdk/Contents/Home/lib/server/libjvm.dylib at 0x000000010a271000
RDX=0x0000190000001900 is an unknown value
RSP=0x000000030675bab0 is pointing into the stack for thread: 0x00007fe5e1827800
RBP=0x000000030675bac0 is pointing into the stack for thread: 0x00007fe5e1827800
RSI=0x000000000000000b is an unknown value
RDI=0x43e7000043c28000 is an unknown value
R8 =0x0000000000000100 is an unknown value
R9 =0x0000000000000009 is an unknown value
R10=0x0 is NULL
R11=0x000000000000000b is an unknown value
R12=0x00007fe5e1827800 is a thread
R13=0x0 is NULL
R14=0x00007fe5e17098e0 points into unknown readable memory: 0x00007fe5e1b34800 | 00 48 b3 e1 e5 7f 00 00
R15=0x0000600001df1170 points into unknown readable memory: 0x0000600002fe99c0 | c0 99 fe 02 00 60 00 00


Registers:
RAX=0x0000000000000000, RBX=0x43e7000043c28000, RCX=0x000000010aecc118, RDX=0x0000190000001900
RSP=0x000000030675bab0, RBP=0x000000030675bac0, RSI=0x000000000000000b, RDI=0x43e7000043c28000
R8 =0x0000000000000100, R9 =0x0000000000000009, R10=0x0000000000000000, R11=0x000000000000000b
R12=0x00007fe5e1827800, R13=0x0000000000000000, R14=0x00007fe5e17098e0, R15=0x0000600001df1170
RIP=0x000000010a3c87e0, EFLAGS=0x0000000000000206, ERR=0x0000000000000004
  TRAPNO=0x000000000000000e

Top of Stack: (sp=0x000000030675bab0)
0x000000030675bab0:   00007fe5e17098e0 00006000021f1e90
0x000000030675bac0:   000000030675bdc0 000000010a596ae7
0x000000030675bad0:   0000000000000000 0000000000000000
0x000000030675bae0:   0000000100000000 0000000000000000
0x000000030675baf0:   0000000000000000 00000000deadbeef
0x000000030675bb00:   00007fe5e17098e0 00007fe5e17098f0
0x000000030675bb10:   000000012997e900 00007fe5e1827800
0x000000030675bb20:   00000000eec14d8c 0000000000000000
0x000000030675bb30:   000000030675bb68 000000010ad5de28
0x000000030675bb40:   0000000000000000 00007fe5e1827800
0x000000030675bb50:   000000030675bdd8 00007fe5e1709cc8
0x000000030675bb60:   00000000000003d8 000000000119e3e6
0x000000030675bb70:   000000030675bbe0 0000000000000000
0x000000030675bb80:   00000003000003b6 0000000000000000
0x000000030675bb90:   00006000021f1e90 00000004089cc69c
0x000000030675bba0:   0000600001df1170 0000000000000000
0x000000030675bbb0:   00006000014fc0d0 000000030675bca8
0x000000030675bbc0:   000000030675bc30 0000000000035c00
0x000000030675bbd0:   00007fe500000000 00007fe5e1827800
0x000000030675bbe0:   ffffffff00035b01 0000600000bf0840
0x000000030675bbf0:   000000030675bbf8 00007fe500000006
0x000000030675bc00:   0000000000000000 0000000000000000
0x000000030675bc10:   0000000000000000 0000000000000000
0x000000030675bc20:   0000000000000000 00007fe5d170f8b0
0x000000030675bc30:   00007fe5e1709920 00007fe5e1709980
0x000000030675bc40:   00007fe5e1b37ff0 0000000000000000
0x000000030675bc50:   00000000b1d04001 00000114b1d04000
0x000000030675bc60:   0000600001df1170 0000000000000000
0x000000030675bc70:   0000000000000000 0000000000000000
0x000000030675bc80:   0000600000000000 0000000000000000
0x000000030675bc90:   0000000000000000 000000010aae9f00
0x000000030675bca0:   00007fe5e30b3c80 00007fe5e30b3d40 

Instructions: (pc=0x000000010a3c87e0)
0x000000010a3c86e0:   38 48 3d d8 7f 00 00 75 0d 4c 8b 3d 40 eb b1 00
0x000000010a3c86f0:   4c 8d 75 d0 eb 2e 4c 8d 75 e0 4c 89 f7 e8 be dd
0x000000010a3c8700:   89 00 48 89 df e8 d6 59 72 00 eb 31 4c 8b 3d 35
0x000000010a3c8710:   eb b1 00 4c 8d 75 d8 eb 0b 4c 8b 3d 18 eb b1 00
0x000000010a3c8720:   4c 8d 75 c8 4c 89 f7 e8 94 dd 89 00 49 ff 4f 10
0x000000010a3c8730:   49 8b 07 48 89 03 49 89 1f 49 ff 47 08 4c 89 f7
0x000000010a3c8740:   e8 3b de 89 00 48 83 c4 28 5b 41 5e 41 5f 5d c3
0x000000010a3c8750:   55 48 89 e5 48 89 77 08 48 c7 07 00 00 00 00 5d
0x000000010a3c8760:   c3 66 2e 0f 1f 84 00 00 00 00 00 0f 1f 44 00 00
0x000000010a3c8770:   55 48 89 e5 48 89 77 08 48 c7 07 00 00 00 00 5d
0x000000010a3c8780:   c3 66 2e 0f 1f 84 00 00 00 00 00 0f 1f 44 00 00
0x000000010a3c8790:   55 48 89 e5 53 50 48 85 ff 74 15 0f 1f 44 00 00
0x000000010a3c87a0:   48 8b 1f e8 f8 fe ff ff 48 89 df 48 85 db 75 f0
0x000000010a3c87b0:   48 83 c4 08 5b 5d c3 66 0f 1f 84 00 00 00 00 00
0x000000010a3c87c0:   55 48 89 e5 41 56 53 49 89 fe 48 8b 3f 48 85 ff
0x000000010a3c87d0:   74 1e 66 2e 0f 1f 84 00 00 00 00 00 0f 1f 40 00
0x000000010a3c87e0:   48 8b 1f e8 b8 fe ff ff 48 89 df 48 85 db 75 f0
0x000000010a3c87f0:   49 c7 06 00 00 00 00 5b 41 5e 5d c3 0f 1f 40 00
0x000000010a3c8800:   55 48 89 e5 41 56 53 45 31 f6 bf 10 00 00 00 be
0x000000010a3c8810:   08 00 00 00 31 d2 e8 f5 84 ff ff 48 85 c0 74 1d
0x000000010a3c8820:   48 89 c3 be 88 13 00 00 48 89 c7 e8 40 2c 86 00
0x000000010a3c8830:   48 8d 05 59 bc a9 00 48 89 03 49 89 de 4c 89 f7
0x000000010a3c8840:   5b 41 5e 5d e9 47 2f 86 00 0f 1f 80 00 00 00 00
0x000000010a3c8850:   55 48 89 e5 41 57 41 56 41 55 41 54 53 50 49 89
0x000000010a3c8860:   d6 41 89 f7 49 89 fd 89 37 48 c7 47 28 00 00 00
0x000000010a3c8870:   00 49 83 c6 07 49 83 e6 f8 31 db bf 10 00 00 00
0x000000010a3c8880:   31 f6 4c 89 f2 e8 c6 fb ff ff 48 85 c0 74 0e 4c
0x000000010a3c8890:   89 70 08 48 c7 00 00 00 00 00 48 89 c3 49 89 5d
0x000000010a3c88a0:   10 49 89 5d 08 48 8d 43 10 49 89 45 18 48 03 43
0x000000010a3c88b0:   08 49 89 45 20 4c 8d 25 d4 00 b0 00 41 8b 04 24
0x000000010a3c88c0:   3d ff 00 00 00 74 17 41 8b 04 24 83 f8 02 7d 2d
0x000000010a3c88d0:   4d 89 f7 4d 2b 7d 28 75 4a e9 91 00 00 00 e8 9d 


Stack slot to memory mapping:
stack at sp + 0 slots: 0x00007fe5e17098e0 points into unknown readable memory: 0x00007fe5e1b34800 | 00 48 b3 e1 e5 7f 00 00
stack at sp + 1 slots: 0x00006000021f1e90 points into unknown readable memory: 0x0000000000000006 | 06 00 00 00 00 00 00 00
stack at sp + 2 slots: 0x000000030675bdc0 is pointing into the stack for thread: 0x00007fe5e1827800
stack at sp + 3 slots: 0x000000010a596ae7: _ZN13CompileBroker25invoke_compiler_on_methodEP11CompileTask+0x1117 in /Library/Java/JavaVirtualMachines/jdk-17.jdk/Contents/Home/lib/server/libjvm.dylib at 0x000000010a271000
stack at sp + 4 slots: 0x0 is NULL
stack at sp + 5 slots: 0x0 is NULL
stack at sp + 6 slots: 0x0000000100000000 is an unknown value
stack at sp + 7 slots: 0x0 is NULL


---------------  P R O C E S S  ---------------

Threads class SMR info:
_java_thread_list=0x0000600002fe8ba0, length=11, elements={
0x00007fe5e280ea00, 0x00007fe5d1895400, 0x00007fe5d1897c00, 0x00007fe5d1898200,
0x00007fe5e182e200, 0x00007fe5e182e800, 0x00007fe5e1827800, 0x00007fe5e1827e00,
0x00007fe5e2829e00, 0x00007fe5d1898800, 0x00007fe5e282a400
}

Java Threads: ( => current thread )
  0x00007fe5e280ea00 JavaThread "main" [_thread_in_native, id=259, stack(0x000000030511f000,0x000000030591f000)]
  0x00007fe5d1895400 JavaThread "Reference Handler" daemon [_thread_blocked, id=22087, stack(0x0000000305fb5000,0x00000003060b5000)]
  0x00007fe5d1897c00 JavaThread "Finalizer" daemon [_thread_blocked, id=43011, stack(0x00000003060b8000,0x00000003061b8000)]
  0x00007fe5d1898200 JavaThread "Signal Dispatcher" daemon [_thread_blocked, id=24579, stack(0x0000000306353000,0x0000000306453000)]
  0x00007fe5e182e200 JavaThread "Service Thread" daemon [_thread_blocked, id=25091, stack(0x0000000306456000,0x0000000306556000)]
  0x00007fe5e182e800 JavaThread "Monitor Deflation Thread" daemon [_thread_blocked, id=25347, stack(0x0000000306559000,0x0000000306659000)]
=>0x00007fe5e1827800 JavaThread "C2 CompilerThread0" daemon [_thread_in_vm, id=25859, stack(0x000000030665c000,0x000000030675c000)]
  0x00007fe5e1827e00 JavaThread "C1 CompilerThread0" daemon [_thread_blocked, id=39939, stack(0x000000030675f000,0x000000030685f000)]
  0x00007fe5e2829e00 JavaThread "Sweeper thread" daemon [_thread_blocked, id=39683, stack(0x0000000306862000,0x0000000306962000)]
  0x00007fe5d1898800 JavaThread "Notification Thread" daemon [_thread_blocked, id=39175, stack(0x0000000306965000,0x0000000306a65000)]
  0x00007fe5e282a400 JavaThread "Common-Cleaner" daemon [_thread_blocked, id=27147, stack(0x0000000306b6b000,0x0000000306c6b000)]

Other Threads:
  0x00007fe5d170b970 VMThread "VM Thread" [stack: 0x0000000305eb2000,0x0000000305fb2000] [id=16131]
  0x00007fe5e20076e0 WatcherThread [stack: 0x0000000306a68000,0x0000000306b68000] [id=38663]
  0x00007fe5e1706250 GCTaskThread "GC Thread#0" [stack: 0x00000003059a3000,0x0000000305aa3000] [id=13059]
  0x00007fe5d17042b0 ConcurrentGCThread "G1 Main Marker" [stack: 0x0000000305aa6000,0x0000000305ba6000] [id=13571]
  0x00007fe5d1704b30 ConcurrentGCThread "G1 Conc#0" [stack: 0x0000000305ba9000,0x0000000305ca9000] [id=17923]
  0x00007fe5d1707390 ConcurrentGCThread "G1 Refine#0" [stack: 0x0000000305cac000,0x0000000305dac000] [id=17411]
  0x00007fe5d1707c20 ConcurrentGCThread "G1 Service" [stack: 0x0000000305daf000,0x0000000305eaf000] [id=14339]

Threads with active compile tasks:
C2 CompilerThread0     4035  950   !   4       com.badlogic.gdx.backends.lwjgl3.Sync::sync (145 bytes)

VM state: not at safepoint (normal execution)

VM Mutex/Monitor currently owned by a thread: None

Heap address: 0x0000000780000000, size: 2048 MB, Compressed Oops mode: Zero based, Oop shift amount: 3

CDS archive(s) mapped at: [0x0000000800000000-0x0000000800bd0000-0x0000000800bd0000), size 12386304, SharedBaseAddress: 0x0000000800000000, ArchiveRelocationMode: 0.
Compressed class space mapped at: 0x0000000800c00000-0x0000000840c00000, reserved size: 1073741824
Narrow klass base: 0x0000000800000000, Narrow klass shift: 0, Narrow klass range: 0x100000000

GC Precious Log:
 CPUs: 8 total, 8 available
 Memory: 8192M
 Large Page Support: Disabled
 NUMA Support: Disabled
 Compressed Oops: Enabled (Zero based)
 Heap Region Size: 1M
 Heap Min Capacity: 8M
 Heap Initial Capacity: 128M
 Heap Max Capacity: 2G
 Pre-touch: Disabled
 Parallel Workers: 8
 Concurrent Workers: 2
 Concurrent Refinement Workers: 8
 Periodic GC: Disabled

Heap:
 garbage-first heap   total 133120K, used 17364K [0x0000000780000000, 0x0000000800000000)
  region size 1024K, 18 young (18432K), 0 survivors (0K)
 Metaspace       used 5386K, committed 5568K, reserved 1056768K
  class space    used 362K, committed 448K, reserved 1048576K

Heap Regions: E=young(eden), S=young(survivor), O=old, HS=humongous(starts), HC=humongous(continues), CS=collection set, F=free, OA=open archive, CA=closed archive, TAMS=top-at-mark-start (previous, next)
|   0|0x0000000780000000, 0x0000000780000000, 0x0000000780100000|  0%| F|  |TAMS 0x0000000780000000, 0x0000000780000000| Untracked 
|   1|0x0000000780100000, 0x0000000780100000, 0x0000000780200000|  0%| F|  |TAMS 0x0000000780100000, 0x0000000780100000| Untracked 
|   2|0x0000000780200000, 0x0000000780200000, 0x0000000780300000|  0%| F|  |TAMS 0x0000000780200000, 0x0000000780200000| Untracked 
|   3|0x0000000780300000, 0x0000000780300000, 0x0000000780400000|  0%| F|  |TAMS 0x0000000780300000, 0x0000000780300000| Untracked 
|   4|0x0000000780400000, 0x0000000780400000, 0x0000000780500000|  0%| F|  |TAMS 0x0000000780400000, 0x0000000780400000| Untracked 
|   5|0x0000000780500000, 0x0000000780500000, 0x0000000780600000|  0%| F|  |TAMS 0x0000000780500000, 0x0000000780500000| Untracked 
|   6|0x0000000780600000, 0x0000000780600000, 0x0000000780700000|  0%| F|  |TAMS 0x0000000780600000, 0x0000000780600000| Untracked 
|   7|0x0000000780700000, 0x0000000780700000, 0x0000000780800000|  0%| F|  |TAMS 0x0000000780700000, 0x0000000780700000| Untracked 
|   8|0x0000000780800000, 0x0000000780800000, 0x0000000780900000|  0%| F|  |TAMS 0x0000000780800000, 0x0000000780800000| Untracked 
|   9|0x0000000780900000, 0x0000000780900000, 0x0000000780a00000|  0%| F|  |TAMS 0x0000000780900000, 0x0000000780900000| Untracked 
|  10|0x0000000780a00000, 0x0000000780a00000, 0x0000000780b00000|  0%| F|  |TAMS 0x0000000780a00000, 0x0000000780a00000| Untracked 
|  11|0x0000000780b00000, 0x0000000780b00000, 0x0000000780c00000|  0%| F|  |TAMS 0x0000000780b00000, 0x0000000780b00000| Untracked 
|  12|0x0000000780c00000, 0x0000000780c00000, 0x0000000780d00000|  0%| F|  |TAMS 0x0000000780c00000, 0x0000000780c00000| Untracked 
|  13|0x0000000780d00000, 0x0000000780d00000, 0x0000000780e00000|  0%| F|  |TAMS 0x0000000780d00000, 0x0000000780d00000| Untracked 
|  14|0x0000000780e00000, 0x0000000780e00000, 0x0000000780f00000|  0%| F|  |TAMS 0x0000000780e00000, 0x0000000780e00000| Untracked 
|  15|0x0000000780f00000, 0x0000000780f00000, 0x0000000781000000|  0%| F|  |TAMS 0x0000000780f00000, 0x0000000780f00000| Untracked 
|  16|0x0000000781000000, 0x0000000781000000, 0x0000000781100000|  0%| F|  |TAMS 0x0000000781000000, 0x0000000781000000| Untracked 
|  17|0x0000000781100000, 0x0000000781100000, 0x0000000781200000|  0%| F|  |TAMS 0x0000000781100000, 0x0000000781100000| Untracked 
|  18|0x0000000781200000, 0x0000000781200000, 0x0000000781300000|  0%| F|  |TAMS 0x0000000781200000, 0x0000000781200000| Untracked 
|  19|0x0000000781300000, 0x0000000781300000, 0x0000000781400000|  0%| F|  |TAMS 0x0000000781300000, 0x0000000781300000| Untracked 
|  20|0x0000000781400000, 0x0000000781400000, 0x0000000781500000|  0%| F|  |TAMS 0x0000000781400000, 0x0000000781400000| Untracked 
|  21|0x0000000781500000, 0x0000000781500000, 0x0000000781600000|  0%| F|  |TAMS 0x0000000781500000, 0x0000000781500000| Untracked 
|  22|0x0000000781600000, 0x0000000781600000, 0x0000000781700000|  0%| F|  |TAMS 0x0000000781600000, 0x0000000781600000| Untracked 
|  23|0x0000000781700000, 0x0000000781700000, 0x0000000781800000|  0%| F|  |TAMS 0x0000000781700000, 0x0000000781700000| Untracked 
|  24|0x0000000781800000, 0x0000000781800000, 0x0000000781900000|  0%| F|  |TAMS 0x0000000781800000, 0x0000000781800000| Untracked 
|  25|0x0000000781900000, 0x0000000781900000, 0x0000000781a00000|  0%| F|  |TAMS 0x0000000781900000, 0x0000000781900000| Untracked 
|  26|0x0000000781a00000, 0x0000000781a00000, 0x0000000781b00000|  0%| F|  |TAMS 0x0000000781a00000, 0x0000000781a00000| Untracked 
|  27|0x0000000781b00000, 0x0000000781b00000, 0x0000000781c00000|  0%| F|  |TAMS 0x0000000781b00000, 0x0000000781b00000| Untracked 
|  28|0x0000000781c00000, 0x0000000781c00000, 0x0000000781d00000|  0%| F|  |TAMS 0x0000000781c00000, 0x0000000781c00000| Untracked 
|  29|0x0000000781d00000, 0x0000000781d00000, 0x0000000781e00000|  0%| F|  |TAMS 0x0000000781d00000, 0x0000000781d00000| Untracked 
|  30|0x0000000781e00000, 0x0000000781e00000, 0x0000000781f00000|  0%| F|  |TAMS 0x0000000781e00000, 0x0000000781e00000| Untracked 
|  31|0x0000000781f00000, 0x0000000781f00000, 0x0000000782000000|  0%| F|  |TAMS 0x0000000781f00000, 0x0000000781f00000| Untracked 
|  32|0x0000000782000000, 0x0000000782000000, 0x0000000782100000|  0%| F|  |TAMS 0x0000000782000000, 0x0000000782000000| Untracked 
|  33|0x0000000782100000, 0x0000000782100000, 0x0000000782200000|  0%| F|  |TAMS 0x0000000782100000, 0x0000000782100000| Untracked 
|  34|0x0000000782200000, 0x0000000782200000, 0x0000000782300000|  0%| F|  |TAMS 0x0000000782200000, 0x0000000782200000| Untracked 
|  35|0x0000000782300000, 0x0000000782300000, 0x0000000782400000|  0%| F|  |TAMS 0x0000000782300000, 0x0000000782300000| Untracked 
|  36|0x0000000782400000, 0x0000000782400000, 0x0000000782500000|  0%| F|  |TAMS 0x0000000782400000, 0x0000000782400000| Untracked 
|  37|0x0000000782500000, 0x0000000782500000, 0x0000000782600000|  0%| F|  |TAMS 0x0000000782500000, 0x0000000782500000| Untracked 
|  38|0x0000000782600000, 0x0000000782600000, 0x0000000782700000|  0%| F|  |TAMS 0x0000000782600000, 0x0000000782600000| Untracked 
|  39|0x0000000782700000, 0x0000000782700000, 0x0000000782800000|  0%| F|  |TAMS 0x0000000782700000, 0x0000000782700000| Untracked 
|  40|0x0000000782800000, 0x0000000782800000, 0x0000000782900000|  0%| F|  |TAMS 0x0000000782800000, 0x0000000782800000| Untracked 
|  41|0x0000000782900000, 0x0000000782900000, 0x0000000782a00000|  0%| F|  |TAMS 0x0000000782900000, 0x0000000782900000| Untracked 
|  42|0x0000000782a00000, 0x0000000782a00000, 0x0000000782b00000|  0%| F|  |TAMS 0x0000000782a00000, 0x0000000782a00000| Untracked 
|  43|0x0000000782b00000, 0x0000000782b00000, 0x0000000782c00000|  0%| F|  |TAMS 0x0000000782b00000, 0x0000000782b00000| Untracked 
|  44|0x0000000782c00000, 0x0000000782c00000, 0x0000000782d00000|  0%| F|  |TAMS 0x0000000782c00000, 0x0000000782c00000| Untracked 
|  45|0x0000000782d00000, 0x0000000782d00000, 0x0000000782e00000|  0%| F|  |TAMS 0x0000000782d00000, 0x0000000782d00000| Untracked 
|  46|0x0000000782e00000, 0x0000000782e00000, 0x0000000782f00000|  0%| F|  |TAMS 0x0000000782e00000, 0x0000000782e00000| Untracked 
|  47|0x0000000782f00000, 0x0000000782f00000, 0x0000000783000000|  0%| F|  |TAMS 0x0000000782f00000, 0x0000000782f00000| Untracked 
|  48|0x0000000783000000, 0x0000000783000000, 0x0000000783100000|  0%| F|  |TAMS 0x0000000783000000, 0x0000000783000000| Untracked 
|  49|0x0000000783100000, 0x0000000783100000, 0x0000000783200000|  0%| F|  |TAMS 0x0000000783100000, 0x0000000783100000| Untracked 
|  50|0x0000000783200000, 0x0000000783200000, 0x0000000783300000|  0%| F|  |TAMS 0x0000000783200000, 0x0000000783200000| Untracked 
|  51|0x0000000783300000, 0x0000000783300000, 0x0000000783400000|  0%| F|  |TAMS 0x0000000783300000, 0x0000000783300000| Untracked 
|  52|0x0000000783400000, 0x0000000783400000, 0x0000000783500000|  0%| F|  |TAMS 0x0000000783400000, 0x0000000783400000| Untracked 
|  53|0x0000000783500000, 0x0000000783500000, 0x0000000783600000|  0%| F|  |TAMS 0x0000000783500000, 0x0000000783500000| Untracked 
|  54|0x0000000783600000, 0x0000000783600000, 0x0000000783700000|  0%| F|  |TAMS 0x0000000783600000, 0x0000000783600000| Untracked 
|  55|0x0000000783700000, 0x0000000783700000, 0x0000000783800000|  0%| F|  |TAMS 0x0000000783700000, 0x0000000783700000| Untracked 
|  56|0x0000000783800000, 0x0000000783800000, 0x0000000783900000|  0%| F|  |TAMS 0x0000000783800000, 0x0000000783800000| Untracked 
|  57|0x0000000783900000, 0x0000000783900000, 0x0000000783a00000|  0%| F|  |TAMS 0x0000000783900000, 0x0000000783900000| Untracked 
|  58|0x0000000783a00000, 0x0000000783a00000, 0x0000000783b00000|  0%| F|  |TAMS 0x0000000783a00000, 0x0000000783a00000| Untracked 
|  59|0x0000000783b00000, 0x0000000783b00000, 0x0000000783c00000|  0%| F|  |TAMS 0x0000000783b00000, 0x0000000783b00000| Untracked 
|  60|0x0000000783c00000, 0x0000000783c00000, 0x0000000783d00000|  0%| F|  |TAMS 0x0000000783c00000, 0x0000000783c00000| Untracked 
|  61|0x0000000783d00000, 0x0000000783d00000, 0x0000000783e00000|  0%| F|  |TAMS 0x0000000783d00000, 0x0000000783d00000| Untracked 
|  62|0x0000000783e00000, 0x0000000783e00000, 0x0000000783f00000|  0%| F|  |TAMS 0x0000000783e00000, 0x0000000783e00000| Untracked 
|  63|0x0000000783f00000, 0x0000000783f00000, 0x0000000784000000|  0%| F|  |TAMS 0x0000000783f00000, 0x0000000783f00000| Untracked 
|  64|0x0000000784000000, 0x0000000784000000, 0x0000000784100000|  0%| F|  |TAMS 0x0000000784000000, 0x0000000784000000| Untracked 
|  65|0x0000000784100000, 0x0000000784100000, 0x0000000784200000|  0%| F|  |TAMS 0x0000000784100000, 0x0000000784100000| Untracked 
|  66|0x0000000784200000, 0x0000000784200000, 0x0000000784300000|  0%| F|  |TAMS 0x0000000784200000, 0x0000000784200000| Untracked 
|  67|0x0000000784300000, 0x0000000784300000, 0x0000000784400000|  0%| F|  |TAMS 0x0000000784300000, 0x0000000784300000| Untracked 
|  68|0x0000000784400000, 0x0000000784400000, 0x0000000784500000|  0%| F|  |TAMS 0x0000000784400000, 0x0000000784400000| Untracked 
|  69|0x0000000784500000, 0x0000000784500000, 0x0000000784600000|  0%| F|  |TAMS 0x0000000784500000, 0x0000000784500000| Untracked 
|  70|0x0000000784600000, 0x0000000784600000, 0x0000000784700000|  0%| F|  |TAMS 0x0000000784600000, 0x0000000784600000| Untracked 
|  71|0x0000000784700000, 0x0000000784700000, 0x0000000784800000|  0%| F|  |TAMS 0x0000000784700000, 0x0000000784700000| Untracked 
|  72|0x0000000784800000, 0x0000000784800000, 0x0000000784900000|  0%| F|  |TAMS 0x0000000784800000, 0x0000000784800000| Untracked 
|  73|0x0000000784900000, 0x0000000784900000, 0x0000000784a00000|  0%| F|  |TAMS 0x0000000784900000, 0x0000000784900000| Untracked 
|  74|0x0000000784a00000, 0x0000000784a00000, 0x0000000784b00000|  0%| F|  |TAMS 0x0000000784a00000, 0x0000000784a00000| Untracked 
|  75|0x0000000784b00000, 0x0000000784b00000, 0x0000000784c00000|  0%| F|  |TAMS 0x0000000784b00000, 0x0000000784b00000| Untracked 
|  76|0x0000000784c00000, 0x0000000784c00000, 0x0000000784d00000|  0%| F|  |TAMS 0x0000000784c00000, 0x0000000784c00000| Untracked 
|  77|0x0000000784d00000, 0x0000000784d00000, 0x0000000784e00000|  0%| F|  |TAMS 0x0000000784d00000, 0x0000000784d00000| Untracked 
|  78|0x0000000784e00000, 0x0000000784e00000, 0x0000000784f00000|  0%| F|  |TAMS 0x0000000784e00000, 0x0000000784e00000| Untracked 
|  79|0x0000000784f00000, 0x0000000784f00000, 0x0000000785000000|  0%| F|  |TAMS 0x0000000784f00000, 0x0000000784f00000| Untracked 
|  80|0x0000000785000000, 0x0000000785000000, 0x0000000785100000|  0%| F|  |TAMS 0x0000000785000000, 0x0000000785000000| Untracked 
|  81|0x0000000785100000, 0x0000000785100000, 0x0000000785200000|  0%| F|  |TAMS 0x0000000785100000, 0x0000000785100000| Untracked 
|  82|0x0000000785200000, 0x0000000785200000, 0x0000000785300000|  0%| F|  |TAMS 0x0000000785200000, 0x0000000785200000| Untracked 
|  83|0x0000000785300000, 0x0000000785300000, 0x0000000785400000|  0%| F|  |TAMS 0x0000000785300000, 0x0000000785300000| Untracked 
|  84|0x0000000785400000, 0x0000000785400000, 0x0000000785500000|  0%| F|  |TAMS 0x0000000785400000, 0x0000000785400000| Untracked 
|  85|0x0000000785500000, 0x0000000785500000, 0x0000000785600000|  0%| F|  |TAMS 0x0000000785500000, 0x0000000785500000| Untracked 
|  86|0x0000000785600000, 0x0000000785600000, 0x0000000785700000|  0%| F|  |TAMS 0x0000000785600000, 0x0000000785600000| Untracked 
|  87|0x0000000785700000, 0x0000000785700000, 0x0000000785800000|  0%| F|  |TAMS 0x0000000785700000, 0x0000000785700000| Untracked 
|  88|0x0000000785800000, 0x0000000785800000, 0x0000000785900000|  0%| F|  |TAMS 0x0000000785800000, 0x0000000785800000| Untracked 
|  89|0x0000000785900000, 0x0000000785900000, 0x0000000785a00000|  0%| F|  |TAMS 0x0000000785900000, 0x0000000785900000| Untracked 
|  90|0x0000000785a00000, 0x0000000785a00000, 0x0000000785b00000|  0%| F|  |TAMS 0x0000000785a00000, 0x0000000785a00000| Untracked 
|  91|0x0000000785b00000, 0x0000000785b00000, 0x0000000785c00000|  0%| F|  |TAMS 0x0000000785b00000, 0x0000000785b00000| Untracked 
|  92|0x0000000785c00000, 0x0000000785c00000, 0x0000000785d00000|  0%| F|  |TAMS 0x0000000785c00000, 0x0000000785c00000| Untracked 
|  93|0x0000000785d00000, 0x0000000785d00000, 0x0000000785e00000|  0%| F|  |TAMS 0x0000000785d00000, 0x0000000785d00000| Untracked 
|  94|0x0000000785e00000, 0x0000000785e00000, 0x0000000785f00000|  0%| F|  |TAMS 0x0000000785e00000, 0x0000000785e00000| Untracked 
|  95|0x0000000785f00000, 0x0000000785f00000, 0x0000000786000000|  0%| F|  |TAMS 0x0000000785f00000, 0x0000000785f00000| Untracked 
|  96|0x0000000786000000, 0x0000000786000000, 0x0000000786100000|  0%| F|  |TAMS 0x0000000786000000, 0x0000000786000000| Untracked 
|  97|0x0000000786100000, 0x0000000786100000, 0x0000000786200000|  0%| F|  |TAMS 0x0000000786100000, 0x0000000786100000| Untracked 
|  98|0x0000000786200000, 0x0000000786200000, 0x0000000786300000|  0%| F|  |TAMS 0x0000000786200000, 0x0000000786200000| Untracked 
|  99|0x0000000786300000, 0x0000000786300000, 0x0000000786400000|  0%| F|  |TAMS 0x0000000786300000, 0x0000000786300000| Untracked 
| 100|0x0000000786400000, 0x0000000786400000, 0x0000000786500000|  0%| F|  |TAMS 0x0000000786400000, 0x0000000786400000| Untracked 
| 101|0x0000000786500000, 0x0000000786500000, 0x0000000786600000|  0%| F|  |TAMS 0x0000000786500000, 0x0000000786500000| Untracked 
| 102|0x0000000786600000, 0x0000000786600000, 0x0000000786700000|  0%| F|  |TAMS 0x0000000786600000, 0x0000000786600000| Untracked 
| 103|0x0000000786700000, 0x0000000786700000, 0x0000000786800000|  0%| F|  |TAMS 0x0000000786700000, 0x0000000786700000| Untracked 
| 104|0x0000000786800000, 0x0000000786800000, 0x0000000786900000|  0%| F|  |TAMS 0x0000000786800000, 0x0000000786800000| Untracked 
| 105|0x0000000786900000, 0x0000000786900000, 0x0000000786a00000|  0%| F|  |TAMS 0x0000000786900000, 0x0000000786900000| Untracked 
| 106|0x0000000786a00000, 0x0000000786a00000, 0x0000000786b00000|  0%| F|  |TAMS 0x0000000786a00000, 0x0000000786a00000| Untracked 
| 107|0x0000000786b00000, 0x0000000786b00000, 0x0000000786c00000|  0%| F|  |TAMS 0x0000000786b00000, 0x0000000786b00000| Untracked 
| 108|0x0000000786c00000, 0x0000000786c00000, 0x0000000786d00000|  0%| F|  |TAMS 0x0000000786c00000, 0x0000000786c00000| Untracked 
| 109|0x0000000786d00000, 0x0000000786d00000, 0x0000000786e00000|  0%| F|  |TAMS 0x0000000786d00000, 0x0000000786d00000| Untracked 
| 110|0x0000000786e00000, 0x0000000786efb4b8, 0x0000000786f00000| 98%| E|  |TAMS 0x0000000786e00000, 0x0000000786e00000| Complete 
| 111|0x0000000786f00000, 0x0000000787000000, 0x0000000787000000|100%| E|CS|TAMS 0x0000000786f00000, 0x0000000786f00000| Complete 
| 112|0x0000000787000000, 0x0000000787100000, 0x0000000787100000|100%| E|CS|TAMS 0x0000000787000000, 0x0000000787000000| Complete 
| 113|0x0000000787100000, 0x0000000787200000, 0x0000000787200000|100%| E|CS|TAMS 0x0000000787100000, 0x0000000787100000| Complete 
| 114|0x0000000787200000, 0x0000000787300000, 0x0000000787300000|100%| E|CS|TAMS 0x0000000787200000, 0x0000000787200000| Complete 
| 115|0x0000000787300000, 0x0000000787400000, 0x0000000787400000|100%| E|CS|TAMS 0x0000000787300000, 0x0000000787300000| Complete 
| 116|0x0000000787400000, 0x0000000787500000, 0x0000000787500000|100%| E|  |TAMS 0x0000000787400000, 0x0000000787400000| Complete 
| 117|0x0000000787500000, 0x0000000787600000, 0x0000000787600000|100%| E|CS|TAMS 0x0000000787500000, 0x0000000787500000| Complete 
| 118|0x0000000787600000, 0x0000000787700000, 0x0000000787700000|100%| E|CS|TAMS 0x0000000787600000, 0x0000000787600000| Complete 
| 119|0x0000000787700000, 0x0000000787800000, 0x0000000787800000|100%| E|CS|TAMS 0x0000000787700000, 0x0000000787700000| Complete 
| 120|0x0000000787800000, 0x0000000787900000, 0x0000000787900000|100%| E|CS|TAMS 0x0000000787800000, 0x0000000787800000| Complete 
| 121|0x0000000787900000, 0x0000000787a00000, 0x0000000787a00000|100%| E|CS|TAMS 0x0000000787900000, 0x0000000787900000| Complete 
| 122|0x0000000787a00000, 0x0000000787b00000, 0x0000000787b00000|100%| E|CS|TAMS 0x0000000787a00000, 0x0000000787a00000| Complete 
| 123|0x0000000787b00000, 0x0000000787c00000, 0x0000000787c00000|100%| E|CS|TAMS 0x0000000787b00000, 0x0000000787b00000| Complete 
| 124|0x0000000787c00000, 0x0000000787d00000, 0x0000000787d00000|100%| E|CS|TAMS 0x0000000787c00000, 0x0000000787c00000| Complete 
| 125|0x0000000787d00000, 0x0000000787e00000, 0x0000000787e00000|100%| E|CS|TAMS 0x0000000787d00000, 0x0000000787d00000| Complete 
| 126|0x0000000787e00000, 0x0000000787f00000, 0x0000000787f00000|100%| E|CS|TAMS 0x0000000787e00000, 0x0000000787e00000| Complete 
| 127|0x0000000787f00000, 0x0000000788000000, 0x0000000788000000|100%| E|CS|TAMS 0x0000000787f00000, 0x0000000787f00000| Complete 
|2046|0x00000007ffe00000, 0x00000007ffe76000, 0x00000007fff00000| 46%|OA|  |TAMS 0x00000007ffe00000, 0x00000007ffe00000| Untracked 
|2047|0x00000007fff00000, 0x00000007fff7f000, 0x0000000800000000| 49%|CA|  |TAMS 0x00000007fff00000, 0x00000007fff00000| Untracked 

Card table byte_map: [0x000000010995a000,0x0000000109d5a000] _byte_map_base: 0x0000000105d5a000

Marking Bits (Prev, Next): (CMBitMap*) 0x00007fe5d1808210, (CMBitMap*) 0x00007fe5d1808250
 Prev Bits: [0x000000012317c000, 0x000000012517c000)
 Next Bits: [0x000000012517c000, 0x000000012717c000)

Polling page: 0x0000000109202000

Metaspace:

Usage:
  Non-class:      4.91 MB used.
      Class:    362.60 KB used.
       Both:      5.26 MB used.

Virtual space:
  Non-class space:        8.00 MB reserved,       5.00 MB ( 62%) committed,  1 nodes.
      Class space:        1.00 GB reserved,     448.00 KB ( <1%) committed,  1 nodes.
             Both:        1.01 GB reserved,       5.44 MB ( <1%) committed. 

Chunk freelists:
   Non-Class:  416.00 KB
       Class:  3.47 MB
        Both:  3.88 MB

MaxMetaspaceSize: unlimited
CompressedClassSpaceSize: 1.00 GB
Initial GC threshold: 21.00 MB
Current GC threshold: 21.00 MB
CDS: on
MetaspaceReclaimPolicy: balanced
 - commit_granule_bytes: 65536.
 - commit_granule_words: 8192.
 - virtual_space_node_default_size: 1048576.
 - enlarge_chunks_in_place: 1.
 - new_chunks_are_fully_committed: 0.
 - uncommit_free_chunks: 1.
 - use_allocation_guard: 0.
 - handle_deallocations: 1.


Internal statistics:

num_allocs_failed_limit: 0.
num_arena_births: 66.
num_arena_deaths: 0.
num_vsnodes_births: 2.
num_vsnodes_deaths: 0.
num_space_committed: 85.
num_space_uncommitted: 0.
num_chunks_returned_to_freelist: 0.
num_chunks_taken_from_freelist: 223.
num_chunk_merges: 0.
num_chunk_splits: 157.
num_chunks_enlarged: 126.
num_purges: 0.
num_inconsistent_stats: 0.

CodeHeap 'non-profiled nmethods': size=120028Kb used=318Kb max_used=318Kb free=119709Kb
 bounds [0x000000011bc45000, 0x000000011beb5000, 0x000000012317c000]
CodeHeap 'profiled nmethods': size=120028Kb used=1679Kb max_used=1679Kb free=118348Kb
 bounds [0x000000011470e000, 0x000000011497e000, 0x000000011bc45000]
CodeHeap 'non-nmethods': size=5704Kb used=1595Kb max_used=1612Kb free=4108Kb
 bounds [0x000000011417c000, 0x00000001143ec000, 0x000000011470e000]
 total_blobs=1982 nmethods=950 adapters=947
 compilation: enabled
              stopped_count=0, restarted_count=0
 full_count=0

Compilation events (20 events):
Event: 3.660 Thread 0x00007fe5e1827e00  941       1       com.badlogic.gdx.graphics.glutils.ShapeRenderer$ShapeType::getGlType (5 bytes)
Event: 3.660 Thread 0x00007fe5e1827e00 nmethod 941 0x000000011bc92610 code [0x000000011bc927a0, 0x000000011bc92870]
Event: 3.690 Thread 0x00007fe5e1827e00  942       3       com.badlogic.gdx.graphics.Mesh::setVertices (14 bytes)
Event: 3.691 Thread 0x00007fe5e1827e00 nmethod 942 0x00000001148ad010 code [0x00000001148ad1c0, 0x00000001148ad3a0]
Event: 3.723 Thread 0x00007fe5e1827e00  943       3       com.badlogic.gdx.graphics.g2d.BitmapFontCache::clear (75 bytes)
Event: 3.724 Thread 0x00007fe5e1827e00 nmethod 943 0x00000001148ad490 code [0x00000001148ad6e0, 0x00000001148ae140]
Event: 3.725 Thread 0x00007fe5e1827e00  944       3       com.badlogic.gdx.utils.Pools::freeAll (90 bytes)
Event: 3.725 Thread 0x00007fe5e1827e00 nmethod 944 0x00000001148ae590 code [0x00000001148ae7c0, 0x00000001148aef70]
Event: 3.725 Thread 0x00007fe5e1827e00  945       3       com.badlogic.gdx.graphics.g2d.BitmapFontCache::addText (20 bytes)
Event: 3.725 Thread 0x00007fe5e1827e00 nmethod 945 0x00000001148af290 code [0x00000001148af440, 0x00000001148af690]
Event: 3.725 Thread 0x00007fe5e1827e00  946       3       com.badlogic.gdx.graphics.g2d.BitmapFontCache::addText (56 bytes)
Event: 3.726 Thread 0x00007fe5e1827e00 nmethod 946 0x00000001148af790 code [0x00000001148af9c0, 0x00000001148b0030]
Event: 3.726 Thread 0x00007fe5e1827e00  947       3       com.badlogic.gdx.utils.Pools::obtain (8 bytes)
Event: 3.726 Thread 0x00007fe5e1827e00 nmethod 947 0x00000001148b0390 code [0x00000001148b0580, 0x00000001148b08c0]
Event: 3.756 Thread 0x00007fe5e1827800  948 % !   4       com.badlogic.gdx.backends.lwjgl3.Sync::sync @ 76 (145 bytes)
Event: 3.764 Thread 0x00007fe5e1827800 nmethod 948% 0x000000011bc92910 code [0x000000011bc92b20, 0x000000011bc92fb0]
Event: 3.806 Thread 0x00007fe5e1827e00  949       3       com.badlogic.gdx.graphics.g2d.BitmapFontCache::addToCache (259 bytes)
Event: 3.808 Thread 0x00007fe5e1827e00 nmethod 949 0x00000001148b0a90 code [0x00000001148b0d00, 0x00000001148b17a0]
Event: 4.006 Thread 0x00007fe5e1827800  950   !   4       com.badlogic.gdx.backends.lwjgl3.Sync::sync (145 bytes)
Event: 4.024 Thread 0x00007fe5e1827800 nmethod 950 0x000000011bc93410 code [0x000000011bc936c0, 0x000000011bc94210]

GC Heap History (0 events):
No events

Deoptimization events (20 events):
Event: 0.099 Thread 0x00007fe5e280ea00 DEOPT PACKING pc=0x000000011471c4da sp=0x00000003059139c0
Event: 0.099 Thread 0x00007fe5e280ea00 DEOPT UNPACKING pc=0x00000001141ce810 sp=0x0000000305912e00 mode 0
Event: 0.115 Thread 0x00007fe5e280ea00 DEOPT PACKING pc=0x000000011470ffce sp=0x0000000305913940
Event: 0.115 Thread 0x00007fe5e280ea00 DEOPT UNPACKING pc=0x00000001141ce810 sp=0x0000000305912dd8 mode 0
Event: 0.118 Thread 0x00007fe5e280ea00 DEOPT PACKING pc=0x0000000114711e6e sp=0x00000003059139b0
Event: 0.118 Thread 0x00007fe5e280ea00 DEOPT UNPACKING pc=0x00000001141ce810 sp=0x0000000305912e20 mode 0
Event: 0.178 Thread 0x00007fe5e280ea00 Uncommon trap: trap_request=0xffffff45 fr.pc=0x000000011bc50634 relative=0x0000000000000214
Event: 0.178 Thread 0x00007fe5e280ea00 Uncommon trap: reason=unstable_if action=reinterpret pc=0x000000011bc50634 method=java.lang.String.startsWith(Ljava/lang/String;I)Z @ 14 c2
Event: 0.178 Thread 0x00007fe5e280ea00 DEOPT PACKING pc=0x000000011bc50634 sp=0x0000000305918dc0
Event: 0.178 Thread 0x00007fe5e280ea00 DEOPT UNPACKING pc=0x00000001141ce093 sp=0x0000000305918d40 mode 2
Event: 0.679 Thread 0x00007fe5e280ea00 Uncommon trap: trap_request=0xffffff45 fr.pc=0x000000011bc4edfc relative=0x000000000000005c
Event: 0.679 Thread 0x00007fe5e280ea00 Uncommon trap: reason=unstable_if action=reinterpret pc=0x000000011bc4edfc method=java.lang.String.isLatin1()Z @ 10 c2
Event: 0.679 Thread 0x00007fe5e280ea00 DEOPT PACKING pc=0x000000011bc4edfc sp=0x0000000305918990
Event: 0.679 Thread 0x00007fe5e280ea00 DEOPT UNPACKING pc=0x00000001141ce093 sp=0x0000000305918940 mode 2
Event: 0.715 Thread 0x00007fe5e280ea00 Uncommon trap: trap_request=0xffffff5c fr.pc=0x000000011bc7d2f8 relative=0x0000000000000058
Event: 0.715 Thread 0x00007fe5e280ea00 Uncommon trap: reason=speculate_null_check action=make_not_entrant pc=0x000000011bc7d2f8 method=sun.misc.Unsafe.getLong(Ljava/lang/Object;J)J @ 5 c2
Event: 0.715 Thread 0x00007fe5e280ea00 DEOPT PACKING pc=0x000000011bc7d2f8 sp=0x0000000305919080
Event: 0.715 Thread 0x00007fe5e280ea00 DEOPT UNPACKING pc=0x00000001141ce093 sp=0x0000000305919018 mode 2
Event: 4.006 Thread 0x00007fe5e280ea00 DEOPT PACKING pc=0x0000000114894df9 sp=0x00000003059193b0
Event: 4.006 Thread 0x00007fe5e280ea00 DEOPT UNPACKING pc=0x00000001141ce810 sp=0x0000000305918918 mode 0

Classes unloaded (0 events):
No events

Classes redefined (0 events):
No events

Internal exceptions (19 events):
Event: 0.242 Thread 0x00007fe5e280ea00 Exception <a 'java/lang/NoSuchMethodError'{0x0000000787a9b4f0}: 'java.lang.Object java.lang.invoke.DirectMethodHandle$Holder.invokeStaticInit(java.lang.Object)'> (0x0000000787a9b4f0) 
thrown [open/src/hotspot/share/interpreter/linkResolver.cpp, line 766]
Event: 0.257 Thread 0x00007fe5e280ea00 Exception <a 'java/lang/NoSuchMethodError'{0x00000007879088f8}: 'void java.lang.invoke.DirectMethodHandle$Holder.invokeStatic(java.lang.Object, java.lang.Object)'> (0x00000007879088f8) 
thrown [open/src/hotspot/share/interpreter/linkResolver.cpp, line 766]
Event: 0.259 Thread 0x00007fe5e280ea00 Exception <a 'java/lang/NoSuchMethodError'{0x000000078790dc08}: 'void java.lang.invoke.DirectMethodHandle$Holder.invokeSpecial(java.lang.Object, java.lang.Object, java.lang.Object)'> (0x000000078790dc08) 
thrown [open/src/hotspot/share/interpreter/linkResolver.cpp, line 766]
Event: 0.263 Thread 0x00007fe5e280ea00 Exception <a 'java/lang/NoSuchMethodError'{0x00000007879207a0}: 'java.lang.Object java.lang.invoke.DirectMethodHandle$Holder.invokeStatic(java.lang.Object, java.lang.Object, int)'> (0x00000007879207a0) 
thrown [open/src/hotspot/share/interpreter/linkResolver.cpp, line 766]
Event: 0.264 Thread 0x00007fe5e280ea00 Exception <a 'java/lang/NoSuchMethodError'{0x000000078792c4d8}: 'void java.lang.invoke.DelegatingMethodHandle$Holder.delegate(java.lang.Object, java.lang.Object, int, java.lang.Object)'> (0x000000078792c4d8) 
thrown [open/src/hotspot/share/interpreter/linkResolver.cpp, line 766]
Event: 0.265 Thread 0x00007fe5e280ea00 Exception <a 'java/lang/NoSuchMethodError'{0x00000007879306e8}: 'int java.lang.invoke.DirectMethodHandle$Holder.invokeSpecial(java.lang.Object, java.lang.Object, java.lang.Object)'> (0x00000007879306e8) 
thrown [open/src/hotspot/share/interpreter/linkResolver.cpp, line 766]
Event: 0.289 Thread 0x00007fe5e280ea00 Exception <a 'sun/nio/fs/UnixException'{0x00000007879cd400}> (0x00000007879cd400) 
thrown [open/src/hotspot/share/prims/jni.cpp, line 516]
Event: 0.302 Thread 0x00007fe5e280ea00 Exception <a 'java/lang/NoSuchMethodError'{0x000000078780f718}: 'int java.lang.invoke.DirectMethodHandle$Holder.invokeStaticInit(java.lang.Object, java.lang.Object, int, long)'> (0x000000078780f718) 
thrown [open/src/hotspot/share/interpreter/linkResolver.cpp, line 766]
Event: 0.304 Thread 0x00007fe5e280ea00 Exception <a 'java/lang/NoSuchMethodError'{0x0000000787814fe0}: 'java.lang.Object java.lang.invoke.DirectMethodHandle$Holder.newInvokeSpecial(java.lang.Object, java.lang.Object, int)'> (0x0000000787814fe0) 
thrown [open/src/hotspot/share/interpreter/linkResolver.cpp, line 766]
Event: 0.311 Thread 0x00007fe5e280ea00 Exception <a 'java/lang/NoSuchMethodError'{0x000000078782a000}: 'int java.lang.invoke.DirectMethodHandle$Holder.invokeStaticInit(java.lang.Object, java.lang.Object, long, long)'> (0x000000078782a000) 
thrown [open/src/hotspot/share/interpreter/linkResolver.cpp, line 766]
Event: 0.312 Thread 0x00007fe5e280ea00 Exception <a 'java/lang/NoSuchMethodError'{0x0000000787830110}: 'java.lang.Object java.lang.invoke.DirectMethodHandle$Holder.newInvokeSpecial(java.lang.Object, java.lang.Object, long)'> (0x0000000787830110) 
thrown [open/src/hotspot/share/interpreter/linkResolver.cpp, line 766]
Event: 0.314 Thread 0x00007fe5e280ea00 Exception <a 'java/lang/NoSuchMethodError'{0x0000000787834158}: 'java.lang.Object java.lang.invoke.Invokers$Holder.linkToTargetMethod(java.lang.Object, long, java.lang.Object)'> (0x0000000787834158) 
thrown [open/src/hotspot/share/interpreter/linkResolver.cpp, line 766]
Event: 0.314 Thread 0x00007fe5e280ea00 Exception <a 'java/lang/NoSuchMethodError'{0x000000078783b870}: 'int java.lang.invoke.DirectMethodHandle$Holder.invokeStaticInit(java.lang.Object, java.lang.Object, java.lang.Object, long)'> (0x000000078783b870) 
thrown [open/src/hotspot/share/interpreter/linkResolver.cpp, line 766]
Event: 0.340 Thread 0x00007fe5e280ea00 Exception <a 'sun/nio/fs/UnixException'{0x00000007878f6808}> (0x00000007878f6808) 
thrown [open/src/hotspot/share/prims/jni.cpp, line 516]
Event: 0.366 Thread 0x00007fe5e280ea00 Exception <a 'sun/nio/fs/UnixException'{0x00000007877be408}> (0x00000007877be408) 
thrown [open/src/hotspot/share/prims/jni.cpp, line 516]
Event: 0.375 Thread 0x00007fe5e280ea00 Exception <a 'sun/nio/fs/UnixException'{0x000000078760d660}> (0x000000078760d660) 
thrown [open/src/hotspot/share/prims/jni.cpp, line 516]
Event: 0.482 Thread 0x00007fe5e280ea00 Exception <a 'sun/nio/fs/UnixException'{0x00000007876ac420}> (0x00000007876ac420) 
thrown [open/src/hotspot/share/prims/jni.cpp, line 516]
Event: 0.559 Thread 0x00007fe5e280ea00 Exception <a 'java/lang/NoSuchMethodError'{0x0000000787503920}: 'java.lang.Object java.lang.invoke.DirectMethodHandle$Holder.newInvokeSpecial(java.lang.Object, long)'> (0x0000000787503920) 
thrown [open/src/hotspot/share/interpreter/linkResolver.cpp, line 766]
Event: 0.659 Thread 0x00007fe5e280ea00 Exception <a 'sun/nio/fs/UnixException'{0x000000078743ac80}> (0x000000078743ac80) 
thrown [open/src/hotspot/share/prims/jni.cpp, line 516]

VM Operations (14 events):
Event: 0.188 Executing VM operation: HandshakeAllThreads
Event: 0.188 Executing VM operation: HandshakeAllThreads done
Event: 0.243 Executing VM operation: HandshakeAllThreads
Event: 0.243 Executing VM operation: HandshakeAllThreads done
Event: 0.263 Executing VM operation: HandshakeAllThreads
Event: 0.263 Executing VM operation: HandshakeAllThreads done
Event: 0.716 Executing VM operation: HandshakeAllThreads
Event: 0.716 Executing VM operation: HandshakeAllThreads done
Event: 1.720 Executing VM operation: Cleanup
Event: 1.724 Executing VM operation: Cleanup done
Event: 2.726 Executing VM operation: Cleanup
Event: 2.727 Executing VM operation: Cleanup done
Event: 3.731 Executing VM operation: Cleanup
Event: 3.732 Executing VM operation: Cleanup done

Events (20 events):
Event: 0.673 loading class sun/util/resources/LocaleData$LocaleDataResourceBundleProvider done
Event: 0.673 loading class sun/util/resources/LocaleData$CommonResourceBundleProvider done
Event: 0.673 loading class java/util/ArrayList$SubList$1
Event: 0.674 loading class java/util/ArrayList$SubList$1 done
Event: 0.674 loading class sun/text/resources/cldr/FormatData_en
Event: 0.674 loading class sun/text/resources/cldr/FormatData_en done
Event: 0.674 loading class sun/util/resources/Bundles$2
Event: 0.674 loading class sun/util/resources/Bundles$2 done
Event: 0.715 loading class java/lang/NumberFormatException
Event: 0.715 loading class java/lang/NumberFormatException done
Event: 0.748 loading class java/util/NoSuchElementException
Event: 0.748 loading class java/util/NoSuchElementException done
Event: 0.779 loading class java/io/UnsupportedEncodingException
Event: 0.779 loading class java/io/UnsupportedEncodingException done
Event: 0.781 loading class java/util/regex/Pattern$1
Event: 0.781 loading class java/util/regex/Pattern$1 done
Event: 0.841 loading class java/lang/SecurityException
Event: 0.841 loading class java/lang/SecurityException done
Event: 0.841 loading class java/lang/reflect/InvocationTargetException
Event: 0.841 loading class java/lang/reflect/InvocationTargetException done


Dynamic libraries:
0x0000000109205000 	/Library/Java/JavaVirtualMachines/jdk-17.jdk/Contents/Home/lib/libjli.dylib
0x00007ff813be3000 	/usr/lib/libz.1.dylib
0x00007ff813cc9000 	/usr/lib/libSystem.B.dylib
0x00007ff813cc4000 	/usr/lib/system/libcache.dylib
0x00007ff813c80000 	/usr/lib/system/libcommonCrypto.dylib
0x00007ff813ca9000 	/usr/lib/system/libcompiler_rt.dylib
0x00007ff813c9f000 	/usr/lib/system/libcopyfile.dylib
0x00007ff808881000 	/usr/lib/system/libcorecrypto.dylib
0x00007ff80893f000 	/usr/lib/system/libdispatch.dylib
0x00007ff808aff000 	/usr/lib/system/libdyld.dylib
0x00007ff813cbb000 	/usr/lib/system/libkeymgr.dylib
0x00007ff813c5e000 	/usr/lib/system/libmacho.dylib
0x00007ff8132d7000 	/usr/lib/system/libquarantine.dylib
0x00007ff813cb9000 	/usr/lib/system/libremovefile.dylib
0x00007ff80d9b0000 	/usr/lib/system/libsystem_asl.dylib
0x00007ff80882a000 	/usr/lib/system/libsystem_blocks.dylib
0x00007ff8089c3000 	/usr/lib/system/libsystem_c.dylib
0x00007ff813cb1000 	/usr/lib/system/libsystem_collections.dylib
0x00007ff812602000 	/usr/lib/system/libsystem_configuration.dylib
0x00007ff8118ae000 	/usr/lib/system/libsystem_containermanager.dylib
0x00007ff813991000 	/usr/lib/system/libsystem_coreservices.dylib
0x00007ff80b059000 	/usr/lib/system/libsystem_darwin.dylib
0x00007ff813cbc000 	/usr/lib/system/libsystem_dnssd.dylib
0x00007ff8089c0000 	/usr/lib/system/libsystem_featureflags.dylib
0x00007ff808b15000 	/usr/lib/system/libsystem_info.dylib
0x00007ff813bf6000 	/usr/lib/system/libsystem_m.dylib
0x00007ff808913000 	/usr/lib/system/libsystem_malloc.dylib
0x00007ff80d94b000 	/usr/lib/system/libsystem_networkextension.dylib
0x00007ff80b47f000 	/usr/lib/system/libsystem_notify.dylib
0x00007ff819fe5000 	/usr/lib/system/libsystem_product_info_filter.dylib
0x00007ff812606000 	/usr/lib/system/libsystem_sandbox.dylib
0x00007ff813cb6000 	/usr/lib/system/libsystem_secinit.dylib
0x00007ff808abb000 	/usr/lib/system/libsystem_kernel.dylib
0x00007ff808b0b000 	/usr/lib/system/libsystem_platform.dylib
0x00007ff808af3000 	/usr/lib/system/libsystem_pthread.dylib
0x00007ff80f268000 	/usr/lib/system/libsystem_symptoms.dylib
0x00007ff808868000 	/usr/lib/system/libsystem_trace.dylib
0x00007ff813c8c000 	/usr/lib/system/libunwind.dylib
0x00007ff80882c000 	/usr/lib/system/libxpc.dylib
0x00007ff808aa5000 	/usr/lib/libc++abi.dylib
0x00007ff808986000 	/usr/lib/libobjc.A.dylib
0x00007ff813c97000 	/usr/lib/liboah.dylib
0x00007ff808a4c000 	/usr/lib/libc++.1.dylib
0x00007ff81fde2000 	/System/Library/Frameworks/Cocoa.framework/Versions/A/Cocoa
0x00007ff80b4dd000 	/System/Library/Frameworks/AppKit.framework/Versions/C/AppKit
0x00007ff80ea47000 	/System/Library/Frameworks/CoreData.framework/Versions/A/CoreData
0x00007ff8098e9000 	/System/Library/Frameworks/Foundation.framework/Versions/C/Foundation
0x00007ff80c36b000 	/System/Library/PrivateFrameworks/UIFoundation.framework/Versions/A/UIFoundation
0x00007ff819ce8000 	/System/Library/PrivateFrameworks/RemoteViewServices.framework/Versions/A/RemoteViewServices
0x00007ff811f8c000 	/System/Library/PrivateFrameworks/XCTTargetBootstrap.framework/Versions/A/XCTTargetBootstrap
0x00007ff815b8e000 	/System/Library/PrivateFrameworks/InternationalSupport.framework/Versions/A/InternationalSupport
0x00007ff815c18000 	/System/Library/PrivateFrameworks/UserActivity.framework/Versions/A/UserActivity
0x00007ff814f72000 	/usr/lib/libspindump.dylib
0x00007ff80c5f9000 	/System/Library/Frameworks/UniformTypeIdentifiers.framework/Versions/A/UniformTypeIdentifiers
0x00007ff8106b5000 	/usr/lib/libapp_launch_measurement.dylib
0x00007ff80f428000 	/System/Library/PrivateFrameworks/CoreAnalytics.framework/Versions/A/CoreAnalytics
0x00007ff8106b8000 	/System/Library/PrivateFrameworks/CoreAutoLayout.framework/Versions/A/CoreAutoLayout
0x00007ff8118e6000 	/System/Library/Frameworks/Metal.framework/Versions/A/Metal
0x00007ff812612000 	/usr/lib/liblangid.dylib
0x00007ff811f91000 	/System/Library/PrivateFrameworks/CoreSVG.framework/Versions/A/CoreSVG
0x00007ff80d9e0000 	/System/Library/PrivateFrameworks/SkyLight.framework/Versions/A/SkyLight
0x00007ff80dd7e000 	/System/Library/Frameworks/CoreGraphics.framework/Versions/A/CoreGraphics
0x00007ff81a3a8000 	/System/Library/Frameworks/Accelerate.framework/Versions/A/Accelerate
0x00007ff8149f1000 	/System/Library/PrivateFrameworks/IconServices.framework/Versions/A/IconServices
0x00007ff8118cb000 	/System/Library/Frameworks/IOSurface.framework/Versions/A/IOSurface
0x00007ff80f456000 	/usr/lib/libDiagnosticMessagesClient.dylib
0x00007ff81da8b000 	/System/Library/Frameworks/ApplicationServices.framework/Versions/A/ApplicationServices
0x00007ff811f78000 	/System/Library/PrivateFrameworks/DFRFoundation.framework/Versions/A/DFRFoundation
0x00007ff80adc5000 	/usr/lib/libicucore.A.dylib
0x00007ff816983000 	/System/Library/Frameworks/AudioToolbox.framework/Versions/A/AudioToolbox
0x00007ff815b9a000 	/System/Library/PrivateFrameworks/DataDetectorsCore.framework/Versions/A/DataDetectorsCore
0x00007ff911b6c000 	/System/Library/PrivateFrameworks/TextInput.framework/Versions/A/TextInput
0x00007ff80d963000 	/usr/lib/libMobileGestalt.dylib
0x00007ff811c84000 	/System/Library/Frameworks/Carbon.framework/Versions/A/Frameworks/HIToolbox.framework/Versions/A/HIToolbox
0x00007ff8100bb000 	/System/Library/Frameworks/QuartzCore.framework/Versions/A/QuartzCore
0x00007ff80aa6c000 	/System/Library/Frameworks/Security.framework/Versions/A/Security
0x00007ff819d20000 	/System/Library/Frameworks/Carbon.framework/Versions/A/Frameworks/SpeechRecognition.framework/Versions/A/SpeechRecognition
0x00007ff810415000 	/System/Library/PrivateFrameworks/CoreUI.framework/Versions/A/CoreUI
0x00007ff80a338000 	/System/Library/Frameworks/CoreAudio.framework/Versions/A/CoreAudio
0x00007ff80f545000 	/System/Library/Frameworks/DiskArbitration.framework/Versions/A/DiskArbitration
0x00007ff81535e000 	/System/Library/PrivateFrameworks/MultitouchSupport.framework/Versions/A/MultitouchSupport
0x00007ff80d962000 	/usr/lib/libenergytrace.dylib
0x00007ff80b3c9000 	/System/Library/Frameworks/IOKit.framework/Versions/A/IOKit
0x00007ff81a110000 	/System/Library/Frameworks/CoreServices.framework/Versions/A/CoreServices
0x00007ff81064f000 	/System/Library/PrivateFrameworks/PerformanceAnalysis.framework/Versions/A/PerformanceAnalysis
0x00007ffa20f78000 	/System/Library/Frameworks/OpenGL.framework/Versions/A/OpenGL
0x00007ff8131fd000 	/System/Library/PrivateFrameworks/MobileKeyBag.framework/Versions/A/MobileKeyBag
0x00007ff80e4a8000 	/System/Library/Frameworks/ColorSync.framework/Versions/A/ColorSync
0x00007ff808b40000 	/System/Library/Frameworks/CoreFoundation.framework/Versions/A/CoreFoundation
0x00007ff812208000 	/System/Library/Frameworks/CoreImage.framework/Versions/A/CoreImage
0x00007ff80a150000 	/System/Library/Frameworks/CoreText.framework/Versions/A/CoreText
0x00007ff811fc1000 	/System/Library/Frameworks/ImageIO.framework/Versions/A/ImageIO
0x00007ff813ccf000 	/System/Library/PrivateFrameworks/SoftLinking.framework/Versions/A/SoftLinking
0x00007ff810700000 	/usr/lib/libxml2.2.dylib
0x00007ff813f50000 	/usr/lib/libcompression.dylib
0x00007ff815ac1000 	/System/Library/PrivateFrameworks/TextureIO.framework/Versions/A/TextureIO
0x00007ff81466a000 	/usr/lib/libate.dylib
0x00007ff814428000 	/usr/lib/liblzma.5.dylib
0x00007ff8095fc000 	/System/Library/Frameworks/SystemConfiguration.framework/Versions/A/SystemConfiguration
0x00007ff813ccb000 	/usr/lib/libfakelink.dylib
0x00007ff80d4bc000 	/System/Library/Frameworks/CFNetwork.framework/Versions/A/CFNetwork
0x00007ff813e0c000 	/usr/lib/libarchive.2.dylib
0x00007ff81260e000 	/System/Library/PrivateFrameworks/AppleSystemInfo.framework/Versions/A/AppleSystemInfo
0x00007ff8132fe000 	/usr/lib/libbsm.0.dylib
0x00007ff80cacf000 	/usr/lib/libnetwork.dylib
0x00007ff813c64000 	/usr/lib/system/libkxld.dylib
0x00007ff812f2a000 	/System/Library/PrivateFrameworks/IOMobileFramebuffer.framework/Versions/A/IOMobileFramebuffer
0x00007ffb20661000 	/usr/lib/libCoreEntitlements.dylib
0x00007ff813973000 	/System/Library/PrivateFrameworks/AppleFSCompression.framework/Versions/A/AppleFSCompression
0x00007ff8132e6000 	/usr/lib/libcoretls.dylib
0x00007ff814442000 	/usr/lib/libcoretls_cfhelpers.dylib
0x00007ff813f4b000 	/usr/lib/libpam.2.dylib
0x00007ff80ee8b000 	/usr/lib/libsqlite3.dylib
0x00007ff8144b1000 	/usr/lib/libxar.1.dylib
0x00007ff813983000 	/usr/lib/libbz2.1.0.dylib
0x00007ff813cd0000 	/usr/lib/libpcap.A.dylib
0x00007ff80f260000 	/usr/lib/libdns_services.dylib
0x00007ff813f1e000 	/usr/lib/libapple_nghttp2.dylib
0x00007ff813d0a000 	/usr/lib/libiconv.2.dylib
0x00007ff813c5d000 	/usr/lib/libcharset.1.dylib
0x00007ff810683000 	/System/Library/Frameworks/CoreServices.framework/Versions/A/Frameworks/FSEvents.framework/Versions/A/FSEvents
0x00007ff80b063000 	/System/Library/Frameworks/CoreServices.framework/Versions/A/Frameworks/CarbonCore.framework/Versions/A/CarbonCore
0x00007ff80f4a9000 	/System/Library/Frameworks/CoreServices.framework/Versions/A/Frameworks/Metadata.framework/Versions/A/Metadata
0x00007ff813996000 	/System/Library/Frameworks/CoreServices.framework/Versions/A/Frameworks/OSServices.framework/Versions/A/OSServices
0x00007ff813e93000 	/System/Library/Frameworks/CoreServices.framework/Versions/A/Frameworks/SearchKit.framework/Versions/A/SearchKit
0x00007ff80f1f3000 	/System/Library/Frameworks/CoreServices.framework/Versions/A/Frameworks/AE.framework/Versions/A/AE
0x00007ff809041000 	/System/Library/Frameworks/CoreServices.framework/Versions/A/Frameworks/LaunchServices.framework/Versions/A/LaunchServices
0x00007ff8143d9000 	/System/Library/Frameworks/CoreServices.framework/Versions/A/Frameworks/DictionaryServices.framework/Versions/A/DictionaryServices
0x00007ff810690000 	/System/Library/Frameworks/CoreServices.framework/Versions/A/Frameworks/SharedFileList.framework/Versions/A/SharedFileList
0x00007ff8132da000 	/usr/lib/libCheckFix.dylib
0x00007ff80d9c7000 	/System/Library/PrivateFrameworks/TCC.framework/Versions/A/TCC
0x00007ff812614000 	/System/Library/PrivateFrameworks/CoreNLP.framework/Versions/A/CoreNLP
0x00007ff80f459000 	/System/Library/PrivateFrameworks/MetadataUtilities.framework/Versions/A/MetadataUtilities
0x00007ff8096ac000 	/usr/lib/libmecabra.dylib
0x00007ff81330e000 	/usr/lib/libmecab.dylib
0x00007ff809677000 	/usr/lib/libCRFSuite.dylib
0x00007ff813368000 	/usr/lib/libgermantok.dylib
0x00007ff813ef9000 	/usr/lib/libThaiTokenizer.dylib
0x00007ff80f54c000 	/System/Library/Frameworks/Accelerate.framework/Versions/A/Frameworks/vImage.framework/Versions/A/vImage
0x00007ff81a0e7000 	/System/Library/Frameworks/Accelerate.framework/Versions/A/Frameworks/vecLib.framework/Versions/A/vecLib
0x00007ff8144f2000 	/System/Library/Frameworks/Accelerate.framework/Versions/A/Frameworks/vecLib.framework/Versions/A/libvMisc.dylib
0x00007ff812d29000 	/System/Library/Frameworks/Accelerate.framework/Versions/A/Frameworks/vecLib.framework/Versions/A/libvDSP.dylib
0x00007ff8093bb000 	/System/Library/Frameworks/Accelerate.framework/Versions/A/Frameworks/vecLib.framework/Versions/A/libBLAS.dylib
0x00007ff81402e000 	/System/Library/Frameworks/Accelerate.framework/Versions/A/Frameworks/vecLib.framework/Versions/A/libLAPACK.dylib
0x00007ff81336b000 	/System/Library/Frameworks/Accelerate.framework/Versions/A/Frameworks/vecLib.framework/Versions/A/libLinearAlgebra.dylib
0x00007ff813f36000 	/System/Library/Frameworks/Accelerate.framework/Versions/A/Frameworks/vecLib.framework/Versions/A/libSparseBLAS.dylib
0x00007ff814028000 	/System/Library/Frameworks/Accelerate.framework/Versions/A/Frameworks/vecLib.framework/Versions/A/libQuadrature.dylib
0x00007ff8126ff000 	/System/Library/Frameworks/Accelerate.framework/Versions/A/Frameworks/vecLib.framework/Versions/A/libBNNS.dylib
0x00007ff80958d000 	/System/Library/Frameworks/Accelerate.framework/Versions/A/Frameworks/vecLib.framework/Versions/A/libSparse.dylib
0x00007ff8126f8000 	/System/Library/PrivateFrameworks/LinguisticData.framework/Versions/A/LinguisticData
0x00007ff809543000 	/System/Library/PrivateFrameworks/Lexicon.framework/Versions/A/Lexicon
0x00007ff8144eb000 	/usr/lib/libChineseTokenizer.dylib
0x00007ff809ca5000 	/System/Library/PrivateFrameworks/LanguageModeling.framework/Versions/A/LanguageModeling
0x00007ff813efb000 	/System/Library/PrivateFrameworks/AppleSauce.framework/Versions/A/AppleSauce
0x00007ff812f18000 	/System/Library/PrivateFrameworks/CoreEmoji.framework/Versions/A/CoreEmoji
0x00007ff813dfb000 	/usr/lib/libcmph.dylib
0x00007ff810667000 	/System/Library/Frameworks/OpenDirectory.framework/Versions/A/Frameworks/CFOpenDirectory.framework/Versions/A/CFOpenDirectory
0x00007ff81065b000 	/System/Library/Frameworks/OpenDirectory.framework/Versions/A/OpenDirectory
0x00007ff814444000 	/System/Library/PrivateFrameworks/APFS.framework/Versions/A/APFS
0x00007ff813235000 	/System/Library/Frameworks/SecurityFoundation.framework/Versions/A/SecurityFoundation
0x00007ff8144bf000 	/usr/lib/libutil.dylib
0x00007ff80b38d000 	/System/Library/PrivateFrameworks/CoreServicesStore.framework/Versions/A/CoreServicesStore
0x00007ff8144c3000 	/usr/lib/libxslt.1.dylib
0x00007ff8132c2000 	/System/Library/PrivateFrameworks/BackgroundTaskManagement.framework/Versions/A/BackgroundTaskManagement
0x00007ff8159e2000 	/System/Library/Frameworks/ImageIO.framework/Versions/A/Resources/libRadiance.dylib
0x00007ff8159eb000 	/System/Library/Frameworks/ImageIO.framework/Versions/A/Resources/libJPEG.dylib
0x00007ff81593d000 	/System/Library/Frameworks/ImageIO.framework/Versions/A/Resources/libPng.dylib
0x00007ff81595e000 	/System/Library/Frameworks/ImageIO.framework/Versions/A/Resources/libTIFF.dylib
0x00007ff815a4a000 	/System/Library/Frameworks/ImageIO.framework/Versions/A/Resources/libGIF.dylib
0x00007ff81527a000 	/System/Library/Frameworks/ImageIO.framework/Versions/A/Resources/libJP2.dylib
0x00007ff8149b8000 	/usr/lib/libexpat.1.dylib
0x00007ff81522f000 	/System/Library/PrivateFrameworks/AppleJPEG.framework/Versions/A/AppleJPEG
0x00007ff811b48000 	/System/Library/PrivateFrameworks/FontServices.framework/libFontParser.dylib
0x00007ff80f19d000 	/System/Library/PrivateFrameworks/RunningBoardServices.framework/Versions/A/RunningBoardServices
0x00007ff82039a000 	/System/Library/PrivateFrameworks/IOSurfaceAccelerator.framework/Versions/A/IOSurfaceAccelerator
0x00007ff81535a000 	/System/Library/PrivateFrameworks/WatchdogClient.framework/Versions/A/WatchdogClient
0x00007ff809d93000 	/System/Library/Frameworks/CoreDisplay.framework/Versions/A/CoreDisplay
0x00007ff811a46000 	/System/Library/Frameworks/CoreMedia.framework/Versions/A/CoreMedia
0x00007ff8118dd000 	/System/Library/PrivateFrameworks/IOAccelerator.framework/Versions/A/IOAccelerator
0x00007ff8107e4000 	/System/Library/Frameworks/CoreVideo.framework/Versions/A/CoreVideo
0x00007ff813f49000 	/System/Library/Frameworks/MetalPerformanceShaders.framework/Versions/A/MetalPerformanceShaders
0x00007ff815397000 	/System/Library/Frameworks/VideoToolbox.framework/Versions/A/VideoToolbox
0x00007ff80f0e7000 	/System/Library/PrivateFrameworks/BaseBoard.framework/Versions/A/BaseBoard
0x00007ff80ee71000 	/System/Library/PrivateFrameworks/ProtocolBuffer.framework/Versions/A/ProtocolBuffer
0x00007ff8159db000 	/System/Library/PrivateFrameworks/GPUWrangler.framework/Versions/A/GPUWrangler
0x00007ff8159bf000 	/System/Library/PrivateFrameworks/IOPresentment.framework/Versions/A/IOPresentment
0x00007ff8159e5000 	/System/Library/PrivateFrameworks/DSExternalDisplay.framework/Versions/A/DSExternalDisplay
0x00007ffa20f6c000 	/System/Library/Frameworks/OpenGL.framework/Versions/A/Libraries/libCoreFSCache.dylib
0x00007ffb0de0a000 	/System/Library/PrivateFrameworks/GPUCompiler.framework/Versions/31001/Libraries/libGPUCompilerUtils.dylib
0x00007ff815a4f000 	/System/Library/PrivateFrameworks/CMCaptureCore.framework/Versions/A/CMCaptureCore
0x00007ff814f60000 	/System/Library/PrivateFrameworks/AppServerSupport.framework/Versions/A/AppServerSupport
0x00007ff81721b000 	/System/Library/PrivateFrameworks/perfdata.framework/Versions/A/perfdata
0x00007ff809ebf000 	/System/Library/PrivateFrameworks/AudioToolboxCore.framework/Versions/A/AudioToolboxCore
0x00007ff811a24000 	/System/Library/PrivateFrameworks/caulk.framework/Versions/A/caulk
0x00007ff816b2d000 	/usr/lib/libAudioStatistics.dylib
0x00007ff90e31a000 	/System/Library/PrivateFrameworks/SystemPolicy.framework/Versions/A/SystemPolicy
0x00007ff816d88000 	/usr/lib/libSMC.dylib
0x00007ff81fc95000 	/System/Library/Frameworks/CoreMIDI.framework/Versions/A/CoreMIDI
0x00007ff81590c000 	/usr/lib/libAudioToolboxUtility.dylib
0x00007ff90a5bd000 	/System/Library/PrivateFrameworks/OSAServicesClient.framework/Versions/A/OSAServicesClient
0x00007ff817228000 	/usr/lib/libperfcheck.dylib
0x00007ff90edc4000 	/usr/lib/libmis.dylib
0x00007ffa20fc7000 	/System/Library/Frameworks/OpenGL.framework/Versions/A/Libraries/libGLU.dylib
0x00007ffa20f8b000 	/System/Library/Frameworks/OpenGL.framework/Versions/A/Libraries/libGFXShared.dylib
0x00007ffa21194000 	/System/Library/Frameworks/OpenGL.framework/Versions/A/Libraries/libGL.dylib
0x00007ffa20f94000 	/System/Library/Frameworks/OpenGL.framework/Versions/A/Libraries/libGLImage.dylib
0x00007ffa20f88000 	/System/Library/Frameworks/OpenGL.framework/Versions/A/Libraries/libCVMSPluginSupport.dylib
0x00007ffa20f73000 	/System/Library/Frameworks/OpenGL.framework/Versions/A/Libraries/libCoreVMClient.dylib
0x00007ff812590000 	/System/Library/Frameworks/MetalPerformanceShaders.framework/Versions/A/Frameworks/MPSCore.framework/Versions/A/MPSCore
0x00007ff8138de000 	/System/Library/Frameworks/MetalPerformanceShaders.framework/Versions/A/Frameworks/MPSImage.framework/Versions/A/MPSImage
0x00007ff813381000 	/System/Library/Frameworks/MetalPerformanceShaders.framework/Versions/A/Frameworks/MPSNeuralNetwork.framework/Versions/A/MPSNeuralNetwork
0x00007ff8137f5000 	/System/Library/Frameworks/MetalPerformanceShaders.framework/Versions/A/Frameworks/MPSMatrix.framework/Versions/A/MPSMatrix
0x00007ff8135b0000 	/System/Library/Frameworks/MetalPerformanceShaders.framework/Versions/A/Frameworks/MPSRayIntersector.framework/Versions/A/MPSRayIntersector
0x00007ff81382d000 	/System/Library/Frameworks/MetalPerformanceShaders.framework/Versions/A/Frameworks/MPSNDArray.framework/Versions/A/MPSNDArray
0x00007ffa25ef4000 	/System/Library/Frameworks/MetalPerformanceShaders.framework/Versions/A/Frameworks/MPSFunctions.framework/Versions/A/MPSFunctions
0x00007ff809298000 	/System/Library/PrivateFrameworks/MetalTools.framework/Versions/A/MetalTools
0x00007ff81260c000 	/System/Library/PrivateFrameworks/AggregateDictionary.framework/Versions/A/AggregateDictionary
0x00007ff81479a000 	/usr/lib/libIOReport.dylib
0x00007ffa225a3000 	/System/Library/Frameworks/OpenCL.framework/Versions/A/OpenCL
0x00007ff814afe000 	/System/Library/PrivateFrameworks/FaceCore.framework/Versions/A/FaceCore
0x00007ff814aef000 	/System/Library/PrivateFrameworks/GraphVisualizer.framework/Versions/A/GraphVisualizer
0x00007ffb0dd15000 	/System/Library/PrivateFrameworks/FontServices.framework/Versions/A/FontServices
0x00007ff814f18000 	/System/Library/PrivateFrameworks/OTSVG.framework/Versions/A/OTSVG
0x00007ff8103cb000 	/System/Library/Frameworks/ApplicationServices.framework/Versions/A/Frameworks/ATS.framework/Versions/A/Resources/libFontRegistry.dylib
0x00007ff814f68000 	/System/Library/PrivateFrameworks/FontServices.framework/libhvf.dylib
0x00007ffb0dd16000 	/System/Library/PrivateFrameworks/FontServices.framework/libXTFontStaticRegistryData.dylib
0x00007ff814968000 	/System/Library/PrivateFrameworks/AppleVA.framework/Versions/A/AppleVA
0x00007ff816b4d000 	/System/Library/Frameworks/ApplicationServices.framework/Versions/A/Frameworks/ATS.framework/Versions/A/ATS
0x00007ff80e5a4000 	/System/Library/Frameworks/ApplicationServices.framework/Versions/A/Frameworks/HIServices.framework/Versions/A/HIServices
0x00007ff815a59000 	/System/Library/Frameworks/ApplicationServices.framework/Versions/A/Frameworks/PrintCore.framework/Versions/A/PrintCore
0x00007ff816edb000 	/System/Library/Frameworks/ApplicationServices.framework/Versions/A/Frameworks/QD.framework/Versions/A/QD
0x00007ff816ed3000 	/System/Library/Frameworks/ApplicationServices.framework/Versions/A/Frameworks/ColorSyncLegacy.framework/Versions/A/ColorSyncLegacy
0x00007ff816b3d000 	/System/Library/Frameworks/ApplicationServices.framework/Versions/A/Frameworks/SpeechSynthesis.framework/Versions/A/SpeechSynthesis
0x00007ff815a1a000 	/System/Library/Frameworks/ApplicationServices.framework/Versions/A/Frameworks/ATSUI.framework/Versions/A/ATSUI
0x00007ff816e68000 	/usr/lib/libcups.2.dylib
0x00007ff817237000 	/System/Library/Frameworks/Kerberos.framework/Versions/A/Kerberos
0x00007ff817246000 	/System/Library/Frameworks/GSS.framework/Versions/A/GSS
0x00007ff816bb9000 	/usr/lib/libresolv.9.dylib
0x00007ff814f77000 	/System/Library/PrivateFrameworks/Heimdal.framework/Versions/A/Heimdal
0x00007ff81de13000 	/System/Library/Frameworks/Kerberos.framework/Versions/A/Libraries/libHeimdalProxy.dylib
0x00007ff80f270000 	/System/Library/Frameworks/Network.framework/Versions/A/Network
0x00007ff8149d2000 	/usr/lib/libheimdal-asn1.dylib
0x00007ff817291000 	/System/Library/PrivateFrameworks/CommonAuth.framework/Versions/A/CommonAuth
0x00007ff816abf000 	/System/Library/PrivateFrameworks/AudioSession.framework/Versions/A/AudioSession
0x00007ff814a62000 	/System/Library/PrivateFrameworks/MediaExperience.framework/Versions/A/MediaExperience
0x00007ff816952000 	/System/Library/PrivateFrameworks/AudioSession.framework/libSessionUtility.dylib
0x00007ff816ee7000 	/System/Library/PrivateFrameworks/AudioResourceArbitration.framework/Versions/A/AudioResourceArbitration
0x00007ff81af5a000 	/System/Library/PrivateFrameworks/PowerLog.framework/Versions/A/PowerLog
0x00007ff8149db000 	/System/Library/PrivateFrameworks/IconFoundation.framework/Versions/A/IconFoundation
0x00007ff819d10000 	/System/Library/PrivateFrameworks/SpeechRecognitionCore.framework/Versions/A/SpeechRecognitionCore
0x000000010a271000 	/Library/Java/JavaVirtualMachines/jdk-17.jdk/Contents/Home/lib/server/libjvm.dylib
0x000000010928f000 	/Library/Java/JavaVirtualMachines/jdk-17.jdk/Contents/Home/lib/libjimage.dylib
0x000000010931c000 	/Library/Java/JavaVirtualMachines/jdk-17.jdk/Contents/Home/lib/libjava.dylib
0x000000012924b000 	/Library/Java/JavaVirtualMachines/jdk-17.jdk/Contents/Home/lib/libnio.dylib
0x00000001292a2000 	/Library/Java/JavaVirtualMachines/jdk-17.jdk/Contents/Home/lib/libnet.dylib
0x00000001292e7000 	/Library/Java/JavaVirtualMachines/jdk-17.jdk/Contents/Home/lib/libzip.dylib
0x000000012b97e000 	/private/var/folders/_1/cs912w6x5j7glgjdsmn5ht7m0000gn/T/libgdxharshvardhan/21f66466/libgdx64.dylib
0x000000012ba4a000 	/private/var/folders/_1/cs912w6x5j7glgjdsmn5ht7m0000gn/T/lwjglharshvardhan/3.3.1-build-7/liblwjgl.dylib
0x000000012bb42000 	/private/var/folders/_1/cs912w6x5j7glgjdsmn5ht7m0000gn/T/lwjglharshvardhan/3.3.1-build-7/libjemalloc.dylib
0x000000012be38000 	/private/var/folders/_1/cs912w6x5j7glgjdsmn5ht7m0000gn/T/lwjglharshvardhan/3.3.1-build-7/libglfw.dylib
0x00007ff80b34f000 	/System/Library/PrivateFrameworks/CoreServicesInternal.framework/Versions/A/CoreServicesInternal
0x00007ff81b54b000 	/System/Library/Frameworks/FileProvider.framework/Versions/A/FileProvider
0x00007ff80f054000 	/System/Library/Frameworks/Accounts.framework/Versions/A/Accounts
0x00007ff81b6c4000 	/System/Library/PrivateFrameworks/GenerationalStorage.framework/Versions/A/GenerationalStorage
0x00007ff81c1d7000 	/System/Library/PrivateFrameworks/CoreSymbolication.framework/Versions/A/CoreSymbolication
0x00007ff81af4f000 	/System/Library/PrivateFrameworks/SymptomDiagnosticReporter.framework/Versions/A/SymptomDiagnosticReporter
0x00007ff80c60d000 	/System/Library/PrivateFrameworks/DesktopServicesPriv.framework/Versions/A/DesktopServicesPriv
0x00007ff80b48e000 	/usr/lib/libsandbox.1.dylib
0x00007ff810863000 	/System/Library/PrivateFrameworks/UserManagement.framework/Versions/A/UserManagement
0x00007ff81c19c000 	/System/Library/PrivateFrameworks/DebugSymbols.framework/Versions/A/DebugSymbols
0x00007ff816ec8000 	/System/Library/PrivateFrameworks/NetAuth.framework/Versions/A/NetAuth
0x00007ff817dd5000 	/System/Library/PrivateFrameworks/Sharing.framework/Versions/A/Sharing
0x00007ff810836000 	/System/Library/PrivateFrameworks/login.framework/Versions/A/Frameworks/loginsupport.framework/Versions/A/loginsupport
0x00007ff81d33a000 	/System/Library/PrivateFrameworks/Apple80211.framework/Versions/A/Apple80211
0x00007ff8139c3000 	/System/Library/PrivateFrameworks/AuthKit.framework/Versions/A/AuthKit
0x00007ff81300e000 	/System/Library/PrivateFrameworks/CoreUtils.framework/Versions/A/CoreUtils
0x00007ff812f35000 	/System/Library/Frameworks/CoreWLAN.framework/Versions/A/CoreWLAN
0x00007ff817f34000 	/System/Library/Frameworks/IOBluetooth.framework/Versions/A/IOBluetooth
0x00007ff81d3a2000 	/System/Library/PrivateFrameworks/CoreWiFi.framework/Versions/A/CoreWiFi
0x00007ff81bd6e000 	/System/Library/PrivateFrameworks/FrontBoardServices.framework/Versions/A/FrontBoardServices
0x00007ff81bdff000 	/System/Library/PrivateFrameworks/BoardServices.framework/Versions/A/BoardServices
0x00007ff813224000 	/System/Library/PrivateFrameworks/AssertionServices.framework/Versions/A/AssertionServices
0x00007ff81d525000 	/System/Library/PrivateFrameworks/BackBoardServices.framework/Versions/A/BackBoardServices
0x00007ff817322000 	/System/Library/PrivateFrameworks/CorePhoneNumbers.framework/Versions/A/CorePhoneNumbers
0x00007ff81b06c000 	/System/Library/PrivateFrameworks/DiskManagement.framework/Versions/A/DiskManagement
0x00007ff81af80000 	/System/Library/PrivateFrameworks/AppleIDAuthSupport.framework/Versions/A/AppleIDAuthSupport
0x00007ffa284b5000 	/System/Library/PrivateFrameworks/AAAFoundation.framework/Versions/A/AAAFoundation
0x00007ff817303000 	/System/Library/PrivateFrameworks/KeychainCircle.framework/Versions/A/KeychainCircle
0x00007ff81b038000 	/System/Library/PrivateFrameworks/MediaKit.framework/Versions/A/MediaKit
0x00007ff81af8c000 	/System/Library/Frameworks/DiscRecording.framework/Versions/A/DiscRecording
0x00007ff8148e0000 	/usr/lib/libCoreStorage.dylib
0x00007ff81d813000 	/usr/lib/libcsfde.dylib
0x00007ff818001000 	/System/Library/PrivateFrameworks/ProtectedCloudStorage.framework/Versions/A/ProtectedCloudStorage
0x00007ff81d80f000 	/System/Library/PrivateFrameworks/EFILogin.framework/Versions/A/EFILogin
0x00007ff81b6ea000 	/System/Library/PrivateFrameworks/OctagonTrust.framework/Versions/A/OctagonTrust
0x00007ffb0cf84000 	/System/Library/PrivateFrameworks/CoreUtilsExtras.framework/Versions/A/CoreUtilsExtras
0x00007ff81aeb3000 	/System/Library/Frameworks/CoreBluetooth.framework/Versions/A/CoreBluetooth
0x00007ff81de98000 	/System/Library/Frameworks/AudioUnit.framework/Versions/A/AudioUnit
0x00007ff8148d8000 	/usr/lib/libMatch.1.dylib
0x00007ff81055b000 	/System/Library/PrivateFrameworks/ViewBridge.framework/Versions/A/ViewBridge
0x000000012dd13000 	/private/var/folders/_1/cs912w6x5j7glgjdsmn5ht7m0000gn/T/lwjglharshvardhan/3.3.1-build-7/libopenal.dylib
0x000000012e227000 	/System/Library/Components/CoreAudio.component/Contents/MacOS/CoreAudio
0x000000012df40000 	/usr/lib/libobjc-trampolines.dylib
0x00007ff91339d000 	/System/Library/Frameworks/Accelerate.framework/Versions/A/Frameworks/vImage.framework/Versions/A/Libraries/libCGInterfaces.dylib
0x00007ff81502e000 	/System/Library/PrivateFrameworks/login.framework/Versions/A/login
0x00007ffa2119f000 	/System/Library/Frameworks/OpenGL.framework/Versions/A/Resources/GLEngine.bundle/GLEngine
0x00007ffa21005000 	/System/Library/Frameworks/OpenGL.framework/Versions/A/Libraries/libGLProgrammability.dylib
0x000000012f26e000 	/System/Library/Extensions/AppleMetalOpenGLRenderer.bundle/Contents/MacOS/AppleMetalOpenGLRenderer
0x00007ffa21329000 	/System/Library/Frameworks/OpenGL.framework/Versions/A/Resources/GLRendererFloat.bundle/GLRendererFloat
0x00007ffa23141000 	/System/Library/Extensions/AGXMetal13_3.bundle/Contents/MacOS/AGXMetal13_3
0x00007ff90eddf000 	/System/Library/PrivateFrameworks/GPURawCounter.framework/Versions/A/GPURawCounter
0x00007ff909765000 	/System/Library/PrivateFrameworks/IOGPU.framework/Versions/A/IOGPU
0x0000000131e94000 	/private/var/folders/_1/cs912w6x5j7glgjdsmn5ht7m0000gn/T/lwjglharshvardhan/3.3.1-build-7/liblwjgl_opengl.dylib
0x00007ffb08da1000 	/System/Library/PrivateFrameworks/AccessibilityBundles.framework/Versions/A/AccessibilityBundles
0x00007ffb20770000 	/usr/lib/libRosetta.dylib


VM Arguments:
jvm_args: -Dfile.encoding=UTF-8 -Duser.country=IN -Duser.language=en -Duser.variant 
java_command: com.mygdx.tankstars.DesktopLauncher
java_class_path (initial): /Users/harshvardhan/Desktop/harshvardhan/College_assgn,projects,books/sem3/Advanced Programming/TankStars/desktop/build/classes/java/main:/Users/harshvardhan/Desktop/harshvardhan/College_assgn,projects,books/sem3/Advanced Programming/TankStars/desktop/build/resources/main:/Users/harshvardhan/.gradle/caches/modules-2/files-2.1/com.badlogicgames.gdx/gdx-backend-lwjgl3/1.11.0/58a96db4cd349be4292d547856aa1e1c5f065f4e/gdx-backend-lwjgl3-1.11.0.jar:/Users/harshvardhan/.gradle/caches/modules-2/files-2.1/com.badlogicgames.gdx/gdx-platform/1.11.0/697fb13eada6d3c6ca648c9788692b0159add126/gdx-platform-1.11.0-natives-desktop.jar:/Users/harshvardhan/.gradle/caches/modules-2/files-2.1/com.badlogicgames.gdx/gdx-bullet-platform/1.11.0/2c067b913a306ba26d482075297538ad91cdb88b/gdx-bullet-platform-1.11.0-natives-desktop.jar:/Users/harshvardhan/.gradle/caches/modules-2/files-2.1/com.badlogicgames.gdx/gdx-freetype-platform/1.11.0/420e2c2c206843a0d51010be28a141a1eb946235/gdx-freetype-platform-1.11.0-natives-desktop.jar:/Users/harshvardhan/.gradle/caches/modules-2/files-2.1/com.badlogicgames.gdx-controllers/gdx-controllers-desktop/2.2.1/cb3430c32468a090eca54d494d16bb3764ceff9b/gdx-controllers-desktop-2.2.1.jar:/Users/harshvardhan/.gradle/caches/modules-2/files-2.1/com.badlogicgames.gdx/gdx-box2d-platform/1.11.0/62ff9baa1e57a11e0a4428a38c9660bf9f312fdc/gdx-box2d-platform-1.11.0-natives-desktop.jar:/Users/harshvardhan/Desktop/harshvardhan/College_assgn,projects,books/sem3/Advanced Programming/TankStars/core/build/libs/core-1.0.jar:/Users/harshvardhan/.gradle/caches/modules-2/files-2.1/com.badlogicgames.gdx-controllers/gdx-controllers-core/2.2.1/8aca0dc002a8daf6a6d28f49c44e25189dd93fd7/gdx-controllers-core-2.2.1.jar:/Users/harshvardhan/.gradle/caches/modules-2/files-2.1/com.badlogicgames.gdx/gdx-bullet/1.11.0/1eb83845fa655e7e8ab6bbb979d28b0502ad3302/gdx-bullet-1.11.0.jar:/Users/harshvardhan/.gradle/caches/modules-2/files-2.1/com.badlogicgames.gdx/gdx-freetype/1.1
Launcher Type: SUN_STANDARD

[Global flags]
     intx CICompilerCount                          = 4                                         {product} {ergonomic}
     uint ConcGCThreads                            = 2                                         {product} {ergonomic}
     uint G1ConcRefinementThreads                  = 8                                         {product} {ergonomic}
   size_t G1HeapRegionSize                         = 1048576                                   {product} {ergonomic}
    uintx GCDrainStackTargetSize                   = 64                                        {product} {ergonomic}
   size_t InitialHeapSize                          = 134217728                                 {product} {ergonomic}
   size_t MarkStackSize                            = 4194304                                   {product} {ergonomic}
   size_t MaxHeapSize                              = 2147483648                                {product} {ergonomic}
   size_t MaxNewSize                               = 1287651328                                {product} {ergonomic}
   size_t MinHeapDeltaBytes                        = 1048576                                   {product} {ergonomic}
   size_t MinHeapSize                              = 8388608                                   {product} {ergonomic}
    uintx NonNMethodCodeHeapSize                   = 5839372                                {pd product} {ergonomic}
    uintx NonProfiledCodeHeapSize                  = 122909434                              {pd product} {ergonomic}
    uintx ProfiledCodeHeapSize                     = 122909434                              {pd product} {ergonomic}
    uintx ReservedCodeCacheSize                    = 251658240                              {pd product} {ergonomic}
     bool SegmentedCodeCache                       = true                                      {product} {ergonomic}
   size_t SoftMaxHeapSize                          = 2147483648                             {manageable} {ergonomic}
     bool UseCompressedClassPointers               = true                           {product lp64_product} {ergonomic}
     bool UseCompressedOops                        = true                           {product lp64_product} {ergonomic}
     bool UseG1GC                                  = true                                      {product} {ergonomic}
     bool UseNUMA                                  = false                                     {product} {ergonomic}
     bool UseNUMAInterleaving                      = false                                     {product} {ergonomic}

Logging:
Log output configuration:
 #0: stdout all=warning uptime,level,tags
 #1: stderr all=off uptime,level,tags

Environment Variables:
JAVA_HOME=/Library/Java/JavaVirtualMachines/jdk-17.jdk/Contents/Home
PATH=/Library/Frameworks/Python.framework/Versions/3.10/bin:/usr/local/bin:/usr/bin:/bin:/usr/sbin:/sbin
SHELL=/bin/zsh
LC_CTYPE=en_IN.UTF-8

Signal Handlers:
   SIGSEGV: _ZL13crash_handleriP9__siginfoPv in libjvm.dylib, mask=11100110100111111111111111111111, flags=SA_RESTART|SA_SIGINFO
    SIGBUS: _ZL13crash_handleriP9__siginfoPv in libjvm.dylib, mask=11100110100111111111111111111111, flags=SA_RESTART|SA_SIGINFO
    SIGFPE: _ZL13crash_handleriP9__siginfoPv in libjvm.dylib, mask=11100110100111111111111111111111, flags=SA_RESTART|SA_SIGINFO
   SIGPIPE: _ZL17javaSignalHandleriP9__siginfoPv in libjvm.dylib, mask=11100110100111111111111111111111, flags=SA_RESTART|SA_SIGINFO
   SIGXFSZ: _ZL17javaSignalHandleriP9__siginfoPv in libjvm.dylib, mask=11100110100111111111111111111111, flags=SA_RESTART|SA_SIGINFO
    SIGILL: _ZL13crash_handleriP9__siginfoPv in libjvm.dylib, mask=11100110100111111111111111111111, flags=SA_RESTART|SA_SIGINFO
   SIGUSR2: _ZL10SR_handleriP9__siginfoP17__darwin_ucontext in libjvm.dylib, mask=00100000000000000000000000000000, flags=SA_RESTART|SA_SIGINFO
    SIGHUP: _ZL11UserHandleriPvS_ in libjvm.dylib, mask=11100110100111111111111111111111, flags=SA_RESTART|SA_SIGINFO
    SIGINT: _ZL11UserHandleriPvS_ in libjvm.dylib, mask=11100110100111111111111111111111, flags=SA_RESTART|SA_SIGINFO
   SIGTERM: _ZL11UserHandleriPvS_ in libjvm.dylib, mask=11100110100111111111111111111111, flags=SA_RESTART|SA_SIGINFO
   SIGQUIT: _ZL11UserHandleriPvS_ in libjvm.dylib, mask=11100110100111111111111111111111, flags=SA_RESTART|SA_SIGINFO
   SIGTRAP: _ZL13crash_handleriP9__siginfoPv in libjvm.dylib, mask=11100110100111111111111111111111, flags=SA_RESTART|SA_SIGINFO


---------------  S Y S T E M  ---------------

OS:
uname: Darwin 21.4.0 Darwin Kernel Version 21.4.0: Mon Feb 21 20:36:53 PST 2022; root:xnu-8020.101.4~2/RELEASE_ARM64_T8101 x86_64
OS uptime: 0 days 5:45 hours
rlimit (soft/hard): STACK 8176k/65520k , CORE 0k/infinity , NPROC 1333/2000 , NOFILE 10240/infinity , AS infinity/infinity , CPU infinity/infinity , DATA infinity/infinity , FSIZE infinity/infinity , MEMLOCK infinity/infinity , RSS infinity/infinity
load average: 3.82 2.54 2.40

CPU: (EMULATED) total 8 (initial active 8) (1 cores per cpu, 1 threads per core) family 6 model 44 stepping 0 microcode 0x0, cx8, cmov, fxsr, mmx, sse, sse2, sse3, ssse3, sse4.1, sse4.2, popcnt, tsc, tscinvbit, aes, clmul, clflush

Memory: 4k page, physical 8388608k(18292k free), swap 1048576k(1028352k free)

vm_info: Java HotSpot(TM) 64-Bit Server VM (17+35-LTS-2724) for bsd-amd64 JRE (17+35-LTS-2724), built on Aug  5 2021 22:37:01 by "mach5one" with clang Apple LLVM 12.0.0 (clang-1200.0.32.29)

END.
